
 ==============================
 S N O P T  7.7.1    (Nov 2018)
 ==============================
 
 SNMEMB EXIT 100 -- finished successfully
 SNMEMB INFO 104 -- memory requirements estimated

 ==============================
 S N O P T  7.7.1    (Nov 2018)
 ==============================
 
 

 Nonlinear constraints       1     Linear constraints       0
 Nonlinear variables        60     Linear variables         0
 Jacobian  variables        60     Objective variables     60
 Total constraints           1     Total variables         60
 

 
 The user has defined      60   out of      60   constraint gradients.
 The user has defined      60   out of      60   objective  gradients.
 

 Major Minors     Step   nCon Feasible  Optimal  MeritFunction     nS Penalty
     0     60               1 (0.0E+00) 4.7E-01  5.1409654E+03     60           r
     1      1  1.0E+00      2 (0.0E+00) 5.6E-01  5.1156545E+03     60           r
     2     11  3.3E-01      3 (0.0E+00) 6.9E-01  5.0481024E+03     50         s  l
     3      7  6.4E-01      4 (0.0E+00) 3.8E-01  4.6335942E+03     56            l
     4      3  7.1E-12     14 (0.0E+00) 3.8E-01  4.6335942E+03     58
     5      2  4.3E-12     24 (0.0E+00) 3.8E-01  4.6335942E+03     57
     6      1  4.6E-12     34 (0.0E+00) 3.8E-01  4.6335942E+03     57
     7      1  4.3E-12     44 (0.0E+00) 3.8E-01  4.6335942E+03     57
     8      2  4.2E-12     54 (0.0E+00) 3.8E-01  4.6335942E+03     56
     9      1  4.1E-12     64 (0.0E+00) 3.8E-01  4.6335942E+03     56

 Major Minors     Step   nCon Feasible  Optimal  MeritFunction     nS Penalty
    10      1  3.3E-11     74 (0.0E+00) 3.8E-01  4.6335942E+03     56
    11      1  3.6E-11     84 (0.0E+00) 3.8E-01  4.6335942E+03     56
    12      1  7.9E-11     94 (0.0E+00) 3.8E-01  4.6335942E+03     56
    13      1  1.9E-10    104 (0.0E+00) 3.8E-01  4.6335942E+03     56
    14      3  1.2E-01    107 (0.0E+00) 3.9E-01  4.6331773E+03     58
    15      2  1.0E+00    108 (0.0E+00) 2.3E-01  4.5144187E+03     57
    16      3  1.0E+00    116 (0.0E+00) 4.1E-01  3.0616216E+03     59
    17      3  2.1E-12    126 (0.0E+00) 4.1E-01  3.0616216E+03     57
    18      4  1.0E+00    127 (0.0E+00) 4.8E-01  3.0341711E+03     60
    18      1             134 (0.0E+00) 4.8E-01  3.0341711E+03     60           R
    19      1  2.7E-12    144 (0.0E+00) 4.8E-01  3.0341711E+03     60         s

 Major Minors     Step   nCon Feasible  Optimal  MeritFunction     nS Penalty
    20      1  1.0E+00    145 (0.0E+00) 3.8E-01  3.0056876E+03     60
    21      1  1.0E+00    146 (0.0E+00) 3.1E-01  2.8645910E+03     60
    22      1  1.0E+00    147 (0.0E+00) 2.9E-01  2.5406162E+03     60
    23      1  1.0E+00    148 (0.0E+00) 3.9E-01  2.0700354E+03     60
    24      2  1.0E+00    149 (0.0E+00) 3.2E-01  1.5096309E+03     59
    25      2  3.3E-02    159 (0.0E+00) 3.2E-01  1.5070416E+03     58
    26      1  2.4E-03    169 (0.0E+00) 3.2E-01  1.5060266E+03     58
    27      1  2.7E-03    179 (0.0E+00) 3.2E-01  1.5049385E+03     58
    28      1  3.2E-03    189 (0.0E+00) 3.2E-01  1.5037609E+03     58
    29      1  2.6E-02    199 (0.0E+00) 3.2E-01  1.5005160E+03     58

 Major Minors     Step   nCon Feasible  Optimal  MeritFunction     nS Penalty
    30      1  7.0E-12    209 (0.0E+00) 3.2E-01  1.5005160E+03     58
    31      1  6.1E-12    219 (0.0E+00) 3.2E-01  1.5005160E+03     58
    32      1  5.1E-12    229 (0.0E+00) 3.2E-01  1.5005160E+03     58
    33      1  3.2E-12    238 (0.0E+00) 3.2E-01  1.5005160E+03     58
    34      1  5.6E-12    248 (0.0E+00) 3.2E-01  1.5005160E+03     58
    35      1  3.8E-12    257 (0.0E+00) 3.2E-01  1.5005160E+03     58
