
         ==============================
         S N O P T  7.7.1    (Nov 2018)
         ==============================
      Print file 18
      Summary file 19
      Minor print level               0
      Minimize
      Derivative level               3
      Iterations limit        10000000
      Minor iterations limit           10000
      Proximal iterations limit           10000
      Total character workspace             500
      Total integer workspace           39800
      Total real workspace           79100
1
 
 SNMEMB EXIT 100 -- finished successfully
 SNMEMB INFO 104 -- memory requirements estimated

         ==============================
         S N O P T  7.7.1    (Nov 2018)
         ==============================
      Print file 18
      Summary file 19
      Minor print level               0
      Minimize
      Derivative level               3
      Iterations limit        10000000
      Minor iterations limit           10000
      Proximal iterations limit           10000
      Total character workspace             500
      Total integer workspace           49529
      Total real workspace          123623
1
 
 Parameters
 ==========

 Files
 -----
 Solution file..........         0       Old basis file ........         0       Standard input.........         5
 Insert file............         0       New basis file ........         0       (Printer)..............        18
 Punch file.............         0       Backup basis file......         0       (Specs file)...........         0
 Load file..............         0       Dump file..............         0       Standard output........         6

 Frequencies
 -----------
 Print frequency........       100       Check frequency........        60       Save new basis map.....       100
 Summary frequency......       100       Factorization frequency        50       Expand frequency.......     10000

 QP subproblems
 --------------
 QPsolver Cholesky......
 Scale tolerance........     0.900       Minor feasibility tol..  1.00E-06       Iteration limit........  10000000
 Scale option...........         0       Minor optimality  tol..  1.00E-06       Minor print level......         0
 Crash tolerance........     0.100       Pivot tolerance........  3.25E-11       New superbasics........        99
 Crash option...........         3       Elastic weight.........  1.00E+05

 Partial pricing
 ---------------
 LP Partial price.......         1       Prtl price section ( A)       392       Prtl price section (-I)         1
 QP Partial price.......         1       Prtl price section ( A)       392       Prtl price section (-I)         1

 The SQP Method
 --------------
 Minimize...............                 Cold start.............                 Proximal Point method..     10000
 Nonlinear objectiv vars       392       Major optimality tol...  2.00E-06       Function precision.....  3.00E-13
 Unbounded step size....  1.00E+20       Superbasics limit......       392       Difference interval....  5.48E-07
 Unbounded objective....  1.00E+10       Reduced Hessian dim....       392       Central difference int.  6.70E-05
 Major step limit.......  2.00E+00       Derivative linesearch..                 Derivative level.......         3
 Major iterations limit.      1176       Linesearch tolerance...   0.90000       Verify level...........         0
 Minor iterations limit.     10000       Penalty parameter......  0.00E+00       Major Print Level......         1
 Time limit (secs)...... 9999999.0

 Hessian Approximation
 ---------------------
 Hessian limited-memory.                 Hessian updates........        10       Hessian frequency......  99999999
                                                                                 Hessian flush..........  99999999

 Nonlinear constraints
 ---------------------
 Nonlinear constraints..         1       Major feasibility tol..  1.00E-06       Violation limit........  1.00E+01
 Nonlinear Jacobian vars       392

 Miscellaneous
 -------------
 LU factor tolerance....      3.99       LU singularity tol.....  3.25E-11       Timing level...........         3
 LU update tolerance....      3.99       LU swap tolerance......  1.22E-04       Debug level............         0
 LU partial  pivoting...                 eps (machine precision)  2.22E-16       System information.....        No
                                                                                 Sticky parameters......        No
1
 

 

 Matrix statistics
 -----------------
               Total      Normal        Free       Fixed     Bounded
 Rows              1           0           1           0           0
 Columns         392           0           0           0         392

 No. of matrix elements                  392     Density     100.000
 Biggest  constant element        0.0000E+00  (excluding fixed columns,
 Smallest constant element        0.0000E+00   free rows, and RHS)

 No. of objective coefficients             0

 Nonlinear constraints       1     Linear constraints       0
 Nonlinear variables       392     Linear variables         0
 Jacobian  variables       392     Objective variables    392
 Total constraints           1     Total variables        392
1
 

 
 The user has defined     392   out of     392   constraint gradients.
 The user has defined     392   out of     392   objective  gradients.

 Cheap test of user-supplied problem derivatives...

 The constraint gradients seem to be OK.

 -->  The largest discrepancy was    0.00E+00  in constraint   393
 

 The objective  gradients seem to be OK.

 Gradient projected in one direction  -1.53433340165E+02
 Difference approximation             -1.53423671870E+02
1
 
 

   Itns Major Minors    Step   nCon Feasible  Optimal  MeritFunction     L+U BSwap     nS condZHZ Penalty
    193     0    193              1 (0.0E+00) 1.7E-01  4.5939077E+03       1           99 1.0E+00         _  r  T
    297     1    104 2.0E-03      4 (0.0E+00) 1.7E-01  2.5315529E+03       1          200 1.0E+00         _  r  T
    398     2    101 4.5E-03      9 (0.0E+00) 1.7E-01  2.4343180E+03       1          299 1.5E+00         _s    T
    481     3     83 1.4E-01     11 (0.0E+00) 3.1E-01  2.0724535E+03       1          380 1.3E+00         _
    483     4      2 1.0E+00     12 (0.0E+00) 3.6E-01  1.8695832E+03       1          380 1.4E+00         _
    485     5      2 8.3E-02     14 (0.0E+00) 2.4E-01  1.8524061E+03       1          380 1.4E+00         _
    487     6      2 1.0E+00     15 (0.0E+00) 2.6E-01  1.7647732E+03       1          380 1.6E+00         _
    490     7      3 1.0E+00     16 (0.0E+00) 5.2E-01  1.6325344E+03       1          379 2.4E+00         _
    493     8      3 1.5E-01     18 (0.0E+00) 2.8E-01  1.4319430E+03       1          380 1.7E+00         _
    495     9      2 1.0E+00     19 (0.0E+00) 3.7E-01  1.3219014E+03       1          380 1.7E+00         _
    497    10      2 1.3E-01     21 (0.0E+00) 3.8E-01  1.3144100E+03       1          380 1.8E+00         _
    499    11      2 1.0E+00     22 (0.0E+00) 3.0E-01  1.2846254E+03       1          380 1.9E+00         _
    500    12      1 1.0E+00     23 (0.0E+00) 2.7E-01  1.2768228E+03       1          380 1.8E+00         _  R
    501    13      1 1.5E-01     25 (0.0E+00) 2.7E-01  1.2764039E+03       1          380 1.8E+00         _s
    504    14      3 1.0E+00     26 (0.0E+00) 2.7E-01  1.2760592E+03       1          379 2.0E+00         _
    507    15      3 1.0E+00     27 (0.0E+00) 1.9E-01  1.2668728E+03       1          378 2.0E+00         _
    511    16      4 1.0E+00     28 (0.0E+00) 2.1E-01  1.2647823E+03       1          379 2.3E+00         _
    514    17      3 1.0E+00     29 (0.0E+00) 2.2E-01  1.2629568E+03       1          378 2.3E+00         _
    518    18      4 1.0E+00     30 (0.0E+00) 2.2E-01  1.2583997E+03       1          378 2.3E+00         _
    521    19      3 1.0E+00     31 (0.0E+00) 2.1E-01  1.2394588E+03       1          379 2.8E+00         _

   Itns Major Minors    Step   nCon Feasible  Optimal  MeritFunction     L+U BSwap     nS condZHZ Penalty
    524    20      3 1.0E+00     32 (0.0E+00) 2.2E-01  1.2194268E+03       1          380 3.1E+00         _
    526    21      2 1.0E+00     33 (0.0E+00) 1.7E-01  1.2089727E+03       1          380 3.1E+00         _
    528    22      2 1.0E+00     34 (0.0E+00) 2.3E-01  1.2072514E+03       1          380 3.0E+00         _
    529    23      1 1.0E+00     35 (0.0E+00) 2.3E-01  1.2028340E+03       1          380 2.4E+00         _  R
    535    24      6 1.0E+00     36 (0.0E+00) 2.0E-01  1.2013943E+03       1          375 1.9E+00         _s
    537    25      2 1.0E+00     37 (0.0E+00) 1.8E-01  1.1848421E+03       1          375 1.9E+00         _
    544    26      7 2.0E-01     39 (0.0E+00) 2.2E-01  1.1787763E+03       1          380 3.5E+00         _
    549    27      5 3.7E-01     41 (0.0E+00) 2.6E-01  1.1560617E+03       1          376 2.3E+00         _
    554    28      5 1.0E+00     42 (0.0E+00) 1.9E-01  1.1533887E+03       1          377 3.3E+00         _
    557    29      3 2.4E-01     44 (0.0E+00) 2.5E-01  1.1490480E+03       1          378 3.3E+00         _
    564    30      7 4.7E-01     46 (0.0E+00) 3.0E-01  1.1484474E+03       1          377 3.3E+00         _
    569    31      5 1.0E+00     47 (0.0E+00) 2.0E-01  1.1347042E+03       1          380 4.7E+00         _
    571    32      2 1.0E+00     48 (0.0E+00) 1.8E-01  1.0934122E+03       1          380 4.8E+00         _
    573    33      2 1.0E+00     49 (0.0E+00) 2.0E-01  1.0492251E+03       1          380 4.8E+00         _
    574    34      1 1.0E+00     50 (0.0E+00) 2.0E-01  1.0326443E+03       1          380 4.8E+00         _  R
    576    35      2 1.6E-01     52 (0.0E+00) 2.8E-01  1.0313488E+03       1          380 4.8E+00         _s
    578    36      2 1.0E+00     53 (0.0E+00) 3.1E-01  1.0293111E+03       1          380 5.2E+00         _
    579    37      1 1.0E+00     54 (0.0E+00) 2.8E-01  9.9100345E+02       1          380 5.2E+00         _
    580    38      1 1.0E+00     55 (0.0E+00) 3.9E-01  9.8778842E+02       1          380 5.2E+00         _
    582    39      2 1.0E+00     56 (0.0E+00) 4.1E-01  9.8502312E+02       1          380 5.0E+00         _

   Itns Major Minors    Step   nCon Feasible  Optimal  MeritFunction     L+U BSwap     nS condZHZ Penalty
    584    40      2 1.0E+00     57 (0.0E+00) 1.7E-01  9.7411670E+02       1          380 5.0E+00         _
    585    41      1 1.0E+00     58 (0.0E+00) 2.9E-01  9.7355334E+02       1          380 5.1E+00         _
    587    42      2 1.0E+00     59 (0.0E+00) 2.5E-01  9.7314439E+02       1          380 5.1E+00         _
    589    43      2 1.0E+00     60 (0.0E+00) 2.3E-01  9.7228100E+02       1          380 8.0E+00         _
    591    44      2 1.0E+00     61 (0.0E+00) 2.2E-01  9.6902490E+02       1          380 1.3E+01         _
    592    45      1 1.0E+00     62 (0.0E+00) 2.5E-01  9.6550597E+02       1          380 5.0E+00         _  R
    593    46      1 1.0E+00     63 (0.0E+00) 2.4E-01  9.6529520E+02       1          380 5.0E+00         _s
    594    47      1 1.0E+00     64 (0.0E+00) 1.8E-01  9.6501260E+02       1          380 5.1E+00         _
    595    48      1 1.0E+00     65 (0.0E+00) 1.7E-01  9.6481702E+02       1          380 6.5E+00         _
    597    49      2 1.0E+00     66 (0.0E+00) 2.5E-01  9.6381615E+02       1          380 9.8E+00         _
    599    50      2 1.0E+00     67 (0.0E+00) 2.7E-01  9.6203888E+02       1          379 6.7E+00         _
    601    51      2 1.0E+00     68 (0.0E+00) 2.7E-01  9.5876005E+02       1          379 7.2E+00         _
    603    52      2 1.0E+00     69 (0.0E+00) 2.7E-01  9.5638072E+02       1          379 9.6E+00         _
    604    53      1 1.0E+00     70 (0.0E+00) 2.4E-01  9.5274398E+02       1          379 1.0E+01         _
    607    54      3 1.0E+00     71 (0.0E+00) 2.2E-01  9.5225667E+02       1          380 2.5E+01         _
    609    55      2 1.0E+00     72 (0.0E+00) 2.2E-01  9.5105559E+02       1          379 2.4E+01         _
    611    56      2 1.0E+00     73 (0.0E+00) 2.3E-01  9.5058254E+02       1          380 1.3E+01         _  R
    614    57      3 1.0E+00     74 (0.0E+00) 2.2E-01  9.5042762E+02       1          379 5.7E+00         _s
    616    58      2 1.4E-01     76 (0.0E+00) 3.0E-01  9.4860884E+02       1          379 5.0E+00         _
    618    59      2 1.0E+00     77 (0.0E+00) 2.3E-01  9.4641720E+02       1          379 6.5E+00         _

   Itns Major Minors    Step   nCon Feasible  Optimal  MeritFunction     L+U BSwap     nS condZHZ Penalty
    620    60      2 1.2E-01     79 (0.0E+00) 2.9E-01  9.4400913E+02       1          379 5.2E+00         _
    622    61      2 1.0E+00     80 (0.0E+00) 2.0E-01  9.4078909E+02       1          379 5.4E+00         _
    624    62      2 1.0E-01     82 (0.0E+00) 2.4E-01  9.3973070E+02       1          379 5.5E+00         _
    625    63      1 1.0E+00     83 (0.0E+00) 2.2E-01  9.3521547E+02       1          379 5.3E+00         _
    629    64      4 1.0E+00     84 (0.0E+00) 2.7E-01  9.3323518E+02       1          379 1.3E+01         _
    633    65      4 1.7E-01     86 (0.0E+00) 2.8E-01  9.3013095E+02       1          379 5.7E+00         _
    636    66      3 1.0E+00     87 (0.0E+00) 2.6E-01  9.2454112E+02       1          378 7.8E+00         _
    638    67      2 1.0E+00     88 (0.0E+00) 2.9E-01  8.8976980E+02       1          379 6.5E+00         _  R
    640    68      2 2.2E-01     90 (0.0E+00) 2.0E-01  8.8879492E+02       1          378 6.5E+00         _s
    642    69      2 1.0E+00     91 (0.0E+00) 2.2E-01  8.8551950E+02       1          378 9.5E+00         _
    645    70      3 1.0E+00     92 (0.0E+00) 3.7E-01  8.7007251E+02       1          380 1.2E+01         _
    647    71      2 1.0E+00     93 (0.0E+00) 2.6E-01  8.6960244E+02       1          379 9.7E+00         _
    649    72      2 1.0E+00     94 (0.0E+00) 3.0E-01  8.6705389E+02       1          378 9.4E+00         _
    650    73      1 1.0E+00     95 (0.0E+00) 3.2E-01  8.6568956E+02       1          378 9.5E+00         _
    651    74      1 1.0E+00     96 (0.0E+00) 3.2E-01  8.6403894E+02       1          378 9.6E+00         _
    652    75      1 1.0E+00     97 (0.0E+00) 2.2E-01  8.6352434E+02       1          378 9.9E+00         _
    653    76      1 1.0E+00     98 (0.0E+00) 2.0E-01  8.6314213E+02       1          378 9.4E+00         _
    655    77      2 1.0E+00     99 (0.0E+00) 2.6E-01  8.6252622E+02       1          377 9.8E+00         _
    657    78      2 1.0E+00    100 (0.0E+00) 3.3E-01  8.6065148E+02       1          378 1.3E+01         _  R
    659    79      2 4.2E-01    102 (0.0E+00) 1.7E-01  8.6011366E+02       1          377 6.4E+00         _s

   Itns Major Minors    Step   nCon Feasible  Optimal  MeritFunction     L+U BSwap     nS condZHZ Penalty
    663    80      4 1.0E+00    103 (0.0E+00) 1.9E-01  8.6003964E+02       1          380 1.3E+01         _
    665    81      2 1.0E+00    104 (0.0E+00) 2.0E-01  8.5872245E+02       1          379 8.1E+00         _
    667    82      2 1.0E+00    105 (0.0E+00) 2.2E-01  8.5859605E+02       1          378 1.3E+01         _
    669    83      2 1.0E+00    106 (0.0E+00) 2.5E-01  8.5697367E+02       1          378 1.6E+01         _
    672    84      3 1.0E+00    107 (0.0E+00) 2.3E-01  8.5560383E+02       1          379 1.6E+01         _
    673    85      1 1.0E+00    108 (0.0E+00) 2.2E-01  8.5443647E+02       1          379 1.4E+01         _
    674    86      1 1.0E+00    109 (0.0E+00) 2.3E-01  8.5404181E+02       1          379 1.4E+01         _
    675    87      1 1.0E+00    110 (0.0E+00) 2.4E-01  8.5381744E+02       1          379 1.6E+01         _
    677    88      2 1.0E+00    111 (0.0E+00) 2.8E-01  8.5340867E+02       1          379 1.9E+01         _
    678    89      1 1.0E+00    112 (0.0E+00) 2.7E-01  8.5235226E+02       1          379 6.8E+00         _  R
    679    90      1 1.0E+00    113 (0.0E+00) 2.0E-01  8.5202581E+02       1          379 6.9E+00         _s
    680    91      1 1.0E+00    114 (0.0E+00) 3.1E-01  8.5132318E+02       1          379 7.4E+00         _
    681    92      1 1.0E+00    115 (0.0E+00) 2.3E-01  8.5024869E+02       1          379 7.6E+00         _
    682    93      1 1.0E+00    116 (0.0E+00) 2.7E-01  8.4998619E+02       1          379 9.2E+00         _
    683    94      1 1.0E+00    117 (0.0E+00) 2.6E-01  8.4966763E+02       1          379 1.2E+01         _
    684    95      1 1.0E+00    118 (0.0E+00) 2.4E-01  8.4913754E+02       1          379 1.8E+01         _
    686    96      2 1.0E+00    119 (0.0E+00) 2.7E-01  8.4799476E+02       1          379 2.3E+01         _
    687    97      1 1.0E+00    120 (0.0E+00) 2.4E-01  8.4687194E+02       1          379 2.3E+01         _
    688    98      1 1.0E+00    121 (0.0E+00) 2.3E-01  8.4629038E+02       1          379 2.2E+01         _
    689    99      1 1.0E+00    122 (0.0E+00) 1.9E-01  8.4605421E+02       1          379 2.2E+01         _

   Itns Major Minors    Step   nCon Feasible  Optimal  MeritFunction     L+U BSwap     nS condZHZ Penalty
    690   100      1 1.0E+00    123 (0.0E+00) 3.3E-01  8.4577113E+02       1          379 7.2E+00         _  R
    691   101      1 1.0E+00    124 (0.0E+00) 2.6E-01  8.4561093E+02       1          379 7.2E+00         _s
    693   102      2 1.0E+00    125 (0.0E+00) 2.5E-01  8.4545872E+02       1          378 7.6E+00         _
    694   103      1 1.0E+00    126 (0.0E+00) 3.1E-01  8.4496663E+02       1          378 9.6E+00         _
    696   104      2 1.0E+00    127 (0.0E+00) 3.2E-01  8.4425820E+02       1          377 1.1E+01         _
    697   105      1 1.0E+00    128 (0.0E+00) 3.0E-01  8.4345062E+02       1          377 1.1E+01         _
    699   106      2 1.0E+00    129 (0.0E+00) 2.5E-01  8.4300907E+02       1          378 1.4E+01         _
    701   107      2 1.0E+00    130 (0.0E+00) 2.6E-01  8.4241430E+02       1          379 1.7E+01         _
