
         ==============================
         S N O P T  7.7.1    (Nov 2018)
         ==============================
      Print file 18
      Summary file 19
      Minor print level               0
      Minimize
      Derivative level               3
      Iterations limit        10000000
      Minor iterations limit           10000
      Proximal iterations limit           10000
      Total character workspace             500
      Total integer workspace           39400
      Total real workspace           78300
1
 
 SNMEMB EXIT 100 -- finished successfully
 SNMEMB INFO 104 -- memory requirements estimated

         ==============================
         S N O P T  7.7.1    (Nov 2018)
         ==============================
      Print file 18
      Summary file 19
      Minor print level               0
      Minimize
      Derivative level               3
      Iterations limit        10000000
      Minor iterations limit           10000
      Proximal iterations limit           10000
      Total character workspace             500
      Total integer workspace           49233
      Total real workspace          121693
1
 
 Parameters
 ==========

 Files
 -----
 Solution file..........         0       Old basis file ........         0       Standard input.........         5
 Insert file............         0       New basis file ........         0       (Printer)..............        18
 Punch file.............         0       Backup basis file......         0       (Specs file)...........         0
 Load file..............         0       Dump file..............         0       Standard output........         6

 Frequencies
 -----------
 Print frequency........       100       Check frequency........        60       Save new basis map.....       100
 Summary frequency......       100       Factorization frequency        50       Expand frequency.......     10000

 QP subproblems
 --------------
 QPsolver Cholesky......
 Scale tolerance........     0.900       Minor feasibility tol..  1.00E-06       Iteration limit........  10000000
 Scale option...........         0       Minor optimality  tol..  1.00E-06       Minor print level......         0
 Crash tolerance........     0.100       Pivot tolerance........  3.25E-11       New superbasics........        99
 Crash option...........         3       Elastic weight.........  1.00E+05

 Partial pricing
 ---------------
 LP Partial price.......         1       Prtl price section ( A)       388       Prtl price section (-I)         1
 QP Partial price.......         1       Prtl price section ( A)       388       Prtl price section (-I)         1

 The SQP Method
 --------------
 Minimize...............                 Cold start.............                 Proximal Point method..     10000
 Nonlinear objectiv vars       388       Major optimality tol...  2.00E-06       Function precision.....  3.00E-13
 Unbounded step size....  1.00E+20       Superbasics limit......       388       Difference interval....  5.48E-07
 Unbounded objective....  1.00E+10       Reduced Hessian dim....       388       Central difference int.  6.70E-05
 Major step limit.......  2.00E+00       Derivative linesearch..                 Derivative level.......         3
 Major iterations limit.      1164       Linesearch tolerance...   0.90000       Verify level...........         0
 Minor iterations limit.     10000       Penalty parameter......  0.00E+00       Major Print Level......         1
 Time limit (secs)...... 9999999.0

 Hessian Approximation
 ---------------------
 Hessian limited-memory.                 Hessian updates........        10       Hessian frequency......  99999999
                                                                                 Hessian flush..........  99999999

 Nonlinear constraints
 ---------------------
 Nonlinear constraints..         1       Major feasibility tol..  1.00E-06       Violation limit........  1.00E+01
 Nonlinear Jacobian vars       388

 Miscellaneous
 -------------
 LU factor tolerance....      3.99       LU singularity tol.....  3.25E-11       Timing level...........         3
 LU update tolerance....      3.99       LU swap tolerance......  1.22E-04       Debug level............         0
 LU partial  pivoting...                 eps (machine precision)  2.22E-16       System information.....        No
                                                                                 Sticky parameters......        No
1
 

 

 Matrix statistics
 -----------------
               Total      Normal        Free       Fixed     Bounded
 Rows              1           0           1           0           0
 Columns         388           0           0         328          60

 No. of matrix elements                  388     Density     100.000
 Biggest  constant element        0.0000E+00  (excluding fixed columns,
 Smallest constant element        0.0000E+00   free rows, and RHS)

 No. of objective coefficients             0

 Nonlinear constraints       1     Linear constraints       0
 Nonlinear variables       388     Linear variables         0
 Jacobian  variables       388     Objective variables    388
 Total constraints           1     Total variables        388
1
 

 
 The user has defined     388   out of     388   constraint gradients.
 The user has defined     388   out of     388   objective  gradients.

 Cheap test of user-supplied problem derivatives...

 The constraint gradients seem to be OK.

 -->  The largest discrepancy was    0.00E+00  in constraint   389
 

 The objective  gradients seem to be OK.

 Gradient projected in one direction  -2.23676041921E+00
 Difference approximation             -2.23675763996E+00
1
 
 

   Itns Major Minors    Step   nCon Feasible  Optimal  MeritFunction     L+U BSwap     nS condZHZ Penalty
     57     0     57              1 (0.0E+00) 9.4E-01  4.1648352E+03       1           57 1.0E+00         _  r
     58     1      1 1.7E-01      3 (0.0E+00) 8.1E-01  4.0768656E+03       1           57 1.0E+00         _  r
     59     2      1 1.9E-01      4 (0.0E+00) 9.9E-01  3.9155363E+03       1           57 1.1E+00         _s  l
     63     3      4 1.0E+00      5 (0.0E+00) 1.1E+00  3.8824182E+03       1           54 1.9E+00         _
     68     4      5 3.6E-02      7 (0.0E+00) 2.2E+00  3.8691816E+03       1           57 6.9E+00         _
     69     5      1 1.0E+00      8 (0.0E+00) 9.9E-01  3.8171873E+03       1           57 7.0E+00         _
     70     6      1 1.0E+00      9 (0.0E+00) 1.1E+00  3.8052033E+03       1           57 7.3E+00         _
     71     7      1 1.0E+00     10 (0.0E+00) 1.1E+00  3.8032610E+03       1           57 1.5E+01         _
     72     8      1 1.0E+00     11 (0.0E+00) 2.1E+00  3.7984039E+03       1           57 2.5E+01         _
     73     9      1 1.0E+00     12 (0.0E+00) 2.0E+00  3.7941437E+03       1           57 2.9E+01         _
     74    10      1 1.0E+00     13 (0.0E+00) 1.9E+00  3.7909616E+03       1           57 2.3E+01         _
     75    11      1 1.0E+00     14 (0.0E+00) 1.7E+00  3.7901831E+03       1           57 2.0E+01         _
     76    12      1 1.0E+00     15 (0.0E+00) 3.1E-01  3.7900610E+03       1           57 8.0E+00         _  R
     77    13      1 1.0E+00     16 (0.0E+00) 1.2E+00  3.7900583E+03       1           57 1.9E+01         _s
     78    14      1 1.0E+00     17 (0.0E+00) 5.0E-01  3.7899862E+03       1           57 2.8E+01         _
     79    15      1 1.0E+00     18 (0.0E+00) 4.5E-01  3.7899285E+03       1           57 5.4E+01         _
     80    16      1 1.0E+00     19 (0.0E+00) 8.7E-01  3.7898518E+03       1           57 6.5E+01         _
     81    17      1 1.0E+00     20 (0.0E+00) 6.8E-01  3.7898193E+03       1           57 6.4E+01         _
     82    18      1 1.0E+00     21 (0.0E+00) 2.7E-01  3.7898061E+03       1           57 6.2E+01         _
     83    19      1 1.0E+00     22 (0.0E+00) 1.8E-01  3.7897982E+03       1           57 6.6E+01         _

   Itns Major Minors    Step   nCon Feasible  Optimal  MeritFunction     L+U BSwap     nS condZHZ Penalty
     84    20      1 1.0E+00     23 (0.0E+00) 2.4E-01  3.7897908E+03       1           57 6.9E+01         _
     85    21      1 1.0E+00     24 (0.0E+00) 2.0E-01  3.7897873E+03       1           57 6.7E+01         _
     86    22      1 1.0E+00     25 (0.0E+00) 8.2E-02  3.7897861E+03       1           57 6.6E+01         _
     87    23      1 1.0E+00     26 (0.0E+00) 7.4E-02  3.7897852E+03       1           57 1.3E+01         _  R
     88    24      1 2.6E-01     28 (0.0E+00) 1.4E-01  3.7897851E+03       1           57 1.4E+01         _s
     89    25      1 1.0E+00     29 (0.0E+00) 1.3E-01  3.7897849E+03       1           57 1.3E+01         _
     90    26      1 1.0E+00     30 (0.0E+00) 3.4E-02  3.7897838E+03       1           57 1.3E+01         _
     91    27      1 1.0E+00     31 (0.0E+00) 3.4E-02  3.7897837E+03       1           57 1.5E+01         _
     92    28      1 1.0E+00     32 (0.0E+00) 4.8E-02  3.7897830E+03       1           57 1.6E+01         _
     93    29      1 1.0E+00     33 (0.0E+00) 3.4E-02  3.7897829E+03       1           57 1.8E+01         _
     94    30      1 1.0E+00     34 (0.0E+00) 2.6E-02  3.7897828E+03       1           57 2.2E+01         _
     95    31      1 1.0E+00     35 (0.0E+00) 2.5E-02  3.7897827E+03       1           57 3.3E+01         _
     96    32      1 1.0E+00     36 (0.0E+00) 2.5E-02  3.7897826E+03       1           57 5.1E+01         _
     97    33      1 1.0E+00     37 (0.0E+00) 4.5E-02  3.7897823E+03       1           57 6.9E+01         _
     98    34      1 1.0E+00     38 (0.0E+00) 4.8E-02  3.7897819E+03       1           57 1.3E+01         _  R
     99    35      1 1.0E+00     39 (0.0E+00) 2.5E-02  3.7897819E+03       1           57 1.6E+01         _s
    100    36      1 1.0E+00     40 (0.0E+00) 5.0E-02  3.7897818E+03       1           57 1.6E+01         _
    101    37      1 1.0E+00     41 (0.0E+00) 1.8E-02  3.7897817E+03       1           57 1.6E+01         _
    102    38      1 1.0E+00     42 (0.0E+00) 2.0E-02  3.7897817E+03       1           57 1.7E+01         _
    103    39      1 1.0E+00     43 (0.0E+00) 4.4E-02  3.7897815E+03       1           57 1.8E+01         _

   Itns Major Minors    Step   nCon Feasible  Optimal  MeritFunction     L+U BSwap     nS condZHZ Penalty
    104    40      1 1.0E+00     44 (0.0E+00) 4.6E-02  3.7897814E+03       1           57 1.7E+01         _
    105    41      1 1.0E+00     45 (0.0E+00) 3.0E-02  3.7897814E+03       1           57 1.7E+01         _
    106    42      1 1.0E+00     46 (0.0E+00) 1.4E-02  3.7897813E+03       1           57 1.8E+01         _
    107    43      1 1.0E+00     47 (0.0E+00) 2.2E-02  3.7897813E+03       1           57 2.0E+01         _
    108    44      1 1.0E+00     48 (0.0E+00) 3.9E-02  3.7897812E+03       1           57 2.3E+01         _
    109    45      1 1.0E+00     49 (0.0E+00) 4.8E-02  3.7897811E+03       1           57 1.6E+01         _  R
    110    46      1 2.7E-01     51 (0.0E+00) 2.4E-02  3.7897811E+03       1           57 1.6E+01         _s
    111    47      1 1.0E+00     52 (0.0E+00) 2.3E-02  3.7897811E+03       1           57 2.0E+01         _
    112    48      1 1.0E+00     53 (0.0E+00) 1.1E-02  3.7897810E+03       1           57 2.0E+01         _
    113    49      1 1.0E+00     54 (0.0E+00) 1.1E-02  3.7897810E+03       1           57 3.2E+01         _
    114    50      1 1.0E+00     55 (0.0E+00) 8.8E-03  3.7897809E+03       1           57 3.0E+01         _
    115    51      1 1.0E+00     56 (0.0E+00) 9.0E-03  3.7897809E+03       1           57 2.9E+01         _
    116    52      1 1.0E+00     57 (0.0E+00) 1.4E-02  3.7897809E+03       1           57 3.0E+01         _
    117    53      1 1.0E+00     58 (0.0E+00) 1.5E-02  3.7897809E+03       1           57 3.0E+01         _
    118    54      1 1.0E+00     59 (0.0E+00) 1.6E-02  3.7897809E+03       1           57 2.9E+01         _
    119    55      1 1.0E+00     60 (0.0E+00) 1.7E-02  3.7897809E+03       1           57 2.7E+01         _
    120    56      1 1.0E+00     61 (0.0E+00) 1.6E-02  3.7897809E+03       1           57 1.5E+01         _  R
    121    57      1 1.0E+00     62 (0.0E+00) 1.2E-02  3.7897809E+03       1           57 1.8E+01         _s
    122    58      1 1.0E+00     63 (0.0E+00) 1.8E-02  3.7897809E+03       1           57 1.8E+01         _
    123    59      1 1.0E+00     64 (0.0E+00) 1.1E-02  3.7897809E+03       1           57 1.8E+01         _

   Itns Major Minors    Step   nCon Feasible  Optimal  MeritFunction     L+U BSwap     nS condZHZ Penalty
    124    60      1 1.0E+00     65 (0.0E+00) 1.3E-02  3.7897809E+03       1           57 1.8E+01         _
    125    61      1 1.0E+00     66 (0.0E+00) 2.2E-02  3.7897808E+03       1           57 1.8E+01         _
    126    62      1 1.0E+00     67 (0.0E+00) 2.4E-02  3.7897808E+03       1           57 2.4E+01         _
    127    63      1 1.0E+00     68 (0.0E+00) 1.6E-02  3.7897808E+03       1           57 2.6E+01         _
    128    64      1 1.0E+00     69 (0.0E+00) 1.4E-02  3.7897808E+03       1           57 2.5E+01         _
    129    65      1 1.0E+00     70 (0.0E+00) 2.5E-02  3.7897807E+03       1           57 2.5E+01         _
    130    66      1 1.0E+00     71 (0.0E+00) 3.3E-02  3.7897807E+03       1           57 2.6E+01         _
    131    67      1 1.0E+00     72 (0.0E+00) 3.4E-02  3.7897807E+03       1           57 1.8E+01         _  R
    132    68      1 2.8E-01     74 (0.0E+00) 1.1E-02  3.7897807E+03       1           57 1.9E+01         _s
    133    69      1 1.0E+00     75 (0.0E+00) 1.1E-02  3.7897807E+03       1           57 1.9E+01         _
    134    70      1 1.0E+00     76 (0.0E+00) 1.2E-02  3.7897807E+03       1           57 1.9E+01         _
    135    71      1 1.0E+00     77 (0.0E+00) 1.2E-02  3.7897807E+03       1           57 2.0E+01         _
    136    72      1 1.0E+00     78 (0.0E+00) 1.1E-02  3.7897806E+03       1           57 2.0E+01         _
    137    73      1 1.0E+00     79 (0.0E+00) 7.8E-03  3.7897806E+03       1           57 2.0E+01         _
    138    74      1 1.0E+00     80 (0.0E+00) 6.7E-03  3.7897806E+03       1           57 2.0E+01         _
    139    75      1 1.0E+00     81 (0.0E+00) 6.9E-03  3.7897806E+03       1           57 2.0E+01         _
    140    76      1 1.0E+00     82 (0.0E+00) 7.1E-03  3.7897806E+03       1           57 2.0E+01         _
    141    77      1 1.0E+00     83 (0.0E+00) 7.2E-03  3.7897806E+03       1           57 2.1E+01         _
    142    78      1 1.0E+00     84 (0.0E+00) 6.8E-03  3.7897806E+03       1           57 1.8E+01         _  R
    143    79      1 1.0E+00     85 (0.0E+00) 7.6E-03  3.7897806E+03       1           57 2.0E+01         _s

   Itns Major Minors    Step   nCon Feasible  Optimal  MeritFunction     L+U BSwap     nS condZHZ Penalty
    144    80      1 1.0E+00     86 (0.0E+00) 7.8E-03  3.7897806E+03       1           57 2.0E+01         _
    145    81      1 1.0E+00     87 (0.0E+00) 8.3E-03  3.7897806E+03       1           57 2.3E+01         _
    146    82      1 1.0E+00     88 (0.0E+00) 1.6E-02  3.7897806E+03       1           57 2.6E+01         _
    147    83      1 1.0E+00     89 (0.0E+00) 7.0E-03  3.7897806E+03       1           57 2.9E+01         _
    148    84      1 1.0E+00     90 (0.0E+00) 1.2E-02  3.7897806E+03       1           57 3.2E+01         _
    149    85      1 1.0E+00     91 (0.0E+00) 2.2E-02  3.7897806E+03       1           57 3.7E+01         _
    150    86      1 1.0E+00     92 (0.0E+00) 3.2E-02  3.7897806E+03       1           57 3.8E+01         _
    151    87      1 1.0E+00     93 (0.0E+00) 2.8E-02  3.7897806E+03       1           57 3.5E+01         _
    152    88      1 1.0E+00     94 (0.0E+00) 1.0E-02  3.7897805E+03       1           57 3.3E+01         _
    153    89      1 1.0E+00     95 (0.0E+00) 3.5E-03  3.7897805E+03       1           57 2.1E+01         _  R
    154    90      1 1.0E+00     96 (0.0E+00) 5.1E-03  3.7897805E+03       1           57 2.9E+01         _s
    155    91      1 1.8E-01     98 (0.0E+00) 1.4E-02  3.7897805E+03       1           57 2.9E+01         _
    156    92      1 1.0E+00     99 (0.0E+00) 2.8E-03  3.7897805E+03       1           57 3.3E+01         _
    157    93      1 1.0E+00    100 (0.0E+00) 6.1E-03  3.7897805E+03       1           57 4.0E+01         _
    158    94      1 1.0E+00    101 (0.0E+00) 1.0E-02  3.7897805E+03       1           57 4.0E+01         _
    159    95      1 1.0E+00    102 (0.0E+00) 7.9E-03  3.7897805E+03       1           57 3.4E+01         _
    160    96      1 1.0E+00    103 (0.0E+00) 3.1E-03  3.7897805E+03       1           57 3.2E+01         _
    161    97      1 1.0E+00    104 (0.0E+00) 2.5E-03  3.7897805E+03       1           57 3.5E+01         _
    162    98      1 1.0E+00    105 (0.0E+00) 2.8E-03  3.7897805E+03       1           57 3.7E+01         _
    163    99      1 1.0E+00    106 (0.0E+00) 2.2E-03  3.7897805E+03       1           57 3.8E+01         _

   Itns Major Minors    Step   nCon Feasible  Optimal  MeritFunction     L+U BSwap     nS condZHZ Penalty
    164   100      1 1.0E+00    107 (0.0E+00) 1.2E-03  3.7897805E+03       1           57 4.0E+01         _  R
    165   101      1 1.9E-01    109 (0.0E+00) 4.0E-03  3.7897805E+03       1           57 4.6E+01         _s
    166   102      1 1.0E+00    110 (0.0E+00) 3.6E-03  3.7897805E+03       1           57 5.8E+01         _
    167   103      1 1.0E+00    111 (0.0E+00) 1.1E-03  3.7897805E+03       1           57 5.8E+01         _
    168   104      1 1.0E+00    112 (0.0E+00) 1.1E-03  3.7897805E+03       1           57 5.6E+01         _
    169   105      1 1.0E+00    113 (0.0E+00) 1.9E-03  3.7897805E+03       1           57 5.6E+01         _
    170   106      1 1.0E+00    114 (0.0E+00) 1.9E-03  3.7897805E+03       1           57 5.6E+01         _
    171   107      1 1.0E+00    115 (0.0E+00) 1.7E-03  3.7897805E+03       1           57 5.7E+01         _
    172   108      1 1.0E+00    116 (0.0E+00) 1.5E-03  3.7897805E+03       1           57 6.0E+01         _
    173   109      1 1.0E+00    117 (0.0E+00) 1.5E-03  3.7897805E+03       1           57 6.1E+01         _
    174   110      1 1.0E+00    118 (0.0E+00) 1.3E-03  3.7897805E+03       1           57 6.1E+01         _
    175   111      1 1.0E+00    119 (0.0E+00) 1.4E-03  3.7897805E+03       1           57 4.2E+01         _  R
    176   112      1 1.0E+00    120 (0.0E+00) 1.4E-03  3.7897805E+03       1           57 4.6E+01         _s
    177   113      1 4.8E-02    122 (0.0E+00) 4.6E-03  3.7897805E+03       1           57 1.1E+02         _
    178   114      1 2.0E-01    124 (0.0E+00) 1.8E-03  3.7897805E+03       1           57 1.0E+02         _
    179   115      1 1.0E+00    125 (0.0E+00) 1.5E-03  3.7897805E+03       1           57 9.9E+01         _
    180   116      1 1.0E+00    126 (0.0E+00) 1.3E-03  3.7897805E+03       1           57 1.0E+02         _
    181   117      1 1.0E+00    127 (0.0E+00) 9.4E-04  3.7897805E+03       1           57 1.0E+02         _
    182   118      1 1.0E+00    128 (0.0E+00) 9.6E-04  3.7897805E+03       1           57 9.8E+01         _
    183   119      1 1.0E+00    129 (0.0E+00) 6.2E-04  3.7897805E+03       1           57 9.8E+01         _

   Itns Major Minors    Step   nCon Feasible  Optimal  MeritFunction     L+U BSwap     nS condZHZ Penalty
    184   120      1 1.0E+00    130 (0.0E+00) 2.8E-04  3.7897805E+03       1           57 1.0E+02         _
    185   121      1 1.0E+00    131 (0.0E+00) 3.1E-04  3.7897805E+03       1           57 1.0E+02         _
    186   122      1 1.0E+00    132 (0.0E+00) 2.6E-04  3.7897805E+03       1           57 1.0E+02         _  R
    187   123      1 4.2E-01    134 (0.0E+00) 7.5E-04  3.7897805E+03       1           57 1.2E+02         _s
    188   124      1 1.8E-01    136 (0.0E+00) 2.2E-04  3.7897805E+03       1           57 1.2E+02         _
    189   125      1 1.0E+00    137 (0.0E+00) 1.7E-04  3.7897805E+03       1           57 1.2E+02         _
    190   126      1 1.0E+00    138 (0.0E+00) 2.3E-04  3.7897805E+03       1           57 1.2E+02         _
    191   127      1 1.0E+00    139 (0.0E+00) 2.2E-04  3.7897805E+03       1           57 1.2E+02         _
    192   128      1 1.0E+00    140 (0.0E+00) 2.0E-04  3.7897805E+03       1           57 1.2E+02         _
    193   129      1 1.0E+00    141 (0.0E+00) 3.4E-04  3.7897805E+03       1           57 1.2E+02         _
    194   130      1 1.0E+00    142 (0.0E+00) 4.5E-04  3.7897805E+03       1           57 1.2E+02         _
    195   131      1 1.0E+00    143 (0.0E+00) 4.9E-04  3.7897805E+03       1           57 1.2E+02         _
    196   132      1 1.0E+00    144 (0.0E+00) 4.2E-04  3.7897805E+03       1           57 1.2E+02         _
    197   133      1 1.0E+00    145 (0.0E+00) 2.7E-04  3.7897805E+03       1           57 1.2E+02         _  R
    198   134      1 1.0E+00    146 (0.0E+00) 1.5E-04  3.7897805E+03       1           57 1.5E+02         _s
    199   135      1 9.5E-02    148 (0.0E+00) 3.8E-04  3.7897805E+03       1           57 1.9E+02         _
    200   136      1 1.0E+00    149 (0.0E+00) 1.9E-04  3.7897805E+03       1           57 1.9E+02         _
    201   137      1 1.0E+00    150 (0.0E+00) 1.9E-04  3.7897805E+03       1           57 1.8E+02         _
    202   138      1 1.0E+00    151 (0.0E+00) 1.3E-04  3.7897805E+03       1           57 1.7E+02         _
    203   139      1 1.0E+00    152 (0.0E+00) 1.6E-04  3.7897805E+03       1           57 1.7E+02         _

   Itns Major Minors    Step   nCon Feasible  Optimal  MeritFunction     L+U BSwap     nS condZHZ Penalty
    204   140      1 1.0E+00    153 (0.0E+00) 1.7E-04  3.7897805E+03       1           57 1.7E+02         _
    205   141      1 1.0E+00    154 (0.0E+00) 1.3E-04  3.7897805E+03       1           57 1.6E+02         _
    206   142      1 1.0E+00    155 (0.0E+00) 1.4E-04  3.7897805E+03       1           57 1.7E+02         _
    207   143      1 1.0E+00    156 (0.0E+00) 1.9E-04  3.7897805E+03       1           57 1.7E+02         _
    208   144      1 1.0E+00    157 (0.0E+00) 2.1E-04  3.7897805E+03       1           57 1.5E+02         _  R
    209   145      1 1.0E+00    158 (0.0E+00) 4.3E-04  3.7897805E+03       1           57 1.9E+02         _s
    210   146      1 4.3E-01    160 (0.0E+00) 1.8E-04  3.7897805E+03       1           57 1.9E+02         _
    211   147      1 1.0E+00    161 (0.0E+00) 9.8E-05  3.7897805E+03       1           57 2.0E+02         _
    212   148      1 1.0E+00    162 (0.0E+00) 1.8E-04  3.7897805E+03       1           57 2.0E+02         _
    213   149      1 1.0E+00    163 (0.0E+00) 1.3E-04  3.7897805E+03       1           57 1.8E+02         _
    214   150      1 1.0E+00    164 (0.0E+00) 1.4E-04  3.7897805E+03       1           57 1.8E+02         _
    215   151      1 1.0E+00    165 (0.0E+00) 1.8E-04  3.7897805E+03       1           57 1.8E+02         _
    216   152      1 1.0E+00    166 (0.0E+00) 1.7E-04  3.7897805E+03       1           57 1.8E+02         _
    217   153      1 1.0E+00    167 (0.0E+00) 1.3E-04  3.7897805E+03       1           57 1.9E+02         _
    218   154      1 1.0E+00    168 (0.0E+00) 8.1E-05  3.7897805E+03       1           57 2.1E+02         _
    219   155      1 1.0E+00    169 (0.0E+00) 1.1E-04  3.7897805E+03       1           57 1.9E+02         _  R
    220   156      1 1.8E-01    171 (0.0E+00) 1.5E-04  3.7897805E+03       1           57 1.9E+02         _s
    221   157      1 1.0E+00    172 (0.0E+00) 1.5E-04  3.7897805E+03       1           57 2.1E+02         _
    222   158      1 1.0E+00    173 (0.0E+00) 8.6E-05  3.7897805E+03       1           57 2.1E+02         _
    223   159      1 1.0E+00    174 (0.0E+00) 8.7E-05  3.7897805E+03       1           57 3.5E+02         _

   Itns Major Minors    Step   nCon Feasible  Optimal  MeritFunction     L+U BSwap     nS condZHZ Penalty
    224   160      1 1.0E+00    175 (0.0E+00) 7.5E-05  3.7897805E+03       1           57 3.5E+02         _
    225   161      1 1.0E+00    176 (0.0E+00) 8.7E-05  3.7897805E+03       1           57 3.2E+02         _
    226   162      1 1.0E+00    177 (0.0E+00) 1.0E-04  3.7897805E+03       1           57 3.2E+02         _
    227   163      1 1.0E+00    178 (0.0E+00) 1.2E-04  3.7897805E+03       1           57 3.3E+02         _
    228   164      1 1.0E+00    179 (0.0E+00) 1.3E-04  3.7897805E+03       1           57 3.6E+02         _
    229   165      1 1.0E+00    180 (0.0E+00) 1.3E-04  3.7897805E+03       1           57 4.1E+02         _
    230   166      1 1.0E+00    181 (0.0E+00) 1.1E-04  3.7897805E+03       1           57 2.0E+02         _  R
    231   167      1 1.0E+00    182 (0.0E+00) 8.0E-05  3.7897805E+03       1           57 2.0E+02         _s
    232   168      1 2.7E-01    184 (0.0E+00) 2.2E-04  3.7897805E+03       1           57 2.1E+02         _
    233   169      1 1.0E+00    185 (0.0E+00) 2.2E-04  3.7897805E+03       1           57 2.3E+02         _
    234   170      1 1.0E+00    186 (0.0E+00) 1.1E-04  3.7897805E+03       1           57 2.1E+02         _
    235   171      1 1.0E+00    187 (0.0E+00) 7.4E-05  3.7897805E+03       1           57 2.1E+02         _
    236   172      1 1.0E+00    188 (0.0E+00) 1.4E-04  3.7897805E+03       1           57 2.1E+02         _
    237   173      1 1.0E+00    189 (0.0E+00) 1.6E-04  3.7897805E+03       1           57 2.2E+02         _
    238   174      1 1.0E+00    190 (0.0E+00) 1.2E-04  3.7897805E+03       1           57 2.2E+02         _
    239   175      1 1.0E+00    191 (0.0E+00) 5.7E-05  3.7897805E+03       1           57 2.1E+02         _
    240   176      1 1.0E+00    192 (0.0E+00) 1.3E-04  3.7897805E+03       1           57 2.1E+02         _
    241   177      1 1.0E+00    193 (0.0E+00) 1.9E-04  3.7897805E+03       1           57 2.4E+02         _  R
    242   178      1 2.2E-01    195 (0.0E+00) 9.9E-05  3.7897805E+03       1           57 2.4E+02         _s
    243   179      1 1.0E+00    196 (0.0E+00) 9.0E-05  3.7897805E+03       1           57 2.9E+02         _

   Itns Major Minors    Step   nCon Feasible  Optimal  MeritFunction     L+U BSwap     nS condZHZ Penalty
    244   180      1 1.0E+00    197 (0.0E+00) 5.4E-05  3.7897805E+03       1           57 3.0E+02         _
    245   181      1 1.0E+00    198 (0.0E+00) 5.8E-05  3.7897805E+03       1           57 3.6E+02         _
    246   182      1 1.0E+00    199 (0.0E+00) 8.5E-05  3.7897805E+03       1           57 4.0E+02         _
    247   183      1 1.0E+00    200 (0.0E+00) 8.8E-05  3.7897805E+03       1           57 3.8E+02         _
    248   184      1 1.0E+00    201 (0.0E+00) 7.3E-05  3.7897805E+03       1           57 3.7E+02         _
    249   185      1 1.0E+00    202 (0.0E+00) 6.1E-05  3.7897805E+03       1           57 4.0E+02         _
    250   186      1 1.0E+00    203 (0.0E+00) 5.2E-05  3.7897805E+03       1           57 4.7E+02         _
    251   187      1 1.0E+00    204 (0.0E+00) 6.7E-05  3.7897805E+03       1           57 5.3E+02         _
    252   188      1 1.0E+00    205 (0.0E+00) 7.8E-05  3.7897805E+03       1           57 2.8E+02         _  R
    253   189      1 1.0E+00    206 (0.0E+00) 5.1E-05  3.7897805E+03       1           57 3.0E+02         _s
    254   190      1 1.0E+00    207 (0.0E+00) 9.3E-05  3.7897805E+03       1           57 2.9E+02         _
    255   191      1 1.0E+00    208 (0.0E+00) 6.4E-05  3.7897805E+03       1           57 3.0E+02         _
    256   192      1 1.0E+00    209 (0.0E+00) 8.8E-05  3.7897805E+03       1           57 3.0E+02         _
    257   193      1 1.0E+00    210 (0.0E+00) 1.2E-04  3.7897805E+03       1           57 2.9E+02         _
    258   194      1 1.0E+00    211 (0.0E+00) 1.2E-04  3.7897805E+03       1           57 3.0E+02         _
    259   195      1 1.0E+00    212 (0.0E+00) 1.0E-04  3.7897805E+03       1           57 3.1E+02         _
    260   196      1 1.0E+00    213 (0.0E+00) 6.2E-05  3.7897805E+03       1           57 3.3E+02         _
    261   197      1 1.0E+00    214 (0.0E+00) 5.4E-05  3.7897805E+03       1           57 3.2E+02         _
    262   198      1 1.0E+00    215 (0.0E+00) 7.2E-05  3.7897805E+03       1           57 2.9E+02         _
    263   199      1 1.0E+00    216 (0.0E+00) 7.6E-05  3.7897805E+03       1           57 2.8E+02         _  R

   Itns Major Minors    Step   nCon Feasible  Optimal  MeritFunction     L+U BSwap     nS condZHZ Penalty
    264   200      1 1.0E+00    217 (0.0E+00) 1.3E-04  3.7897805E+03       1           57 3.9E+02         _s
    265   201      1 4.8E-01    219 (0.0E+00) 3.8E-05  3.7897805E+03       1           57 3.4E+02         _
    266   202      1 1.0E+00    220 (0.0E+00) 6.0E-05  3.7897805E+03       1           57 3.4E+02         _
    267   203      1 1.0E+00    221 (0.0E+00) 8.3E-05  3.7897805E+03       1           57 3.4E+02         _
    268   204      1 1.0E+00    222 (0.0E+00) 7.9E-05  3.7897805E+03       1           57 3.4E+02         _
    269   205      1 1.0E+00    223 (0.0E+00) 5.4E-05  3.7897805E+03       1           57 3.4E+02         _
    270   206      1 1.0E+00    224 (0.0E+00) 3.8E-05  3.7897805E+03       1           57 3.4E+02         _
    271   207      1 1.0E+00    225 (0.0E+00) 5.3E-05  3.7897805E+03       1           57 3.4E+02         _
    272   208      1 1.0E+00    226 (0.0E+00) 6.8E-05  3.7897805E+03       1           57 3.4E+02         _
    273   209      1 1.0E+00    227 (0.0E+00) 8.2E-05  3.7897805E+03       1           57 3.5E+02         _
    274   210      1 1.0E+00    228 (0.0E+00) 8.2E-05  3.7897805E+03       1           57 3.2E+02         _  R
    275   211      1 1.0E+00    229 (0.0E+00) 7.1E-05  3.7897805E+03       1           57 4.0E+02         _s
    276   212      1 3.6E-01    231 (0.0E+00) 5.9E-05  3.7897805E+03       1           57 3.5E+02         _
    277   213      1 1.0E+00    232 (0.0E+00) 4.0E-05  3.7897805E+03       1           57 3.5E+02         _
    278   214      1 1.0E+00    233 (0.0E+00) 5.1E-05  3.7897805E+03       1           57 3.5E+02         _
    279   215      1 1.0E+00    234 (0.0E+00) 6.0E-05  3.7897805E+03       1           57 3.4E+02         _
    280   216      1 1.0E+00    235 (0.0E+00) 5.9E-05  3.7897805E+03       1           57 3.4E+02         _
    281   217      1 1.0E+00    236 (0.0E+00) 4.6E-05  3.7897805E+03       1           57 3.6E+02         _
    282   218      1 1.0E+00    237 (0.0E+00) 2.9E-05  3.7897805E+03       1           57 3.8E+02         _
    283   219      1 1.0E+00    238 (0.0E+00) 3.9E-05  3.7897805E+03       1           57 4.0E+02         _

   Itns Major Minors    Step   nCon Feasible  Optimal  MeritFunction     L+U BSwap     nS condZHZ Penalty
    284   220      1 1.0E+00    239 (0.0E+00) 4.6E-05  3.7897805E+03       1           57 4.0E+02         _
    285   221      1 1.0E+00    240 (0.0E+00) 4.0E-05  3.7897805E+03       1           57 3.4E+02         _  R
    286   222      1 1.0E+00    241 (0.0E+00) 7.2E-05  3.7897805E+03       1           57 4.4E+02         _s
    287   223      1 3.5E-01    243 (0.0E+00) 3.1E-05  3.7897805E+03       1           57 4.4E+02         _
    288   224      1 1.0E+00    244 (0.0E+00) 4.2E-05  3.7897805E+03       1           57 4.5E+02         _
    289   225      1 1.0E+00    245 (0.0E+00) 5.2E-05  3.7897805E+03       1           57 4.8E+02         _
    290   226      1 1.0E+00    246 (0.0E+00) 4.4E-05  3.7897805E+03       1           57 4.3E+02         _
    291   227      1 1.0E+00    247 (0.0E+00) 2.7E-05  3.7897805E+03       1           57 4.3E+02         _
    292   228      1 1.0E+00    248 (0.0E+00) 3.4E-05  3.7897805E+03       1           57 4.5E+02         _
    293   229      1 1.0E+00    249 (0.0E+00) 4.1E-05  3.7897805E+03       1           57 5.0E+02         _
    294   230      1 1.0E+00    250 (0.0E+00) 3.8E-05  3.7897805E+03       1           57 5.1E+02         _
    295   231      1 1.0E+00    251 (0.0E+00) 2.9E-05  3.7897805E+03       1           57 4.6E+02         _
    296   232      1 1.0E+00    252 (0.0E+00) 2.2E-05  3.7897805E+03       1           57 4.1E+02         _  R
    297   233      1 1.0E+00    253 (0.0E+00) 4.8E-05  3.7897805E+03       1           57 8.8E+02         _s
    298   234      1 1.3E-01    255 (0.0E+00) 3.9E-05  3.7897805E+03       1           57 4.7E+02         _
    299   235      1 1.0E+00    256 (0.0E+00) 3.0E-05  3.7897805E+03       1           57 4.6E+02         _
    300   236      1 1.0E+00    257 (0.0E+00) 3.6E-05  3.7897805E+03       1           57 4.2E+02         _
    301   237      1 1.0E+00    258 (0.0E+00) 3.2E-05  3.7897805E+03       1           57 4.3E+02         _
    302   238      1 1.0E+00    259 (0.0E+00) 1.7E-05  3.7897805E+03       1           57 4.7E+02         _
    303   239      1 1.0E+00    260 (0.0E+00) 3.0E-05  3.7897805E+03       1           57 4.5E+02         _

   Itns Major Minors    Step   nCon Feasible  Optimal  MeritFunction     L+U BSwap     nS condZHZ Penalty
    304   240      1 1.0E+00    261 (0.0E+00) 3.6E-05  3.7897805E+03       1           57 4.2E+02         _
    305   241      1 1.0E+00    262 (0.0E+00) 3.8E-05  3.7897805E+03       1           57 4.2E+02         _
    306   242      1 1.0E+00    263 (0.0E+00) 3.1E-05  3.7897805E+03       1           57 4.2E+02         _
    307   243      1 1.0E+00    264 (0.0E+00) 1.5E-05  3.7897805E+03       1           57 4.7E+02         _  R
    308   244      1 2.9E-01    266 (0.0E+00) 4.8E-05  3.7897805E+03       1           57 5.0E+02         _s
    309   245      1 1.0E+00    267 (0.0E+00) 3.5E-05  3.7897805E+03       1           57 5.3E+02         _
    310   246      1 1.0E+00    268 (0.0E+00) 1.7E-05  3.7897805E+03       1           57 5.2E+02         _
    311   247      1 1.0E+00    269 (0.0E+00) 1.7E-05  3.7897805E+03       1           57 5.2E+02         _
    312   248      1 1.0E+00    270 (0.0E+00) 1.2E-05  3.7897805E+03       1           57 5.2E+02         _
    313   249      1 1.0E+00    271 (0.0E+00) 8.0E-06  3.7897805E+03       1           57 5.4E+02         _
    314   250      1 1.0E+00    272 (0.0E+00) 1.1E-05  3.7897805E+03       1           57 5.5E+02         _
    315   251      1 1.0E+00    273 (0.0E+00) 1.1E-05  3.7897805E+03       1           57 5.7E+02         _
    316   252      1 1.0E+00    274 (0.0E+00) 8.6E-06  3.7897805E+03       1           57 5.4E+02         _
    317   253      1 1.0E+00    275 (0.0E+00) 8.7E-06  3.7897805E+03       1           57 5.3E+02         _
    318   254      1 1.0E+00    276 (0.0E+00) 1.0E-05  3.7897805E+03       1           57 5.1E+02         _  R
    319   255      1 1.0E+00    277 (0.0E+00) 8.6E-06  3.7897805E+03       1           57 5.8E+02         _s
    320   256      1 3.9E-01    279 (0.0E+00) 2.1E-05  3.7897805E+03       1           57 7.2E+02         _
    321   257      1 2.2E-01    281 (0.0E+00) 9.2E-06  3.7897805E+03       1           57 5.3E+02         _
    322   258      1 1.0E+00    282 (0.0E+00) 8.3E-06  3.7897805E+03       1           57 5.1E+02         _
    323   259      1 1.0E+00    283 (0.0E+00) 7.3E-06  3.7897805E+03       1           57 5.1E+02         _

   Itns Major Minors    Step   nCon Feasible  Optimal  MeritFunction     L+U BSwap     nS condZHZ Penalty
    324   260      1 1.0E+00    284 (0.0E+00) 6.6E-06  3.7897805E+03       1           57 4.9E+02         _
    325   261      1 1.0E+00    285 (0.0E+00) 6.4E-06  3.7897805E+03       1           57 4.7E+02         _
    326   262      1 1.0E+00    286 (0.0E+00) 5.5E-06  3.7897805E+03       1           57 4.7E+02         _
    327   263      1 1.0E+00    287 (0.0E+00) 6.0E-06  3.7897805E+03       1           57 4.7E+02         _
    328   264      1 1.0E+00    288 (0.0E+00) 6.0E-06  3.7897805E+03       1           57 4.7E+02         _
    329   265      1 1.0E+00    289 (0.0E+00) 4.7E-06  3.7897805E+03       1           57 5.1E+02         _  R
    330   266      1 1.0E+00    290 (0.0E+00) 1.0E-05  3.7897805E+03       1           57 5.9E+02         _s
    331   267      1 1.3E-01    292 (0.0E+00) 1.8E-05  3.7897805E+03       1           57 6.1E+02         _
    332   268      1 3.4E-01    294 (0.0E+00) 3.8E-06  3.7897805E+03       1           57 5.0E+02         _
    333   269      1 1.0E+00    295 (0.0E+00) 3.8E-06  3.7897805E+03       1           57 4.7E+02         _
    334   270      1 1.0E+00    296 (0.0E+00) 4.6E-06  3.7897805E+03       1           57 4.6E+02         _
    335   271      1 1.0E+00    297 (0.0E+00) 3.7E-06  3.7897805E+03       1           57 4.5E+02         _
    336   272      1 1.0E+00    298 (0.0E+00) 3.9E-06  3.7897805E+03       1           57 4.3E+02         _
    337   273      1 1.0E+00    299 (0.0E+00) 4.1E-06  3.7897805E+03       1           57 4.3E+02         _
    338   274      1 1.0E+00    300 (0.0E+00) 4.0E-06  3.7897805E+03       1           57 4.3E+02         _
    339   275      1 1.0E+00    301 (0.0E+00) 3.6E-06  3.7897805E+03       1           57 4.3E+02         _
    340   276      1 1.0E+00    302 (0.0E+00) 3.2E-06  3.7897805E+03       1           57 4.6E+02         _  R
    341   277      1 1.0E+00    303 (0.0E+00) 6.5E-06  3.7897805E+03       1           57 6.5E+02         _s
    342   278      1 4.8E-02    305 (0.0E+00) 7.9E-06  3.7897805E+03       1           57 8.5E+02         _
    343   279      1 2.0E-01    307 (0.0E+00) 5.6E-06  3.7897805E+03       1           57 7.9E+02         _

   Itns Major Minors    Step   nCon Feasible  Optimal  MeritFunction     L+U BSwap     nS condZHZ Penalty
    344   280      1 1.0E+00    308 (0.0E+00) 7.1E-06  3.7897805E+03       1           57 8.4E+02         _
    345   281      1 1.0E+00    309 (0.0E+00) 6.4E-06  3.7897805E+03       1           57 8.1E+02         _
    346   282      1 1.0E+00    310 (0.0E+00) 3.8E-06  3.7897805E+03       1           57 8.1E+02         _
    347   283      1 1.0E+00    311 (0.0E+00) 3.3E-06  3.7897805E+03       1           57 8.2E+02         _
    348   284      1 1.0E+00    312 (0.0E+00) 3.2E-06  3.7897805E+03       1           57 7.8E+02         _
    349   285      1 1.0E+00    313 (0.0E+00) 2.2E-06  3.7897805E+03       1           57 7.6E+02         _
    350   286      1 1.0E+00    314 (0.0E+00) 2.1E-06  3.7897805E+03       1           57 7.6E+02         _
    351   287      1 1.0E+00    315 (0.0E+00) 3.2E-06  3.7897805E+03       1           57 7.2E+02         _  R
    352   288      1 1.3E-01    317 (0.0E+00) 4.0E-06  3.7897805E+03       1           57 7.6E+02         _s
    353   289      1 1.0E+00    318 (0.0E+00) 2.8E-06  3.7897805E+03       1           57 7.9E+02         _
    354   290      1 1.0E+00    319 (0.0E+00) 2.4E-06  3.7897805E+03       1           57 7.6E+02         _
    355   291      1 1.0E+00    320 (0.0E+00) 3.4E-06  3.7897805E+03       1           57 7.5E+02         _
    356   292      1 1.0E+00    321 (0.0E+00) 4.6E-06  3.7897805E+03       1           57 7.5E+02         _
    357   293      1 1.0E+00    322 (0.0E+00) 4.3E-06  3.7897805E+03       1           57 8.5E+02         _
    358   294      1 1.0E+00    323 (0.0E+00) 2.8E-06  3.7897805E+03       1           57 8.6E+02         _
    359   295      1 1.0E+00    324 (0.0E+00)(1.5E-06) 3.7897805E+03       1           57 7.9E+02         _
1
 
 SNOPTC EXIT   0 -- finished successfully
 SNOPTC INFO   1 -- optimality conditions satisfied

 Problem name                 roseCar
 No. of iterations                 359   Objective            3.7897805178E+03
 No. of major iterations           295   Linear    obj. term  0.0000000000E+00
 Penalty parameter           0.000E+00   Nonlinear obj. term  3.7897805178E+03
 User function calls (total)       325
 No. of superbasics                 57   No. of basic nonlinears             0
 No. of degenerate steps             0   Percentage                       0.00
 Max x                       1 1.0E+01   Max pi                      1 0.0E+00
 Max Primal infeas           0 0.0E+00   Max Dual infeas           334 1.5E-06
 Nonlinear constraint violn    0.0E+00
1
 
 Name           roseCar                  Objective Value      3.7897805178E+03

 Status         Optimal Soln             Iteration    359    Superbasics    57

 Objective      µj:P¾’B| (Min)
 RHS            ÇùK«Ð)Ty
 Ranges         ØT]4á¬eÎ
 Bounds         ê’nkòwD

 Section 1 - Constraints

  Number  ...Row.. State  ...Value......  Slack Value...  ..Lower Limit.  ..Upper Limit.  .Dual Variable    ..i
 
     389  r      1    BS          .               .                None            None           .           1
1
 
 Section 2 - Variables

  Number  .Column. State  ...Value......  .Obj Gradient.  ..Lower Limit.  ..Upper Limit.  .Dual Variable    m+j
 
       1  x      1 A  EQ        10.00000          .             10.00000        10.00000          .           2
       2  x      2 A  EQ         8.57041          .              8.57041         8.57041          .           3
       3  x      3 A  EQ        10.00000          .             10.00000        10.00000          .           4
       4  x      4 A  EQ         7.12248          .              7.12248         7.12248          .           5
       5  x      5 A  EQ        10.00000          .             10.00000        10.00000          .           6
       6  x      6 A  EQ         4.95977          .              4.95977         4.95977          .           7
       7  x      7 A  EQ        10.00000          .             10.00000        10.00000          .           8
       8  x      8 A  EQ         2.43259          .              2.43259         2.43259          .           9
       9  x      9 A  EQ        10.00000          .             10.00000        10.00000          .          10
      10  x     10 A  EQ        -0.37154          .             -0.37154        -0.37154          .          11
      11  x     11 A  EQ        10.00000          .             10.00000        10.00000          .          12
      12  x     12 A  EQ        -2.28379          .             -2.28379        -2.28379          .          13
      13  x     13 A  EQ        10.00000          .             10.00000        10.00000          .          14
      14  x     14 A  EQ        -3.52934          .             -3.52934        -3.52934          .          15
      15  x     15 A  EQ        10.00000          .             10.00000        10.00000          .          16
      16  x     16 A  EQ        -4.01680          .             -4.01680        -4.01680          .          17
      17  x     17 A  EQ        10.00000          .             10.00000        10.00000          .          18
      18  x     18 A  EQ        -3.80501          .             -3.80501        -3.80501          .          19
      19  x     19 A  EQ        10.00000          .             10.00000        10.00000          .          20
      20  x     20 A  EQ        -3.06342          .             -3.06342        -3.06342          .          21
      21  x     21 A  EQ         9.53351          .              9.53351         9.53351          .          22
      22  x     22 A  EQ        -1.99387          .             -1.99387        -1.99387          .          23
      23  x     23 A  EQ         4.40031          .              4.40031         4.40031          .          24
      24  x     24 A  EQ        -0.60570          .             -0.60570        -0.60570          .          25
      25  x     25 A  EQ         0.40696          .              0.40696         0.40696          .          26
      26  x     26 A  EQ         1.00686          .              1.00686         1.00686          .          27
      27  x     27 A  EQ        -2.59076          .             -2.59076        -2.59076          .          28
      28  x     28 A  EQ         2.76208          .              2.76208         2.76208          .          29
      29  x     29 A  EQ        -4.43071          .             -4.43071        -4.43071          .          30
      30  x     30 A  EQ         4.44515          .              4.44515         4.44515          .          31
      31  x     31 A  EQ        -5.82691          .             -5.82691        -5.82691          .          32
      32  x     32 A  EQ         5.91621          .              5.91621         5.91621          .          33
      33  x     33 A  EQ        -6.51782          .             -6.51782        -6.51782          .          34
      34  x     34 A  EQ         6.93567          .              6.93567         6.93567          .          35
      35  x     35 A  EQ        -6.60862          .             -6.60862        -6.60862          .          36
      36  x     36 A  EQ         7.27239          .              7.27239         7.27239          .          37
      37  x     37 A  EQ        -6.21236          .             -6.21236        -6.21236          .          38
      38  x     38 A  EQ         6.82239          .              6.82239         6.82239          .          39
      39  x     39 A  EQ        -5.23472          .             -5.23472        -5.23472          .          40
      40  x     40 A  EQ         5.61031          .              5.61031         5.61031          .          41
      41  x     41 A  EQ        -4.23089          .             -4.23089        -4.23089          .          42
      42  x     42 A  EQ         3.88055          .              3.88055         3.88055          .          43
      43  x     43 A  EQ        -2.98211          .             -2.98211        -2.98211          .          44
      44  x     44 A  EQ         1.80303          .              1.80303         1.80303          .          45
      45  x     45 A  EQ        -1.55277          .             -1.55277        -1.55277          .          46
      46  x     46 A  EQ        -0.38901          .             -0.38901        -0.38901          .          47
      47  x     47 A  EQ        -0.01665          .             -0.01665        -0.01665          .          48
      48  x     48 A  EQ        -2.48375          .             -2.48375        -2.48375          .          49
      49  x     49 A  EQ         1.71898          .              1.71898         1.71898          .          50
      50  x     50 A  EQ        -4.10581          .             -4.10581        -4.10581          .          51
      51  x     51 A  EQ         3.13459          .              3.13459         3.13459          .          52
      52  x     52 A  EQ        -5.58001          .             -5.58001        -5.58001          .          53
      53  x     53 A  EQ         4.37850          .              4.37850         4.37850          .          54
      54  x     54 A  EQ        -6.52875          .             -6.52875        -6.52875          .          55
      55  x     55 A  EQ         5.35423          .              5.35423         5.35423          .          56
      56  x     56 A  EQ        -6.88558          .             -6.88558        -6.88558          .          57
      57  x     57 A  EQ         5.99612          .              5.99612         5.99612          .          58
      58  x     58 A  EQ        -6.65048          .             -6.65048        -6.65048          .          59
      59  x     59 A  EQ         6.40496          .              6.40496         6.40496          .          60
      60  x     60 A  EQ        -5.45296          .             -5.45296        -5.45296          .          61
      61  x     61 A  EQ         6.34054          .              6.34054         6.34054          .          62
      62  x     62 A  EQ        -4.62446          .             -4.62446        -4.62446          .          63
      63  x     63 A  EQ         6.00615          .              6.00615         6.00615          .          64
      64  x     64 A  EQ        -3.55632          .             -3.55632        -3.55632          .          65
      65  x     65 A  EQ         5.45277          .              5.45277         5.45277          .          66
      66  x     66 A  EQ        -2.44603          .             -2.44603        -2.44603          .          67
      67  x     67 A  EQ         4.73057          .              4.73057         4.73057          .          68
      68  x     68 A  EQ        -1.45696          .             -1.45696        -1.45696          .          69
      69  x     69 A  EQ         3.85393          .              3.85393         3.85393          .          70
      70  x     70 A  EQ         0.00781          .              0.00781         0.00781          .          71
      71  x     71 A  EQ         2.92528          .              2.92528         2.92528          .          72
      72  x     72 A  EQ         0.02965          .              0.02965         0.02965          .          73
      73  x     73 A  EQ         1.92703          .              1.92703         1.92703          .          74
      74  x     74 A  EQ         0.05604          .              0.05604         0.05604          .          75
      75  x     75 A  EQ         0.88459          .              0.88459         0.88459          .          76
      76  x     76 A  EQ         0.07652          .              0.07652         0.07652          .          77
      77  x     77 A  EQ        -0.17732          .             -0.17732        -0.17732          .          78
      78  x     78 A  EQ         0.06869          .              0.06869         0.06869          .          79
      79  x     79 A  EQ        -1.16487          .             -1.16487        -1.16487          .          80
      80  x     80 A  EQ         1.32534          .              1.32534         1.32534          .          81
      81  x     81 A  EQ        -2.19965          .             -2.19965        -2.19965          .          82
      82  x     82 A  EQ         0.26787          .              0.26787         0.26787          .          83
      83  x     83 A  EQ        -3.18582          .             -3.18582        -3.18582          .          84
      84  x     84 A  EQ        -0.57521          .             -0.57521        -0.57521          .          85
      85  x     85 A  EQ        -4.09381          .             -4.09381        -4.09381          .          86
      86  x     86 A  EQ        -1.37781          .             -1.37781        -1.37781          .          87
      87  x     87 A  EQ        -4.89237          .             -4.89237        -4.89237          .          88
      88  x     88 A  EQ        -2.25552          .             -2.25552        -2.25552          .          89
      89  x     89 A  EQ        -5.58199          .             -5.58199        -5.58199          .          90
      90  x     90 A  EQ        -1.88570          .             -1.88570        -1.88570          .          91
      91  x     91 A  EQ        -6.08612          .             -6.08612        -6.08612          .          92
      92  x     92 A  EQ        -3.76300          .             -3.76300        -3.76300          .          93
      93  x     93 A  EQ        -6.36909          .             -6.36909        -6.36909          .          94
      94  x     94 A  EQ        -5.22204          .             -5.22204        -5.22204          .          95
      95  x     95 A  EQ        -6.40785          .             -6.40785        -6.40785          .          96
      96  x     96 A  EQ        -6.20997          .             -6.20997        -6.20997          .          97
      97  x     97 A  EQ        -6.20189          .             -6.20189        -6.20189          .          98
      98  x     98 A  EQ        -6.67117          .             -6.67117        -6.67117          .          99
      99  x     99 A  EQ        -6.38019          .             -6.38019        -6.38019          .         100
     100  x    100 A  EQ        -6.28663          .             -6.28663        -6.28663          .         101
     101  x    101 A  EQ        -5.60484          .             -5.60484        -5.60484          .         102
     102  x    102 A  EQ        -6.01143          .             -6.01143        -6.01143          .         103
     103  x    103 A  EQ        -4.67314          .             -4.67314        -4.67314          .         104
     104  x    104 A  EQ        -5.15302          .             -5.15302        -5.15302          .         105
     105  x    105 A  EQ        -3.62561          .             -3.62561        -3.62561          .         106
     106  x    106 A  EQ        -3.87883          .             -3.87883        -3.87883          .         107
     107  x    107 A  EQ        -2.49804          .             -2.49804        -2.49804          .         108
     108  x    108 A  EQ        -2.35233          .             -2.35233        -2.35233          .         109
     109  x    109 A  EQ        -1.94028          .             -1.94028        -1.94028          .         110
     110  x    110 A  EQ        -0.99726          .             -0.99726        -0.99726          .         111
     111  x    111 A  EQ        -0.55368          .             -0.55368        -0.55368          .         112
     112  x    112 A  EQ         0.63883          .              0.63883         0.63883          .         113
     113  x    113 A  EQ         0.75960          .              0.75960         0.75960          .         114
     114  x    114 A  EQ         2.17233          .              2.17233         2.17233          .         115
     115  x    115 A  EQ         1.96592          .              1.96592         1.96592          .         116
     116  x    116 A  EQ         3.51099          .              3.51099         3.51099          .         117
     117  x    117 A  EQ         3.02896          .              3.02896         3.02896          .         118
     118  x    118 A  EQ         4.57459          .              4.57459         4.57459          .         119
     119  x    119 A  EQ         3.49578          .              3.49578         3.49578          .         120
     120  x    120 A  EQ         4.92273          .              4.92273         4.92273          .         121
     121  x    121 A  EQ         4.30594          .              4.30594         4.30594          .         122
     122  x    122 A  EQ         5.40987          .              5.40987         5.40987          .         123
     123  x    123 A  EQ         4.85835          .              4.85835         4.85835          .         124
     124  x    124 A  EQ         5.47673          .              5.47673         5.47673          .         125
     125  x    125 A  EQ         5.15645          .              5.15645         5.15645          .         126
     126  x    126 A  EQ         5.14755          .              5.14755         5.14755          .         127
     127  x    127 A  EQ         5.22216          .              5.22216         5.22216          .         128
     128  x    128 A  EQ         4.49230          .              4.49230         4.49230          .         129
     129  x    129 A  EQ         4.87343          .              4.87343         4.87343          .         130
     130  x    130 A  EQ         3.24795          .              3.24795         3.24795          .         131
     131  x    131 A  EQ         4.68899          .              4.68899         4.68899          .         132
     132  x    132 A  EQ         2.51820          .              2.51820         2.51820          .         133
     133  x    133 A  EQ         4.38360          .              4.38360         4.38360          .         134
     134  x    134 A  EQ         1.74130          .              1.74130         1.74130          .         135
     135  x    135 A  EQ         3.99622          .              3.99622         3.99622          .         136
     136  x    136 A  EQ         1.01803          .              1.01803         1.01803          .         137
     137  x    137 A  EQ         3.55908          .              3.55908         3.55908          .         138
     138  x    138 A  EQ         0.41845          .              0.41845         0.41845          .         139
     139  x    139 A  EQ         3.07854          .              3.07854         3.07854          .         140
     140  x    140 A  EQ        -0.38926          .             -0.38926        -0.38926          .         141
     141  x    141 A  EQ         2.65772          .              2.65772         2.65772          .         142
     142  x    142 A  EQ        -0.40581          .             -0.40581        -0.40581          .         143
     143  x    143 A  EQ         2.23306          .              2.23306         2.23306          .         144
     144  x    144 A  EQ        -0.39012          .             -0.39012        -0.39012          .         145
     145  x    145 A  EQ         1.81558          .              1.81558         1.81558          .         146
     146  x    146 A  EQ        -0.34975          .             -0.34975        -0.34975          .         147
     147  x    147 A  EQ         1.41209          .              1.41209         1.41209          .         148
     148  x    148 A  EQ        -0.29267          .             -0.29267        -0.29267          .         149
     149  x    149 A  EQ         1.18245          .              1.18245         1.18245          .         150
     150  x    150 A  EQ        -0.54650          .             -0.54650        -0.54650          .         151
     151  x    151 A  EQ         0.80743          .              0.80743         0.80743          .         152
     152  x    152 A  EQ        -0.22784          .             -0.22784        -0.22784          .         153
     153  x    153 A  EQ         0.44457          .              0.44457         0.44457          .         154
     154  x    154 A  EQ        -0.01316          .             -0.01316        -0.01316          .         155
     155  x    155 A  EQ         0.08891          .              0.08891         0.08891          .         156
     156  x    156 A  EQ         0.12555          .              0.12555         0.12555          .         157
     157  x    157 A  EQ        -0.26578          .             -0.26578        -0.26578          .         158
     158  x    158 A  EQ         0.21395          .              0.21395         0.21395          .         159
     159  x    159 A  EQ        -0.51640          .             -0.51640        -0.51640          .         160
     160  x    160 A  EQ         0.30058          .              0.30058         0.30058          .         161
     161  x    161 A  EQ        -0.91723          .             -0.91723        -0.91723          .         162
     162  x    162 A  EQ         0.38867          .              0.38867         0.38867          .         163
     163  x    163 A  EQ        -1.33081          .             -1.33081        -1.33081          .         164
     164  x    164 A  EQ         0.41545          .              0.41545         0.41545          .         165
     165  x    165 A  EQ        -1.75912          .             -1.75912        -1.75912          .         166
     166  x    166 A  EQ         0.37552          .              0.37552         0.37552          .         167
     167  x    167 A  EQ        -2.20128          .             -2.20128        -2.20128          .         168
     168  x    168 A  EQ         0.25106          .              0.25106         0.25106          .         169
     169  x    169 A  EQ        -2.29989          .             -2.29989        -2.29989          .         170
     170  x    170 A  EQ         0.68093          .              0.68093         0.68093          .         171
     171  x    171 A  EQ        -2.83262          .             -2.83262        -2.83262          .         172
     172  x    172 A  EQ         0.04022          .              0.04022         0.04022          .         173
     173  x    173 A  EQ        -3.34252          .             -3.34252        -3.34252          .         174
     174  x    174 A  EQ        -0.68622          .             -0.68622        -0.68622          .         175
     175  x    175 A  EQ        -3.81198          .             -3.81198        -3.81198          .         176
     176  x    176 A  EQ        -1.50994          .             -1.50994        -1.50994          .         177
     177  x    177 A  EQ        -4.21841          .             -4.21841        -4.21841          .         178
     178  x    178 A  EQ        -2.41129          .             -2.41129        -2.41129          .         179
     179  x    179 A  EQ        -4.26931          .             -4.26931        -4.26931          .         180
     180  x    180 A  EQ        -2.99421          .             -2.99421        -2.99421          .         181
     181  x    181 A  EQ        -4.55205          .             -4.55205        -4.55205          .         182
     182  x    182 A  EQ        -3.92628          .             -3.92628        -3.92628          .         183
     183  x    183 A  EQ        -4.68303          .             -4.68303        -4.68303          .         184
     184  x    184 A  EQ        -4.69154          .             -4.69154        -4.69154          .         185
     185  x    185 A  EQ        -4.64714          .             -4.64714        -4.64714          .         186
     186  x    186 A  EQ        -5.18105          .             -5.18105        -5.18105          .         187
     187  x    187 A  EQ        -4.43853          .             -4.43853        -4.43853          .         188
     188  x    188 A  EQ        -5.31251          .             -5.31251        -5.31251          .         189
     189  x    189 A  EQ        -3.94394          .             -3.94394        -3.94394          .         190
     190  x    190 A  EQ        -4.80430          .             -4.80430        -4.80430          .         191
     191  x    191 A  EQ        -3.45481          .             -3.45481        -3.45481          .         192
     192  x    192 A  EQ        -4.24843          .             -4.24843        -4.24843          .         193
     193  x    193 A  EQ        -2.79466          .             -2.79466        -2.79466          .         194
     194  x    194 A  EQ        -3.33274          .             -3.33274        -3.33274          .         195
     195  x    195 A  EQ        -1.97790          .             -1.97790        -1.97790          .         196
     196  x    196 A  EQ        -2.13476          .             -2.13476        -2.13476          .         197
     197  x    197 A  EQ        -1.02304          .             -1.02304        -1.02304          .         198
     198  x    198 A  EQ        -0.75057          .             -0.75057        -0.75057          .         199
     199  x    199 A  EQ         0.08569          .              0.08569         0.08569          .         200
     200  x    200 A  EQ         0.84612          .              0.84612         0.84612          .         201
     201  x    201 A  EQ         1.22104          .              1.22104         1.22104          .         202
     202  x    202 A  EQ         2.22699          .              2.22699         2.22699          .         203
     203  x    203 A  EQ         2.38817          .              2.38817         2.38817          .         204
     204  x    204 A  EQ         3.50685          .              3.50685         3.50685          .         205
     205  x    205 A  EQ         3.52305          .              3.52305         3.52305          .         206
     206  x    206 A  EQ         4.58712          .              4.58712         4.58712          .         207
     207  x    207 A  EQ         4.55467          .              4.55467         4.55467          .         208
     208  x    208 A  EQ         5.37551          .              5.37551         5.37551          .         209
     209  x    209 A  EQ         5.42750          .              5.42750         5.42750          .         210
     210  x    210 A  EQ         5.85954          .              5.85954         5.85954          .         211
     211  x    211 A  EQ         6.07672          .              6.07672         6.07672          .         212
     212  x    212 A  EQ         5.82548          .              5.82548         5.82548          .         213
     213  x    213 A  EQ         6.45452          .              6.45452         6.45452          .         214
     214  x    214 A  EQ         5.40863          .              5.40863         5.40863          .         215
     215  x    215 A  EQ         6.55505          .              6.55505         6.55505          .         216
     216  x    216 A  EQ         4.67314          .              4.67314         4.67314          .         217
     217  x    217 A  EQ         6.39790          .              6.39790         6.39790          .         218
     218  x    218 A  EQ         3.73333          .              3.73333         3.73333          .         219
     219  x    219 A  EQ         5.92160          .              5.92160         5.92160          .         220
     220  x    220 A  EQ         2.69793          .              2.69793         2.69793          .         221
     221  x    221 A  EQ         5.40976          .              5.40976         5.40976          .         222
     222  x    222 A  EQ         1.77951          .              1.77951         1.77951          .         223
     223  x    223 A  EQ         4.74111          .              4.74111         4.74111          .         224
     224  x    224 A  EQ         1.02214          .              1.02214         1.02214          .         225
     225  x    225 A  EQ         3.94825          .              3.94825         3.94825          .         226
     226  x    226 A  EQ         0.46730          .              0.46730         0.46730          .         227
     227  x    227 A  EQ         3.05911          .              3.05911         3.05911          .         228
     228  x    228 A  EQ         0.10979          .              0.10979         0.10979          .         229
     229  x    229 A  EQ         1.81903          .              1.81903         1.81903          .         230
     230  x    230 A  EQ        -0.36603          .             -0.36603        -0.36603          .         231
     231  x    231 A  EQ         0.88783          .              0.88783         0.88783          .         232
     232  x    232 A  EQ        -0.29511          .             -0.29511        -0.29511          .         233
     233  x    233 A  EQ        -0.08601          .             -0.08601        -0.08601          .         234
     234  x    234 A  EQ        -0.20444          .             -0.20444        -0.20444          .         235
     235  x    235 A  EQ        -1.07673          .             -1.07673        -1.07673          .         236
     236  x    236 A  EQ        -0.08069          .             -0.08069        -0.08069          .         237
     237  x    237 A  EQ        -2.05908          .             -2.05908        -2.05908          .         238
     238  x    238 A  EQ         0.11745          .              0.11745         0.11745          .         239
     239  x    239 A  EQ        -3.02899          .             -3.02899        -3.02899          .         240
     240  x    240 A  EQ        -0.27562          .             -0.27562        -0.27562          .         241
     241  x    241 A  EQ        -3.88704          .             -3.88704        -3.88704          .         242
     242  x    242 A  EQ         0.63908          .              0.63908         0.63908          .         243
     243  x    243 A  EQ        -4.66654          .             -4.66654        -4.66654          .         244
     244  x    244 A  EQ         1.61037          .              1.61037         1.61037          .         245
     245  x    245 A  EQ        -5.33224          .             -5.33224        -5.33224          .         246
     246  x    246 A  EQ         2.66143          .              2.66143         2.66143          .         247
     247  x    247 A  EQ        -5.84731          .             -5.84731        -5.84731          .         248
     248  x    248 A  EQ         3.74934          .              3.74934         3.74934          .         249
     249  x    249 A  EQ        -6.28780          .             -6.28780        -6.28780          .         250
     250  x    250 A  EQ         4.51375          .              4.51375         4.51375          .         251
     251  x    251 A  EQ        -6.37506          .             -6.37506        -6.37506          .         252
     252  x    252 A  EQ         5.49835          .              5.49835         5.49835          .         253
     253  x    253 A  EQ        -6.24249          .             -6.24249        -6.24249          .         254
     254  x    254 A  EQ         6.08550          .              6.08550         6.08550          .         255
     255  x    255 A  EQ        -5.89345          .             -5.89345        -5.89345          .         256
     256  x    256 A  EQ         6.20201          .              6.20201         6.20201          .         257
     257  x    257 A  EQ        -5.34561          .             -5.34561        -5.34561          .         258
     258  x    258 A  EQ         5.83353          .              5.83353         5.83353          .         259
     259  x    259 A  EQ        -4.74489          .             -4.74489        -4.74489          .         260
     260  x    260 A  EQ         5.03053          .              5.03053         5.03053          .         261
     261  x    261 A  EQ        -3.83908          .             -3.83908        -3.83908          .         262
     262  x    262 A  EQ         3.89790          .              3.89790         3.89790          .         263
     263  x    263 A  EQ        -2.82598          .             -2.82598        -2.82598          .         264
     264  x    264 A  EQ         2.52252          .              2.52252         2.52252          .         265
     265  x    265 A  EQ        -1.73747          .             -1.73747        -1.73747          .         266
     266  x    266 A  EQ         1.02744          .              1.02744         1.02744          .         267
     267  x    267 A  EQ        -0.60950          .             -0.60950        -0.60950          .         268
     268  x    268 A  EQ        -0.47511          .             -0.47511        -0.47511          .         269
     269  x    269 A  EQ         0.43853          .              0.43853         0.43853          .         270
     270  x    270 A  EQ        -1.85088          .             -1.85088        -1.85088          .         271
     271  x    271 A  EQ         1.54762          .              1.54762         1.54762          .         272
     272  x    272 A  EQ        -3.09616          .             -3.09616        -3.09616          .         273
     273  x    273 A  EQ         2.55736          .              2.55736         2.55736          .         274
     274  x    274 A  EQ        -4.09568          .             -4.09568        -4.09568          .         275
     275  x    275 A  EQ         3.42380          .              3.42380         3.42380          .         276
     276  x    276 A  EQ        -4.79001          .             -4.79001        -4.79001          .         277
     277  x    277 A  EQ         4.10953          .              4.10953         4.10953          .         278
     278  x    278 A  EQ        -5.13881          .             -5.13881        -5.13881          .         279
     279  x    279 A  EQ         4.56084          .              4.56084         4.56084          .         280
     280  x    280 A  EQ        -5.08478          .             -5.08478        -5.08478          .         281
     281  x    281 A  EQ         4.84755          .              4.84755         4.84755          .         282
     282  x    282 A  EQ        -4.76738          .             -4.76738        -4.76738          .         283
     283  x    283 A  EQ         4.93131          .              4.93131         4.93131          .         284
     284  x    284 A  EQ        -4.17270          .             -4.17270        -4.17270          .         285
     285  x    285 A  EQ         4.83974          .              4.83974         4.83974          .         286
     286  x    286 A  EQ        -3.39170          .             -3.39170        -3.39170          .         287
     287  x    287 A  EQ         4.60919          .              4.60919         4.60919          .         288
     288  x    288 A  EQ        -2.53035          .             -2.53035        -2.53035          .         289
     289  x    289 A  EQ         4.31997          .              4.31997         4.31997          .         290
     290  x    290 A  EQ        -1.62429          .             -1.62429        -1.62429          .         291
     291  x    291 A  EQ         3.92765          .              3.92765         3.92765          .         292
     292  x    292 A  EQ        -0.93043          .             -0.93043        -0.93043          .         293
     293  x    293 A  EQ         3.49505          .              3.49505         3.49505          .         294
     294  x    294 A  EQ        -0.37354          .             -0.37354        -0.37354          .         295
     295  x    295 A  EQ         3.04378          .              3.04378         3.04378          .         296
     296  x    296 A  EQ         0.02629          .              0.02629         0.02629          .         297
     297  x    297 A  EQ         2.59039          .              2.59039         2.59039          .         298
     298  x    298 A  EQ         0.27510          .              0.27510         0.27510          .         299
     299  x    299 A  EQ         2.26755          .              2.26755         2.26755          .         300
     300  x    300 A  EQ         0.48479          .              0.48479         0.48479          .         301
     301  x    301 A  EQ         1.83424          .              1.83424         1.83424          .         302
     302  x    302 A  EQ         0.45078          .              0.45078         0.45078          .         303
     303  x    303 A  EQ         1.42520          .              1.42520         1.42520          .         304
     304  x    304 A  EQ         0.37589          .              0.37589         0.37589          .         305
     305  x    305 A  EQ         1.04151          .              1.04151         1.04151          .         306
     306  x    306 A  EQ         0.28170          .              0.28170         0.28170          .         307
     307  x    307 A  EQ         0.68124          .              0.68124         0.68124          .         308
     308  x    308 A  EQ         0.18276          .              0.18276         0.18276          .         309
     309  x    309 A  EQ         0.47346          .              0.47346         0.47346          .         310
     310  x    310 A  EQ         0.12610          .              0.12610         0.12610          .         311
     311  x    311 A  EQ         0.12853          .              0.12853         0.12853          .         312
     312  x    312 A  EQ         0.00394          .              0.00394         0.00394          .         313
     313  x    313 A  EQ        -0.20898          .             -0.20898        -0.20898          .         314
     314  x    314 A  EQ        -0.10415          .             -0.10415        -0.10415          .         315
     315  x    315 A  EQ        -0.54706          .             -0.54706        -0.54706          .         316
     316  x    316 A  EQ        -0.19794          .             -0.19794        -0.19794          .         317
     317  x    317 A  EQ        -0.89296          .             -0.89296        -0.89296          .         318
     318  x    318 A  EQ        -0.27410          .             -0.27410        -0.27410          .         319
     319  x    319 A  EQ        -1.28402          .             -1.28402        -1.28402          .         320
     320  x    320 A  EQ        -0.85385          .             -0.85385        -0.85385          .         321
     321  x    321 A  EQ        -1.66609          .             -1.66609        -1.66609          .         322
     322  x    322 A  EQ        -0.58337          .             -0.58337        -0.58337          .         323
     323  x    323 A  EQ        -2.07024          .             -2.07024        -2.07024          .         324
     324  x    324 A  EQ        -0.34328          .             -0.34328        -0.34328          .         325
     325  x    325 A  EQ        -2.49215          .             -2.49215        -2.49215          .         326
     326  x    326 A  EQ        -0.07553          .             -0.07553        -0.07553          .         327
     327  x    327 A  EQ        -2.92402          .             -2.92402        -2.92402          .         328
     328  x    328 A  EQ         0.27527          .              0.27527         0.27527          .         329
     329  x    329   SBS        -3.15460         0.00000       -10.00000        10.00000         0.00000    330
     330  x    330   SBS        -0.06075         0.00000       -10.00000        10.00000         0.00000    331
     331  x    331   SBS        -3.60480         0.00000       -10.00000        10.00000         0.00000    332
     332  x    332   SBS         0.93416         0.00000       -10.00000        10.00000         0.00000    333
     333  x    333   SBS        -4.01221         0.00000       -10.00000        10.00000         0.00000    334
     334  x    334   SBS         1.94518        -0.00000       -10.00000        10.00000        -0.00000    335
     335  x    335   SBS        -4.34925         0.00000       -10.00000        10.00000         0.00000    336
     336  x    336   SBS         2.94828         0.00000       -10.00000        10.00000         0.00000    337
     337  x    337   SBS        -4.58760         0.00000       -10.00000        10.00000         0.00000    338
     338  x    338   SBS         3.88335        -0.00000       -10.00000        10.00000        -0.00000    339
     339  x    339   SBS        -4.70195         0.00000       -10.00000        10.00000         0.00000    340
     340  x    340   SBS         4.66363         0.00000       -10.00000        10.00000         0.00000    341
     341  x    341   SBS        -4.67370         0.00000       -10.00000        10.00000         0.00000    342
     342  x    342   SBS         5.19446         0.00000       -10.00000        10.00000         0.00000    343
     343  x    343   SBS        -4.49311         0.00000       -10.00000        10.00000         0.00000    344
     344  x    344   SBS         5.39519        -0.00000       -10.00000        10.00000        -0.00000    345
     345  x    345   SBS        -4.15861         0.00000       -10.00000        10.00000         0.00000    346
     346  x    346   SBS         5.21752        -0.00000       -10.00000        10.00000        -0.00000    347
     347  x    347   SBS        -3.67390         0.00000       -10.00000        10.00000         0.00000    348
     348  x    348   SBS         4.65531        -0.00000       -10.00000        10.00000        -0.00000    349
     349  x    349   SBS        -3.04492         0.00000       -10.00000        10.00000         0.00000    350
     350  x    350   SBS         3.74428        -0.00000       -10.00000        10.00000        -0.00000    351
     351  x    351   SBS        -2.27901         0.00000       -10.00000        10.00000         0.00000    352
     352  x    352   SBS         2.55322        -0.00000       -10.00000        10.00000        -0.00000    353
     353  x    353   SBS        -1.38695         0.00000       -10.00000        10.00000         0.00000    354
     354  x    354   SBS         1.17118        -0.00000       -10.00000        10.00000        -0.00000    355
     355  x    355   SBS        -0.38693         0.00000       -10.00000        10.00000         0.00000    356
     356  x    356   SBS        -0.30453        -0.00000       -10.00000        10.00000        -0.00000    357
     357  x    357   SBS         0.69155         0.00000       -10.00000        10.00000         0.00000    358
     358  x    358   SBS        -1.77604        -0.00000       -10.00000        10.00000        -0.00000    359
     359  x    359   SBS         1.80532         0.00000       -10.00000        10.00000         0.00000    360
     360  x    360   SBS        -3.14792        -0.00000       -10.00000        10.00000        -0.00000    361
     361  x    361   SBS         2.89760         0.00000       -10.00000        10.00000         0.00000    362
     362  x    362   SBS        -4.32775        -0.00000       -10.00000        10.00000        -0.00000    363
     363  x    363   SBS         3.90130         0.00000       -10.00000        10.00000         0.00000    364
     364  x    364   SBS        -5.22847        -0.00000       -10.00000        10.00000        -0.00000    365
     365  x    365   SBS         4.74630         0.00000       -10.00000        10.00000         0.00000    366
     366  x    366   SBS        -5.77601        -0.00000       -10.00000        10.00000        -0.00000    367
     367  x    367   SBS         5.37024         0.00000       -10.00000        10.00000         0.00000    368
     368  x    368   SBS        -5.92309        -0.00000       -10.00000        10.00000        -0.00000    369
     369  x    369   SBS         5.73029         0.00000       -10.00000        10.00000         0.00000    370
     370  x    370   SBS        -5.66529        -0.00000       -10.00000        10.00000        -0.00000    371
     371  x    371   SBS         5.81094         0.00000       -10.00000        10.00000         0.00000    372
     372  x    372   SBS        -5.05138        -0.00000       -10.00000        10.00000        -0.00000    373
     373  x    373   SBS         5.62427         0.00000       -10.00000        10.00000         0.00000    374
     374  x    374   SBS        -4.18064        -0.00000       -10.00000        10.00000        -0.00000    375
     375  x    375   SBS         5.20254         0.00000       -10.00000        10.00000         0.00000    376
     376  x    376   SBS        -3.18451         0.00000       -10.00000        10.00000         0.00000    377
     377  x    377   SBS         4.58762        -0.00000       -10.00000        10.00000        -0.00000    378
     378  x    378   SBS        -2.19837        -0.00000       -10.00000        10.00000        -0.00000    379
     379  x    379   SBS         3.82207        -0.00000       -10.00000        10.00000        -0.00000    380
     380  x    380   SBS        -1.33409         0.00000       -10.00000        10.00000         0.00000    381
     381  x    381   SBS         2.94507        -0.00000       -10.00000        10.00000        -0.00000    382
     382  x    382   SBS        -0.66359         0.00000       -10.00000        10.00000         0.00000    383
     383  x    383   SBS         1.99246        -0.00000       -10.00000        10.00000        -0.00000    384
     384  x    384   SBS        -0.21807        -0.00000       -10.00000        10.00000        -0.00000    385
     385  x    385   SBS         0.99885        -0.00000       -10.00000        10.00000        -0.00000    386
     386  x    386 A  FR          .               .            -10.00000        10.00000          .         387
     387  x    387 A  FR          .               .            -10.00000        10.00000          .         388
     388  x    388 A  FR          .               .            -10.00000        10.00000          .         389
 
 Time for MPS input                             0.00 seconds
 Time for solving problem                      40.00 seconds
 Time for solution output                       0.00 seconds
 Time for constraint functions                 39.94 seconds
 Time for objective function                    0.00 seconds
