
 ==============================
 S N O P T  7.7.1    (Nov 2018)
 ==============================
 
 SNMEMB EXIT 100 -- finished successfully
 SNMEMB INFO 104 -- memory requirements estimated

 ==============================
 S N O P T  7.7.1    (Nov 2018)
 ==============================
 
 

 Nonlinear constraints       1     Linear constraints       0
 Nonlinear variables        98     Linear variables         0
 Jacobian  variables        98     Objective variables     98
 Total constraints           1     Total variables         98
 

 
 The user has defined      98   out of      98   constraint gradients.
 The user has defined      98   out of      98   objective  gradients.
 

 Major Minors     Step   nCon Feasible  Optimal  MeritFunction     nS Penalty
     0     90               1 (0.0E+00) 4.2E-01  2.3473544E+03     60           r
     1     34  5.0E-04      4 (0.0E+00) 3.4E-01  2.1442049E+03     92           r
     2      5  7.1E-04      7 (0.0E+00) 1.9E-01  2.1279270E+03     95         s
     3      2  1.0E+00      8 (0.0E+00) 1.9E-01  2.0799496E+03     95
     4      2  1.0E+00      9 (0.0E+00) 2.5E-01  1.7717097E+03     95
     5      2  1.0E+00     10 (0.0E+00) 3.1E-01  1.7637276E+03     95
     6      2  1.0E+00     11 (0.0E+00) 7.0E-01  1.7464718E+03     95
     7      2  1.0E+00     12 (0.0E+00) 7.4E-01  1.7252251E+03     95
     8      2  1.0E+00     13 (0.0E+00) 5.2E-01  1.7012548E+03     95
     9      2  1.0E+00     14 (0.0E+00) 3.0E-01  1.6889501E+03     95

 Major Minors     Step   nCon Feasible  Optimal  MeritFunction     nS Penalty
    10      2  1.0E+00     15 (0.0E+00) 2.9E-01  1.6836927E+03     95
    11      2  1.0E+00     16 (0.0E+00) 3.0E-01  1.6793700E+03     95
    12      1  1.0E+00     17 (0.0E+00) 4.3E-01  1.6711979E+03     95           R
    13      1  1.0E+00     18 (0.0E+00) 2.6E-01  1.6699287E+03     95         s
    14      1  1.0E+00     19 (0.0E+00) 3.1E-01  1.6676053E+03     95
    15      2  1.0E+00     20 (0.0E+00) 2.9E-01  1.6648890E+03     95
    16      2  1.0E+00     21 (0.0E+00) 3.8E-01  1.6581014E+03     95
    17      2  1.0E+00     22 (0.0E+00) 3.4E-01  1.6511505E+03     95
    18      2  1.0E+00     23 (0.0E+00) 2.9E-01  1.6466072E+03     95
    19      1  1.0E+00     24 (0.0E+00) 2.8E-01  1.6450016E+03     95

 Major Minors     Step   nCon Feasible  Optimal  MeritFunction     nS Penalty
    20      2  1.0E+00     25 (0.0E+00) 6.2E-01  1.6439974E+03     95
    21      3  1.0E+00     26 (0.0E+00) 5.5E-01  1.6417873E+03     94
    22      3  1.0E+00     27 (0.0E+00) 4.8E-01  1.6390467E+03     93
    23      2  1.0E+00     28 (0.0E+00) 4.2E-01  1.6336831E+03     94           R
    24      2  1.0E+00     29 (0.0E+00) 3.1E-01  1.6326171E+03     93         s
    25      2  1.0E+00     30 (0.0E+00) 3.8E-01  1.6323951E+03     93
    26      2  1.0E+00     31 (0.0E+00) 4.0E-01  1.6300274E+03     92
    27      2  1.0E+00     32 (0.0E+00) 3.9E-01  1.6266269E+03     92
    28      4  1.0E+00     33 (0.0E+00) 3.8E-01  1.6243085E+03     92
    29      3  1.0E+00     34 (0.0E+00) 3.8E-01  1.6167556E+03     91

 Major Minors     Step   nCon Feasible  Optimal  MeritFunction     nS Penalty
    30      2  1.0E+00     35 (0.0E+00) 3.7E-01  1.6010557E+03     91
    31      2  1.0E+00     36 (0.0E+00) 3.8E-01  1.5945042E+03     91
    32      2  1.0E+00     37 (0.0E+00) 3.9E-01  1.5874884E+03     91
    33      2  1.0E+00     38 (0.0E+00) 3.5E-01  1.5833387E+03     91
    34      3  1.0E+00     39 (0.0E+00) 4.3E-01  1.5820898E+03     93           R
    35      9  1.0E+00     40 (0.0E+00) 4.4E-01  1.5818097E+03     90         s
    36      8  1.0E-02     42 (0.0E+00) 3.5E-01  1.5709488E+03     93
    37      6  1.0E+00     43 (0.0E+00) 2.4E-01  1.5426123E+03     95
    38      3  5.2E-01     45 (0.0E+00) 4.3E-01  1.5335687E+03     93
    39      4  1.0E+00     46 (0.0E+00) 3.3E-01  1.5172241E+03     91

 Major Minors     Step   nCon Feasible  Optimal  MeritFunction     nS Penalty
    40      5  1.0E+00     47 (0.0E+00) 3.0E-01  1.4671121E+03     90
    41      6  1.0E+00     48 (0.0E+00) 3.0E-01  1.3743267E+03     94
    42      3  1.0E+00     49 (0.0E+00) 4.3E-01  1.3562306E+03     95
    43      2  1.0E+00     50 (0.0E+00) 4.3E-01  1.3543198E+03     95
    44      2  1.0E+00     51 (0.0E+00) 3.6E-01  1.3511209E+03     95
    45      1  1.0E+00     52 (0.0E+00) 3.7E-01  1.3441302E+03     95           R
    46      2  4.5E-02     54 (0.0E+00) 2.9E-01  1.3433572E+03     95         s
    47      2  1.0E+00     55 (0.0E+00) 2.8E-01  1.3432849E+03     95
    48      1  1.0E+00     56 (0.0E+00) 4.5E-01  1.3411221E+03     95
    49      2  1.0E+00     57 (0.0E+00) 4.6E-01  1.3410106E+03     95

 Major Minors     Step   nCon Feasible  Optimal  MeritFunction     nS Penalty
    50      2  1.0E+00     58 (0.0E+00) 4.6E-01  1.3382267E+03     94
    51      2  1.0E+00     59 (0.0E+00) 4.3E-01  1.3376712E+03     94
    52      1  1.0E+00     60 (0.0E+00) 5.2E-01  1.3372325E+03     94
    53      2  1.0E+00     61 (0.0E+00) 6.2E-01  1.3370139E+03     94
    54      3  1.0E+00     62 (0.0E+00) 7.1E-01  1.3361012E+03     95
    55      2  1.0E+00     63 (0.0E+00) 7.3E-01  1.3352028E+03     95
    56      1  1.0E+00     64 (0.0E+00) 7.2E-01  1.3335407E+03     95           R
    57      1  1.0E+00     65 (0.0E+00) 6.3E-01  1.3332723E+03     95         s
    58      2  1.0E+00     66 (0.0E+00) 3.3E-01  1.3321372E+03     95
    59      1  1.0E+00     67 (0.0E+00) 4.4E-01  1.3308382E+03     95

 Major Minors     Step   nCon Feasible  Optimal  MeritFunction     nS Penalty
    60      1  1.0E+00     68 (0.0E+00) 4.2E-01  1.3305622E+03     95
    61      1  1.0E+00     69 (0.0E+00) 3.2E-01  1.3301356E+03     95
    62      2  1.0E+00     70 (0.0E+00) 2.6E-01  1.3294731E+03     95
    63      1  1.0E+00     71 (0.0E+00) 2.8E-01  1.3285866E+03     95
    64      1  1.0E+00     72 (0.0E+00) 2.9E-01  1.3280093E+03     95
    65      1  1.0E+00     73 (0.0E+00) 2.8E-01  1.3278081E+03     95
    66      1  1.0E+00     74 (0.0E+00) 4.2E-01  1.3277084E+03     95
    67      1  1.0E+00     75 (0.0E+00) 3.5E-01  1.3275066E+03     95           R
    68      1  4.8E-01     77 (0.0E+00) 3.5E-01  1.3274093E+03     95         s
    69      2  1.0E+00     78 (0.0E+00) 3.4E-01  1.3273768E+03     95

 Major Minors     Step   nCon Feasible  Optimal  MeritFunction     nS Penalty
    70      1  1.0E+00     79 (0.0E+00) 4.5E-01  1.3265233E+03     95
    71      2  1.0E+00     80 (0.0E+00) 4.5E-01  1.3264567E+03     95
    72      2  1.0E+00     81 (0.0E+00) 3.9E-01  1.3245265E+03     94
    73      2  1.0E+00     82 (0.0E+00) 4.0E-01  1.3238716E+03     94
    74      1  1.0E+00     83 (0.0E+00) 4.5E-01  1.3234467E+03     94
    75      2  1.0E+00     84 (0.0E+00) 5.2E-01  1.3232653E+03     94
    76      2  1.0E+00     85 (0.0E+00) 6.9E-01  1.3223426E+03     94
    77      4  1.0E+00     86 (0.0E+00) 6.9E-01  1.3213152E+03     95
    78      1  1.0E+00     87 (0.0E+00) 6.8E-01  1.3198323E+03     95           R
    79      1  1.0E+00     88 (0.0E+00) 5.8E-01  1.3194764E+03     95         s

 Major Minors     Step   nCon Feasible  Optimal  MeritFunction     nS Penalty
    80      1  1.0E+00     89 (0.0E+00) 2.9E-01  1.3163858E+03     95
    81      1  1.0E+00     90 (0.0E+00) 3.0E-01  1.3159138E+03     95
    82      1  1.0E+00     91 (0.0E+00) 3.8E-01  1.3131307E+03     95
