
 ==============================
 S N O P T  7.7.1    (Nov 2018)
 ==============================
 
 SNMEMB EXIT 100 -- finished successfully
 SNMEMB INFO 104 -- memory requirements estimated

 ==============================
 S N O P T  7.7.1    (Nov 2018)
 ==============================
 
 

 Nonlinear constraints       1     Linear constraints       0
 Nonlinear variables       178     Linear variables         0
 Jacobian  variables       178     Objective variables    178
 Total constraints           1     Total variables        178
 

 
 The user has defined     178   out of     178   constraint gradients.
 The user has defined     178   out of     178   objective  gradients.
 

 Major Minors     Step   nCon Feasible  Optimal  MeritFunction     nS Penalty
     0    113               1 (0.0E+00) 2.0E-01  2.4831679E+03     99           r  T
     1     94  8.7E-04      4 (0.0E+00) 3.2E-01  2.3156740E+03    137           r
     2     92  6.1E-05      7 (0.0E+00) 2.9E-01  2.2896199E+03    175         s
     3      6  1.0E+00      8 (0.0E+00) 2.9E-01  2.2873825E+03    171
     4      2  1.0E+00      9 (0.0E+00) 2.8E-01  2.2406493E+03    171
     5      5  1.0E+00     10 (0.0E+00) 3.0E-01  2.2327237E+03    172
     6      3  1.0E+00     11 (0.0E+00) 3.4E-01  2.2187341E+03    173
     7      2  1.0E+00     12 (0.0E+00) 3.4E-01  2.2170000E+03    173
     8      2  1.0E+00     13 (0.0E+00) 2.6E-01  2.2158884E+03    173
     9      4  1.0E+00     14 (0.0E+00) 2.7E-01  2.2155276E+03    175

 Major Minors     Step   nCon Feasible  Optimal  MeritFunction     nS Penalty
    10      2  1.0E+00     15 (0.0E+00) 2.4E-01  2.2140048E+03    175
    11      2  1.0E+00     16 (0.0E+00) 3.0E-01  2.2118470E+03    175
    12      2  1.0E+00     17 (0.0E+00) 3.8E-01  2.2086851E+03    174           R
    13      2  1.0E+00     18 (0.0E+00) 2.1E-01  2.2070669E+03    173         s
    14      3  1.0E+00     19 (0.0E+00) 1.8E-01  2.2066515E+03    172
    15      2  1.0E+00     20 (0.0E+00) 2.8E-01  2.2034516E+03    172
    16      3  1.0E+00     21 (0.0E+00) 2.0E-01  2.2021900E+03    173
    17      4  1.0E+00     22 (0.0E+00) 2.6E-01  2.2014998E+03    175
    18      2  1.0E+00     23 (0.0E+00) 2.8E-01  2.2010413E+03    175
    19      2  1.0E+00     24 (0.0E+00) 3.9E-01  2.1998060E+03    175

 Major Minors     Step   nCon Feasible  Optimal  MeritFunction     nS Penalty
    20      2  1.0E+00     25 (0.0E+00) 3.9E-01  2.1973230E+03    175
    21      2  1.0E+00     26 (0.0E+00) 3.6E-01  2.1924080E+03    175
    22      2  1.0E+00     27 (0.0E+00) 3.5E-01  2.1862058E+03    175
    23      1  1.0E+00     28 (0.0E+00) 3.4E-01  2.1820823E+03    175           R
    24      1  1.0E+00     29 (0.0E+00) 2.6E-01  2.1809363E+03    175         s
    25      3  1.0E+00     30 (0.0E+00) 2.7E-01  2.1804662E+03    174
    26      4  1.0E+00     31 (0.0E+00) 2.6E-01  2.1755258E+03    172
    27      3  1.0E+00     32 (0.0E+00) 2.2E-01  2.1725719E+03    171
    28      3  1.0E+00     33 (0.0E+00) 3.2E-01  2.1690611E+03    172
    29      3  1.0E+00     34 (0.0E+00) 3.1E-01  2.1674680E+03    173

 Major Minors     Step   nCon Feasible  Optimal  MeritFunction     nS Penalty
    30      2  1.0E+00     35 (0.0E+00) 2.7E-01  2.1669619E+03    173
    31      4  1.0E+00     36 (0.0E+00) 2.7E-01  2.1666732E+03    175
    32      2  1.0E+00     37 (0.0E+00) 2.2E-01  2.1664929E+03    175
    33      2  1.0E+00     38 (0.0E+00) 2.6E-01  2.1659745E+03    175
    34      1  1.0E+00     39 (0.0E+00) 3.0E-01  2.1649392E+03    175           R
    35      1  1.0E+00     40 (0.0E+00) 2.6E-01  2.1640999E+03    175         s
    36      1  1.0E+00     41 (0.0E+00) 2.7E-01  2.1639998E+03    175
    37      2  1.0E+00     42 (0.0E+00) 2.6E-01  2.1638441E+03    174
    38      3  1.0E+00     43 (0.0E+00) 2.8E-01  2.1633705E+03    173
    39      3  1.0E+00     44 (0.0E+00) 2.6E-01  2.1625752E+03    174

 Major Minors     Step   nCon Feasible  Optimal  MeritFunction     nS Penalty
    40      4  1.0E+00     45 (0.0E+00) 2.3E-01  2.1602383E+03    174
    41      3  1.0E+00     46 (0.0E+00) 2.2E-01  2.1586503E+03    173
    42      3  1.0E+00     47 (0.0E+00) 2.6E-01  2.1573242E+03    174
    43      3  1.0E+00     48 (0.0E+00) 4.7E-01  2.1567921E+03    175
    44      2  1.0E+00     49 (0.0E+00) 5.2E-01  2.1561208E+03    175
    45      1  1.0E+00     50 (0.0E+00) 3.9E-01  2.1547227E+03    175           R
    46      2  1.0E+00     51 (0.0E+00) 3.1E-01  2.1537192E+03    175         s
    47      2  1.0E+00     52 (0.0E+00) 2.7E-01  2.1534671E+03    175
    48      3  1.0E+00     53 (0.0E+00) 2.5E-01  2.1514765E+03    174
    49      3  1.0E+00     54 (0.0E+00) 2.5E-01  2.1506626E+03    172

 Major Minors     Step   nCon Feasible  Optimal  MeritFunction     nS Penalty
    50      2  1.0E+00     55 (0.0E+00) 1.9E-01  2.1491897E+03    171
    51      6  1.0E+00     56 (0.0E+00) 1.7E-01  2.1489450E+03    173
    52      2  1.0E+00     57 (0.0E+00) 2.6E-01  2.1468315E+03    173
    53      3  1.0E+00     58 (0.0E+00) 2.3E-01  2.1460105E+03    174
    54      2  1.0E+00     59 (0.0E+00) 2.5E-01  2.1453289E+03    174
    55      4  1.0E+00     60 (0.0E+00) 2.4E-01  2.1451895E+03    172
    56      3  1.0E+00     61 (0.0E+00) 2.7E-01  2.1447295E+03    174           R
    57      2  1.0E+00     62 (0.0E+00) 2.4E-01  2.1445650E+03    175         s
    58      6  1.0E+00     63 (0.0E+00) 2.0E-01  2.1443464E+03    172
    59      3  1.0E+00     64 (0.0E+00) 3.0E-01  2.1430558E+03    171

 Major Minors     Step   nCon Feasible  Optimal  MeritFunction     nS Penalty
    60      2  1.0E+00     65 (0.0E+00) 3.5E-01  2.1420982E+03    171
    61      2  1.0E+00     66 (0.0E+00) 3.5E-01  2.1412959E+03    171
    62      2  1.0E+00     67 (0.0E+00) 1.9E-01  2.1409363E+03    171
    63      2  1.0E+00     68 (0.0E+00) 1.9E-01  2.1404480E+03    171
    64      2  1.0E+00     69 (0.0E+00) 2.4E-01  2.1397185E+03    171
    65      2  1.0E+00     70 (0.0E+00) 3.2E-01  2.1387201E+03    171
    66      2  1.0E+00     71 (0.0E+00) 4.7E-01  2.1378828E+03    171
    67      2  1.0E+00     72 (0.0E+00) 3.0E-01  2.1372925E+03    172           R
    68      4  1.0E+00     73 (0.0E+00) 2.5E-01  2.1369849E+03    169         s
    69      4  1.1E-01     75 (0.0E+00) 3.5E-01  2.1361345E+03    170

 Major Minors     Step   nCon Feasible  Optimal  MeritFunction     nS Penalty
    70      2  1.0E+00     76 (0.0E+00) 2.8E-01  2.1318342E+03    170
    71      4  1.0E+00     77 (0.0E+00) 4.1E-01  2.1303262E+03    170
    72      4  1.0E+00     78 (0.0E+00) 2.5E-01  2.1269607E+03    172
    73      4  1.0E+00     79 (0.0E+00) 2.3E-01  2.1189717E+03    173
    74      3  1.0E+00     80 (0.0E+00) 2.3E-01  2.1051638E+03    172
    75      3  1.0E+00     81 (0.0E+00) 2.3E-01  2.0765229E+03    171
    76      2  1.0E+00     82 (0.0E+00) 2.4E-01  2.0388291E+03    171
    77      3  1.0E+00     83 (0.0E+00) 2.0E-01  2.0135731E+03    172
    78      1  1.0E+00     84 (0.0E+00) 1.9E-01  2.0041499E+03    172           R
    79      7  1.0E+00     85 (0.0E+00) 2.7E-01  2.0017431E+03    173         s

 Major Minors     Step   nCon Feasible  Optimal  MeritFunction     nS Penalty
    80      4  3.1E-01     87 (0.0E+00) 3.9E-01  1.9647764E+03    174
    81      3  1.0E+00     88 (0.0E+00) 2.7E-01  1.9331866E+03    175
    82      2  1.0E+00     89 (0.0E+00) 2.8E-01  1.9103732E+03    175
    83      2  1.0E+00     90 (0.0E+00) 1.9E-01  1.9012642E+03    175
    84      2  1.0E+00     91 (0.0E+00) 2.3E-01  1.8875631E+03    175
    85      2  1.0E+00     92 (0.0E+00) 1.7E-01  1.8758518E+03    175
    86      2  1.0E+00     93 (0.0E+00) 2.7E-01  1.8617251E+03    175
    87      3  1.0E+00     94 (0.0E+00) 2.2E-01  1.8470048E+03    174
    88      2  1.0E+00     95 (0.0E+00) 2.8E-01  1.8249510E+03    174
    89      1  1.0E+00     96 (0.0E+00) 2.7E-01  1.7950359E+03    174           R

 Major Minors     Step   nCon Feasible  Optimal  MeritFunction     nS Penalty
    90      3  6.5E-02     98 (0.0E+00) 6.7E-01  1.7940298E+03    175         s
    91      2  1.0E+00     99 (0.0E+00) 6.6E-01  1.7927656E+03    175
    92      2  1.0E+00    100 (0.0E+00) 2.6E-01  1.7742583E+03    175
    93      2  1.0E+00    101 (0.0E+00) 2.5E-01  1.7735766E+03    175
    94      2  1.0E+00    102 (0.0E+00) 2.0E-01  1.7642387E+03    175
    95      2  1.0E+00    103 (0.0E+00) 1.9E-01  1.7630111E+03    175
    96      2  1.0E+00    104 (0.0E+00) 2.3E-01  1.7474627E+03    175
    97      2  1.0E+00    105 (0.0E+00) 2.8E-01  1.7410325E+03    175
    98      2  1.0E+00    106 (0.0E+00) 2.3E-01  1.7383397E+03    175
    99      2  1.0E+00    107 (0.0E+00) 2.9E-01  1.7375977E+03    175

 Major Minors     Step   nCon Feasible  Optimal  MeritFunction     nS Penalty
   100      1  1.0E+00    108 (0.0E+00) 3.9E-01  1.7362792E+03    175           R
   101      2  1.0E+00    109 (0.0E+00) 3.6E-01  1.7356964E+03    175         s
   102      2  7.7E-02    111 (0.0E+00) 3.5E-01  1.7340699E+03    175
   103      2  1.0E+00    112 (0.0E+00) 3.6E-01  1.7242468E+03    175
   104      2  1.0E+00    113 (0.0E+00) 2.9E-01  1.7114948E+03    175
   105      2  1.0E+00    114 (0.0E+00) 2.1E-01  1.7070250E+03    175
   106      2  1.0E+00    115 (0.0E+00) 2.9E-01  1.6927030E+03    175
   107      3  1.0E+00    116 (0.0E+00) 2.8E-01  1.6729757E+03    174
   108      3  1.0E+00    117 (0.0E+00) 2.8E-01  1.6364253E+03    173
   109      6  1.0E+00    118 (0.0E+00) 2.8E-01  1.6071220E+03    171

 Major Minors     Step   nCon Feasible  Optimal  MeritFunction     nS Penalty
   110      3  1.0E+00    119 (0.0E+00) 3.4E-01  1.5754540E+03    172
   111      3  1.0E+00    120 (0.0E+00) 3.0E-01  1.5644238E+03    174           R
   112      3  1.1E-01    122 (0.0E+00) 1.7E-01  1.5636263E+03    175         s
   113      2  1.0E+00    123 (0.0E+00) 2.0E-01  1.5618269E+03    175
   114      1  1.0E+00    124 (0.0E+00) 2.7E-01  1.5599088E+03    175
   115      2  1.0E+00    125 (0.0E+00) 3.1E-01  1.5592225E+03    175
   116      2  1.0E+00    126 (0.0E+00) 3.1E-01  1.5542044E+03    175
   117      2  1.0E+00    127 (0.0E+00) 2.3E-01  1.5487972E+03    175
   118      2  1.0E+00    128 (0.0E+00) 3.2E-01  1.5426754E+03    175
   119      2  1.0E+00    129 (0.0E+00) 3.6E-01  1.5392225E+03    175

 Major Minors     Step   nCon Feasible  Optimal  MeritFunction     nS Penalty
   120      2  1.0E+00    130 (0.0E+00) 2.9E-01  1.5362588E+03    175
   121      2  1.0E+00    131 (0.0E+00) 2.2E-01  1.5318435E+03    175
   122      1  1.0E+00    132 (0.0E+00) 2.3E-01  1.5253141E+03    175           R
   123      2  1.0E+00    133 (0.0E+00) 4.1E-01  1.5240171E+03    175         s
   124      2  1.0E+00    134 (0.0E+00) 4.7E-01  1.5216692E+03    175
   125      1  1.0E+00    135 (0.0E+00) 3.7E-01  1.5198420E+03    175
   126      2  1.0E+00    136 (0.0E+00) 3.5E-01  1.5196712E+03    175
   127      2  1.0E+00    137 (0.0E+00) 2.4E-01  1.5186782E+03    175
   128      2  1.0E+00    138 (0.0E+00) 2.8E-01  1.5175718E+03    175
   129      2  1.0E+00    139 (0.0E+00) 2.6E-01  1.5162271E+03    175

 Major Minors     Step   nCon Feasible  Optimal  MeritFunction     nS Penalty
   130      2  1.0E+00    140 (0.0E+00) 3.1E-01  1.5154567E+03    175
   131      2  1.0E+00    141 (0.0E+00) 3.6E-01  1.5149101E+03    175
   132      2  1.0E+00    142 (0.0E+00) 3.3E-01  1.5141144E+03    175
   133      1  1.0E+00    143 (0.0E+00) 2.2E-01  1.5124202E+03    175           R
   134      2  1.0E+00    144 (0.0E+00) 2.5E-01  1.5118483E+03    175         s
   135      2  1.0E+00    145 (0.0E+00) 2.3E-01  1.5108430E+03    175
   136      1  1.0E+00    146 (0.0E+00) 4.7E-01  1.5098374E+03    175
   137      2  1.0E+00    147 (0.0E+00) 4.9E-01  1.5096852E+03    175
   138      2  1.0E+00    148 (0.0E+00) 3.4E-01  1.5083909E+03    175
   139      3  1.0E+00    149 (0.0E+00) 3.1E-01  1.5078432E+03    174

 Major Minors     Step   nCon Feasible  Optimal  MeritFunction     nS Penalty
   140      3  1.0E+00    150 (0.0E+00) 2.7E-01  1.5075087E+03    175
   141      2  1.0E+00    151 (0.0E+00) 4.3E-01  1.5070833E+03    175
   142      2  1.0E+00    152 (0.0E+00) 5.1E-01  1.5065665E+03    175
   143      2  1.0E+00    153 (0.0E+00) 5.3E-01  1.5048873E+03    175
   144      1  1.0E+00    154 (0.0E+00) 5.3E-01  1.5020732E+03    175           R
   145      2  1.0E+00    155 (0.0E+00) 2.3E-01  1.5012018E+03    175         s
   146      2  1.0E+00    156 (0.0E+00) 2.5E-01  1.4997893E+03    175
   147      1  1.0E+00    157 (0.0E+00) 2.6E-01  1.4985877E+03    175
   148      2  1.0E+00    158 (0.0E+00) 2.4E-01  1.4984474E+03    175
   149      2  1.0E+00    159 (0.0E+00) 3.0E-01  1.4967809E+03    175

 Major Minors     Step   nCon Feasible  Optimal  MeritFunction     nS Penalty
   150      2  1.0E+00    160 (0.0E+00) 2.6E-01  1.4961491E+03    175
   151      1  1.0E+00    161 (0.0E+00) 2.6E-01  1.4958122E+03    175
   152      2  1.0E+00    162 (0.0E+00) 3.0E-01  1.4956182E+03    175
   153      2  1.0E+00    163 (0.0E+00) 2.4E-01  1.4951609E+03    175
   154      2  1.0E+00    164 (0.0E+00) 2.1E-01  1.4943981E+03    175
   155      1  1.0E+00    165 (0.0E+00) 2.4E-01  1.4933682E+03    175           R
   156      1  1.0E+00    166 (0.0E+00) 3.0E-01  1.4931327E+03    175         s
   157      2  1.0E+00    167 (0.0E+00) 2.6E-01  1.4926619E+03    175
   158      1  1.0E+00    168 (0.0E+00) 4.4E-01  1.4921737E+03    175
   159      2  1.0E+00    169 (0.0E+00) 4.8E-01  1.4920381E+03    175

 Major Minors     Step   nCon Feasible  Optimal  MeritFunction     nS Penalty
   160      2  1.0E+00    170 (0.0E+00) 4.3E-01  1.4909845E+03    175
   161      2  1.0E+00    171 (0.0E+00) 3.8E-01  1.4900795E+03    175
   162      2  1.0E+00    172 (0.0E+00) 2.9E-01  1.4893514E+03    175
   163      2  1.0E+00    173 (0.0E+00) 2.4E-01  1.4890914E+03    175
   164      2  1.0E+00    174 (0.0E+00) 3.2E-01  1.4889121E+03    175
   165      2  1.0E+00    175 (0.0E+00) 4.0E-01  1.4885728E+03    175
   166      1  1.0E+00    176 (0.0E+00) 4.8E-01  1.4878249E+03    175           R
   167      1  1.0E+00    177 (0.0E+00) 2.2E-01  1.4875992E+03    175         s
   168      2  1.0E+00    178 (0.0E+00) 2.3E-01  1.4872286E+03    175
   169      1  1.0E+00    179 (0.0E+00) 1.8E-01  1.4867969E+03    175

 Major Minors     Step   nCon Feasible  Optimal  MeritFunction     nS Penalty
   170      2  1.0E+00    180 (0.0E+00) 1.9E-01  1.4867214E+03    175
   171      2  1.0E+00    181 (0.0E+00) 2.6E-01  1.4857586E+03    175
   172      2  1.0E+00    182 (0.0E+00) 2.3E-01  1.4848868E+03    175
   173      2  1.0E+00    183 (0.0E+00) 3.1E-01  1.4840805E+03    175
   174      2  1.0E+00    184 (0.0E+00) 4.2E-01  1.4837938E+03    175
   175      2  1.0E+00    185 (0.0E+00) 4.0E-01  1.4836259E+03    175
   176      2  1.0E+00    186 (0.0E+00) 2.8E-01  1.4833324E+03    175
   177      1  1.0E+00    187 (0.0E+00) 2.5E-01  1.4826328E+03    175           R
   178      2  1.0E+00    188 (0.0E+00) 2.8E-01  1.4823836E+03    175         s
   179      1  1.0E+00    189 (0.0E+00) 2.7E-01  1.4817353E+03    175

 Major Minors     Step   nCon Feasible  Optimal  MeritFunction     nS Penalty
   180      1  1.0E+00    190 (0.0E+00) 4.3E-01  1.4815099E+03    175
   181      2  1.0E+00    191 (0.0E+00) 5.2E-01  1.4813274E+03    175
   182      2  1.0E+00    192 (0.0E+00) 4.2E-01  1.4806807E+03    175
   183      2  1.0E+00    193 (0.0E+00) 3.6E-01  1.4799121E+03    175
   184      2  1.0E+00    194 (0.0E+00) 2.8E-01  1.4792190E+03    175
   185      1  1.0E+00    195 (0.0E+00) 2.8E-01  1.4789217E+03    175
   186      1  1.0E+00    196 (0.0E+00) 5.0E-01  1.4787620E+03    175
   187      2  1.0E+00    197 (0.0E+00) 4.9E-01  1.4785047E+03    174
   188      2  1.0E+00    198 (0.0E+00) 4.5E-01  1.4778530E+03    175           R
   189      1  1.0E+00    199 (0.0E+00) 2.0E-01  1.4777291E+03    175         s

 Major Minors     Step   nCon Feasible  Optimal  MeritFunction     nS Penalty
   190      2  1.0E+00    200 (0.0E+00) 2.0E-01  1.4773954E+03    175
   191      2  1.0E+00    201 (0.0E+00) 4.2E-01  1.4770929E+03    175
   192      1  1.0E+00    202 (0.0E+00) 3.0E-01  1.4769717E+03    175
   193      2  1.0E+00    203 (0.0E+00) 1.9E-01  1.4768846E+03    175
   194      2  1.0E+00    204 (0.0E+00) 2.7E-01  1.4767245E+03    175
   195      2  1.0E+00    205 (0.0E+00) 3.6E-01  1.4763691E+03    175
   196      2  1.0E+00    206 (0.0E+00) 4.0E-01  1.4757177E+03    175
   197      2  1.0E+00    207 (0.0E+00) 4.3E-01  1.4749099E+03    174
   198      2  1.0E+00    208 (0.0E+00) 4.9E-01  1.4743729E+03    174
   199      2  1.0E+00    209 (0.0E+00) 4.0E-01  1.4741576E+03    175           R

 Major Minors     Step   nCon Feasible  Optimal  MeritFunction     nS Penalty
   200      2  1.0E+00    210 (0.0E+00) 4.0E-01  1.4740812E+03    174         s
   201      2  1.7E-02    212 (0.0E+00) 3.4E-01  1.4738606E+03    174
   202      3  1.9E-01    214 (0.0E+00) 2.4E-01  1.4725238E+03    175
   203      2  1.0E+00    215 (0.0E+00) 2.7E-01  1.4706220E+03    175
   204      2  1.0E+00    216 (0.0E+00) 4.3E-01  1.4681422E+03    174
   205      2  1.0E+00    217 (0.0E+00) 2.4E-01  1.4645742E+03    174
   206      3  1.0E+00    218 (0.0E+00) 2.6E-01  1.4583669E+03    175
   207      2  1.0E+00    219 (0.0E+00) 2.0E-01  1.4412938E+03    175
   208      3  1.0E+00    220 (0.0E+00) 2.6E-01  1.4395703E+03    174
   209      4  1.0E+00    221 (0.0E+00) 2.0E-01  1.4346062E+03    172

 Major Minors     Step   nCon Feasible  Optimal  MeritFunction     nS Penalty
   210      3  1.0E+00    222 (0.0E+00) 2.0E-01  1.4247320E+03    174           R
   211      4  3.0E-02    224 (0.0E+00) 3.0E-01  1.4234964E+03    174         s
   212      3  1.0E+00    225 (0.0E+00) 3.0E-01  1.4230580E+03    173
   213      2  1.0E+00    226 (0.0E+00) 2.4E-01  1.4219057E+03    174
   214      1  1.0E+00    227 (0.0E+00) 3.8E-01  1.4218708E+03    174
   215      1  1.0E+00    228 (0.0E+00) 4.3E-01  1.4218158E+03    174
   216      2  1.0E+00    229 (0.0E+00) 4.0E-01  1.4216510E+03    173
   217      3  1.0E+00    230 (0.0E+00) 3.7E-01  1.4213303E+03    174
   218      4  1.0E+00    231 (0.0E+00) 3.3E-01  1.4209048E+03    175
   219      2  1.0E+00    232 (0.0E+00) 2.8E-01  1.4199132E+03    175

 Major Minors     Step   nCon Feasible  Optimal  MeritFunction     nS Penalty
   220      2  1.0E+00    233 (0.0E+00) 2.9E-01  1.4197581E+03    175
   221      1  1.0E+00    234 (0.0E+00) 5.3E-01  1.4196188E+03    175           R
   222      3  1.0E+00    235 (0.0E+00) 4.6E-01  1.4195532E+03    174         s
   223      3  3.4E-01    237 (0.0E+00) 2.8E-01  1.4185792E+03    175
   224      2  1.0E+00    238 (0.0E+00) 2.4E-01  1.4178373E+03    174
   225      2  1.0E+00    239 (0.0E+00) 2.2E-01  1.4174900E+03    174
   226      3  1.0E+00    240 (0.0E+00) 4.2E-01  1.4168819E+03    173
   227      4  1.0E+00    241 (0.0E+00) 3.4E-01  1.4163472E+03    175
   228      2  1.0E+00    242 (0.0E+00) 3.2E-01  1.4144371E+03    175
   229      3  1.0E+00    243 (0.0E+00) 3.2E-01  1.4109078E+03    174

 Major Minors     Step   nCon Feasible  Optimal  MeritFunction     nS Penalty
   230      3  1.0E+00    244 (0.0E+00) 3.2E-01  1.4047579E+03    173
   231      3  1.0E+00    245 (0.0E+00) 3.0E-01  1.3947710E+03    174
   232      2  1.0E+00    246 (0.0E+00) 2.3E-01  1.3865707E+03    173           R
   233      4  1.3E-01    248 (0.0E+00) 3.7E-01  1.3864259E+03    175         s
   234      2  1.0E+00    249 (0.0E+00) 3.6E-01  1.3863212E+03    175
   235      1  1.0E+00    250 (0.0E+00) 4.0E-01  1.3849510E+03    175
   236      2  1.0E+00    251 (0.0E+00) 4.1E-01  1.3847962E+03    175
   237      3  1.0E+00    252 (0.0E+00) 4.2E-01  1.3827162E+03    174
   238      2  1.0E+00    253 (0.0E+00) 3.2E-01  1.3815538E+03    174
   239      3  1.0E+00    254 (0.0E+00) 2.2E-01  1.3798771E+03    175

 Major Minors     Step   nCon Feasible  Optimal  MeritFunction     nS Penalty
   240      2  1.0E+00    255 (0.0E+00) 1.9E-01  1.3782281E+03    175
   241      2  1.0E+00    256 (0.0E+00) 2.4E-01  1.3754808E+03    175
   242      2  1.0E+00    257 (0.0E+00) 2.9E-01  1.3719226E+03    175
   243      1  1.0E+00    258 (0.0E+00) 3.2E-01  1.3695027E+03    175           R
   244      2  1.0E+00    259 (0.0E+00) 2.3E-01  1.3692951E+03    175         s
   245      1  3.5E-01    261 (0.0E+00) 2.8E-01  1.3687786E+03    175
   246      1  1.0E+00    262 (0.0E+00) 3.4E-01  1.3684816E+03    175
   247      2  1.0E+00    263 (0.0E+00) 3.5E-01  1.3683445E+03    175
   248      1  1.0E+00    264 (0.0E+00) 3.1E-01  1.3678938E+03    175
   249      1  1.0E+00    265 (0.0E+00) 2.6E-01  1.3677560E+03    175

 Major Minors     Step   nCon Feasible  Optimal  MeritFunction     nS Penalty
   250      1  1.0E+00    266 (0.0E+00) 5.0E-01  1.3673739E+03    175
   251      2  1.0E+00    267 (0.0E+00) 6.4E-01  1.3671838E+03    175
   252      2  1.0E+00    268 (0.0E+00) 4.8E-01  1.3669508E+03    175
   253      2  1.0E+00    269 (0.0E+00) 2.8E-01  1.3666091E+03    174
   254      1  1.0E+00    270 (0.0E+00) 2.9E-01  1.3660325E+03    174           R
   255      1  1.0E+00    271 (0.0E+00) 3.2E-01  1.3659484E+03    174         s
   256      1  1.0E+00    272 (0.0E+00) 4.7E-01  1.3655745E+03    174
   257      1  1.0E+00    273 (0.0E+00) 2.0E-01  1.3654971E+03    174
   258      2  1.0E+00    274 (0.0E+00) 2.8E-01  1.3653927E+03    175
   259      1  1.0E+00    275 (0.0E+00) 4.2E-01  1.3653163E+03    175

 Major Minors     Step   nCon Feasible  Optimal  MeritFunction     nS Penalty
   260      2  1.0E+00    276 (0.0E+00) 4.5E-01  1.3652084E+03    175
   261      2  1.0E+00    277 (0.0E+00) 3.2E-01  1.3650381E+03    175
   262      1  1.0E+00    278 (0.0E+00) 2.1E-01  1.3647910E+03    175
   263      1  1.0E+00    279 (0.0E+00) 2.6E-01  1.3645618E+03    175
   264      1  1.0E+00    280 (0.0E+00) 3.4E-01  1.3644067E+03    175
   265      1  1.0E+00    281 (0.0E+00) 2.4E-01  1.3642615E+03    175           R
   266      2  1.0E+00    282 (0.0E+00) 3.2E-01  1.3641738E+03    175         s
   267      2  2.7E-01    284 (0.0E+00) 4.1E-01  1.3638960E+03    175
   268      2  1.0E+00    285 (0.0E+00) 2.5E-01  1.3635782E+03    175
   269      1  1.0E+00    286 (0.0E+00) 2.0E-01  1.3634095E+03    175

 Major Minors     Step   nCon Feasible  Optimal  MeritFunction     nS Penalty
   270      1  1.0E+00    287 (0.0E+00) 4.9E-01  1.3632381E+03    175
   271      2  1.0E+00    288 (0.0E+00) 4.9E-01  1.3630839E+03    174
   272      2  1.0E+00    289 (0.0E+00) 2.6E-01  1.3626877E+03    173
   273      3  1.0E+00    290 (0.0E+00) 2.9E-01  1.3618531E+03    173
   274      3  1.0E+00    291 (0.0E+00) 2.9E-01  1.3604944E+03    173
   275      4  1.0E+00    292 (0.0E+00) 2.6E-01  1.3571154E+03    173
   276      2  1.0E+00    293 (0.0E+00) 4.2E-01  1.3537985E+03    174           R
   277      2  1.0E+00    294 (0.0E+00) 3.3E-01  1.3537454E+03    174         s
   278      2  1.0E+00    295 (0.0E+00) 2.4E-01  1.3533305E+03    175
   279      2  1.0E+00    296 (0.0E+00) 3.2E-01  1.3530495E+03    175

 Major Minors     Step   nCon Feasible  Optimal  MeritFunction     nS Penalty
   280      1  1.0E+00    297 (0.0E+00) 3.6E-01  1.3523109E+03    175
   281      2  1.0E+00    298 (0.0E+00) 3.0E-01  1.3520113E+03    175
   282      1  1.0E+00    299 (0.0E+00) 2.7E-01  1.3516999E+03    175
   283      1  1.0E+00    300 (0.0E+00) 3.1E-01  1.3516135E+03    175
   284      1  1.0E+00    301 (0.0E+00) 3.4E-01  1.3515420E+03    175
   285      2  1.0E+00    302 (0.0E+00) 2.1E-01  1.3514300E+03    175
   286      1  1.0E+00    303 (0.0E+00) 2.6E-01  1.3512447E+03    175
   287      1  1.0E+00    304 (0.0E+00) 3.1E-01  1.3510341E+03    175           R
   288      1  1.0E+00    305 (0.0E+00) 3.0E-01  1.3509300E+03    175         s
   289      3  1.0E+00    306 (0.0E+00) 2.9E-01  1.3507312E+03    174

 Major Minors     Step   nCon Feasible  Optimal  MeritFunction     nS Penalty
   290      3  1.6E-01    308 (0.0E+00) 2.2E-01  1.3506039E+03    175
   291      2  1.0E+00    309 (0.0E+00) 2.7E-01  1.3504607E+03    174
   292      1  1.0E+00    310 (0.0E+00) 3.6E-01  1.3501901E+03    174
   293      2  1.0E+00    311 (0.0E+00) 2.9E-01  1.3499989E+03    173
   294      3  1.0E+00    312 (0.0E+00) 2.7E-01  1.3492710E+03    171
   295      7  1.0E+00    313 (0.0E+00) 2.5E-01  1.3485138E+03    174
   296      2  1.0E+00    314 (0.0E+00) 1.9E-01  1.3473771E+03    174
   297      3  1.0E+00    315 (0.0E+00) 1.9E-01  1.3465327E+03    175
   298      1  1.0E+00    316 (0.0E+00) 3.3E-01  1.3454656E+03    175           R
   299      2  5.1E-01    318 (0.0E+00) 3.3E-01  1.3451932E+03    174         s

 Major Minors     Step   nCon Feasible  Optimal  MeritFunction     nS Penalty
   300      2  4.6E-01    320 (0.0E+00) 2.2E-01  1.3446962E+03    175
   301      3  1.0E+00    321 (0.0E+00) 2.1E-01  1.3442214E+03    174
   302      1  1.0E+00    322 (0.0E+00) 3.6E-01  1.3433066E+03    174
   303      3  1.0E+00    323 (0.0E+00) 2.9E-01  1.3429486E+03    175
   304      1  1.0E+00    324 (0.0E+00) 3.4E-01  1.3425327E+03    175
   305      1  1.0E+00    325 (0.0E+00) 4.1E-01  1.3423719E+03    175
   306      2  1.0E+00    326 (0.0E+00) 5.0E-01  1.3421970E+03    175
   307      1  1.0E+00    327 (0.0E+00) 4.3E-01  1.3420202E+03    175
   308      1  1.0E+00    328 (0.0E+00) 3.1E-01  1.3418774E+03    175
   309      1  1.0E+00    329 (0.0E+00) 2.9E-01  1.3418130E+03    175           R

 Major Minors     Step   nCon Feasible  Optimal  MeritFunction     nS Penalty
   310      3  1.0E+00    330 (0.0E+00) 2.6E-01  1.3417885E+03    173         s
   311      1  4.7E-01    332 (0.0E+00) 1.8E-01  1.3414572E+03    173
   312      6  5.0E-02    334 (0.0E+00) 3.6E-01  1.3414228E+03    173
   313      3  2.8E-01    336 (0.0E+00) 2.9E-01  1.3410623E+03    173
   314      2  1.0E+00    337 (0.0E+00) 3.0E-01  1.3403499E+03    173
   315      5  1.0E+00    338 (0.0E+00) 3.7E-01  1.3392555E+03    173
   316      2  1.0E+00    339 (0.0E+00) 2.8E-01  1.3348799E+03    173
   317      5  1.0E+00    340 (0.0E+00) 2.8E-01  1.3322573E+03    172
   318      4  1.0E+00    341 (0.0E+00) 3.2E-01  1.3292025E+03    172
   319      4  1.0E+00    342 (0.0E+00) 3.0E-01  1.3283732E+03    173

 Major Minors     Step   nCon Feasible  Optimal  MeritFunction     nS Penalty
   320      1  1.0E+00    343 (0.0E+00) 2.9E-01  1.3281646E+03    173           R
   321      2  1.7E-01    345 (0.0E+00) 2.1E-01  1.3281567E+03    172         s
   322      4  1.0E+00    346 (0.0E+00) 3.2E-01  1.3281303E+03    175
   323      4  1.0E+00    347 (0.0E+00) 2.8E-01  1.3280724E+03    173
   324      2  1.0E+00    348 (0.0E+00) 5.3E-01  1.3277661E+03    173
   325      2  1.0E+00    349 (0.0E+00) 5.9E-01  1.3275768E+03    173
   326      3  1.0E+00    350 (0.0E+00) 7.3E-01  1.3274641E+03    173
   327      3  1.0E+00    351 (0.0E+00) 6.6E-01  1.3273639E+03    171
   328      5  1.0E+00    352 (0.0E+00) 3.6E-01  1.3272668E+03    173
   329      1  1.0E+00    353 (0.0E+00) 3.5E-01  1.3271562E+03    173

 Major Minors     Step   nCon Feasible  Optimal  MeritFunction     nS Penalty
   330      2  1.0E+00    354 (0.0E+00) 3.8E-01  1.3270889E+03    174
   331      1  1.0E+00    355 (0.0E+00) 2.3E-01  1.3270307E+03    174           R
   332      4  1.0E+00    356 (0.0E+00) 2.4E-01  1.3270075E+03    173         s
   333      3  6.7E-02    358 (0.0E+00) 2.7E-01  1.3269802E+03    174
   334      2  1.4E-01    360 (0.0E+00) 2.5E-01  1.3268211E+03    174
   335      3  1.9E-01    362 (0.0E+00) 5.3E-01  1.3267435E+03    173
   336      2  1.0E+00    363 (0.0E+00) 5.6E-01  1.3265721E+03    172
   337      3  1.0E+00    364 (0.0E+00) 5.2E-01  1.3264272E+03    172
   338      3  1.0E+00    365 (0.0E+00) 5.9E-01  1.3262447E+03    171
   339      3  1.0E+00    366 (0.0E+00) 6.4E-01  1.3260962E+03    171

 Major Minors     Step   nCon Feasible  Optimal  MeritFunction     nS Penalty
   340      4  1.0E+00    367 (0.0E+00) 6.4E-01  1.3257480E+03    173
   341      4  1.0E+00    368 (0.0E+00) 6.6E-01  1.3253831E+03    171
   342      2  1.0E+00    369 (0.0E+00) 6.5E-01  1.3249427E+03    172           R
   343      4  2.9E-01    371 (0.0E+00) 2.3E-01  1.3249160E+03    173         s
   344      2  3.3E-01    373 (0.0E+00) 2.6E-01  1.3248480E+03    173
   345      3  1.0E+00    374 (0.0E+00) 3.3E-01  1.3247714E+03    171
   346      2  1.0E+00    375 (0.0E+00) 4.4E-01  1.3245192E+03    172
   347      3  1.0E+00    376 (0.0E+00) 4.1E-01  1.3244633E+03    173
   348      2  1.0E+00    377 (0.0E+00) 3.6E-01  1.3242395E+03    174
   349      1  1.0E+00    378 (0.0E+00) 2.9E-01  1.3241947E+03    174

 Major Minors     Step   nCon Feasible  Optimal  MeritFunction     nS Penalty
   350      1  1.0E+00    379 (0.0E+00) 2.8E-01  1.3241636E+03    174
   351      1  1.0E+00    380 (0.0E+00) 2.5E-01  1.3241319E+03    174
   352      3  1.0E+00    381 (0.0E+00) 2.8E-01  1.3240660E+03    172
   353      1  1.0E+00    382 (0.0E+00) 3.1E-01  1.3240045E+03    172           R
   354      3  1.0E+00    383 (0.0E+00) 2.7E-01  1.3239940E+03    174         s
   355      1  2.8E-01    385 (0.0E+00) 3.1E-01  1.3239791E+03    174
   356      1  1.0E+00    386 (0.0E+00) 3.0E-01  1.3239566E+03    174
   357      2  1.0E+00    387 (0.0E+00) 5.0E-01  1.3239322E+03    175
   358      2  1.0E+00    388 (0.0E+00) 7.6E-01  1.3239055E+03    174
   359      2  1.0E+00    389 (0.0E+00) 6.6E-01  1.3238849E+03    173

 Major Minors     Step   nCon Feasible  Optimal  MeritFunction     nS Penalty
   360      1  1.0E+00    390 (0.0E+00) 4.6E-01  1.3238349E+03    173
   361      2  1.0E+00    391 (0.0E+00) 3.0E-01  1.3237675E+03    174
   362      4  1.0E+00    392 (0.0E+00) 3.0E-01  1.3236781E+03    171
   363      2  1.0E+00    393 (0.0E+00) 4.1E-01  1.3236282E+03    170
   364      4  1.0E+00    394 (0.0E+00) 5.7E-01  1.3235853E+03    173           R
   365      5  1.0E+00    395 (0.0E+00) 5.4E-01  1.3235681E+03    172         s
   366      4  1.3E-01    397 (0.0E+00) 2.3E-01  1.3235204E+03    170
   367      4  2.0E-01    399 (0.0E+00) 2.9E-01  1.3234714E+03    172
   368      5  3.3E-01    401 (0.0E+00) 2.0E-01  1.3234256E+03    172
   369      2  1.0E+00    402 (0.0E+00) 2.0E-01  1.3233895E+03    171

 Major Minors     Step   nCon Feasible  Optimal  MeritFunction     nS Penalty
   370      3  1.0E+00    403 (0.0E+00) 2.2E-01  1.3233219E+03    169
   371      3  1.0E+00    404 (0.0E+00) 2.4E-01  1.3232266E+03    169
   372      4  1.0E+00    405 (0.0E+00) 2.5E-01  1.3230744E+03    171
   373      3  1.0E+00    406 (0.0E+00) 3.0E-01  1.3229105E+03    172
   374      3  1.0E+00    407 (0.0E+00) 3.9E-01  1.3227139E+03    171
   375      2  1.0E+00    408 (0.0E+00) 6.3E-01  1.3224596E+03    170           R
   376      5  1.3E-01    410 (0.0E+00) 2.8E-01  1.3224524E+03    174         s
   377      3  1.0E+00    411 (0.0E+00) 2.9E-01  1.3224005E+03    175
   378      1  1.0E+00    412 (0.0E+00) 2.2E-01  1.3221921E+03    175
   379      1  1.0E+00    413 (0.0E+00) 2.5E-01  1.3221475E+03    175

 Major Minors     Step   nCon Feasible  Optimal  MeritFunction     nS Penalty
   380      2  1.0E+00    414 (0.0E+00) 4.1E-01  1.3220812E+03    174
   381      2  1.0E+00    415 (0.0E+00) 5.2E-01  1.3220709E+03    173
   382      1  1.0E+00    416 (0.0E+00) 4.6E-01  1.3220581E+03    173
   383      2  1.0E+00    417 (0.0E+00) 2.7E-01  1.3220389E+03    172
   384      3  1.0E+00    418 (0.0E+00) 2.1E-01  1.3220180E+03    170
   385      3  1.0E+00    419 (0.0E+00) 2.8E-01  1.3220065E+03    172
   386      1  1.0E+00    420 (0.0E+00) 4.0E-01  1.3219974E+03    172           R
   387      4  1.0E+00    421 (0.0E+00) 5.6E-01  1.3219951E+03    174         s
   388      3  4.0E-01    423 (0.0E+00) 3.5E-01  1.3219804E+03    172
   389      2  1.0E+00    424 (0.0E+00) 3.7E-01  1.3219696E+03    171

 Major Minors     Step   nCon Feasible  Optimal  MeritFunction     nS Penalty
   390      1  1.0E+00    425 (0.0E+00) 2.9E-01  1.3219591E+03    171
   391      2  1.0E+00    426 (0.0E+00) 3.4E-01  1.3219474E+03    170
   392      2  1.0E+00    427 (0.0E+00) 3.6E-01  1.3218950E+03    169
   393      2  1.0E+00    428 (0.0E+00) 3.4E-01  1.3218654E+03    170
   394      3  1.0E+00    429 (0.0E+00) 3.7E-01  1.3218409E+03    168
   395      2  1.0E+00    430 (0.0E+00) 2.6E-01  1.3218279E+03    169
   396      4  1.0E+00    431 (0.0E+00) 2.8E-01  1.3218006E+03    171
   397      4  1.0E+00    432 (0.0E+00) 3.0E-01  1.3217512E+03    174           R
   398      2  1.0E-01    434 (0.0E+00) 2.1E-01  1.3217431E+03    174         s
   399      2  1.0E+00    435 (0.0E+00) 1.9E-01  1.3217406E+03    173

 Major Minors     Step   nCon Feasible  Optimal  MeritFunction     nS Penalty
   400      1  1.0E+00    436 (0.0E+00) 2.6E-01  1.3217341E+03    173
   401      2  1.0E+00    437 (0.0E+00) 2.5E-01  1.3217327E+03    172
   402      4  1.0E+00    438 (0.0E+00) 1.7E-01  1.3217236E+03    170
   403      4  1.0E+00    439 (0.0E+00) 1.9E-01  1.3217181E+03    173
   404      1  1.0E+00    440 (0.0E+00) 2.9E-01  1.3217148E+03    173
   405      3  1.0E+00    441 (0.0E+00) 2.7E-01  1.3217136E+03    172
   406      2  1.0E+00    442 (0.0E+00) 2.4E-01  1.3217118E+03    171
   407      1  1.0E+00    443 (0.0E+00) 2.7E-01  1.3217095E+03    171
   408      1  1.0E+00    444 (0.0E+00) 5.8E-01  1.3217071E+03    171           R
   409      2  1.0E+00    445 (0.0E+00) 4.7E-01  1.3217065E+03    170         s

 Major Minors     Step   nCon Feasible  Optimal  MeritFunction     nS Penalty
   410      3  1.0E+00    446 (0.0E+00) 3.8E-01  1.3217061E+03    170
   411      2  1.0E+00    447 (0.0E+00) 5.1E-01  1.3217024E+03    169
   412      1  1.0E+00    448 (0.0E+00) 2.5E-01  1.3217003E+03    169
   413      1  1.0E+00    449 (0.0E+00) 3.2E-01  1.3216926E+03    169
   414      4  1.0E+00    450 (0.0E+00) 3.9E-01  1.3216864E+03    172
   415      2  1.0E+00    451 (0.0E+00) 5.2E-01  1.3216794E+03    173
   416      2  1.0E+00    452 (0.0E+00) 2.5E-01  1.3216718E+03    172
   417      3  1.0E+00    453 (0.0E+00) 3.0E-01  1.3216606E+03    171
   418      2  1.0E+00    454 (0.0E+00) 2.8E-01  1.3216353E+03    170
   419      3  1.0E+00    455 (0.0E+00) 3.2E-01  1.3216040E+03    172           R

 Major Minors     Step   nCon Feasible  Optimal  MeritFunction     nS Penalty
   420      2  5.0E-01    457 (0.0E+00) 2.2E-01  1.3215910E+03    173         s
   421      2  1.0E+00    458 (0.0E+00) 3.2E-01  1.3215747E+03    172
   422      3  1.0E+00    459 (0.0E+00) 4.9E-01  1.3215688E+03    170
   423      2  1.0E+00    460 (0.0E+00) 4.0E-01  1.3215637E+03    171
   424      2  1.0E+00    461 (0.0E+00) 4.1E-01  1.3215614E+03    172
   425      1  1.0E+00    462 (0.0E+00) 4.3E-01  1.3215599E+03    172
   426      1  1.0E+00    463 (0.0E+00) 4.0E-01  1.3215572E+03    172
   427      1  1.0E+00    464 (0.0E+00) 2.7E-01  1.3215532E+03    172
   428      1  1.0E+00    465 (0.0E+00) 2.1E-01  1.3215494E+03    172
   429      4  1.0E+00    466 (0.0E+00) 3.7E-01  1.3215473E+03    169

 Major Minors     Step   nCon Feasible  Optimal  MeritFunction     nS Penalty
   430      1  1.0E+00    467 (0.0E+00) 4.9E-01  1.3215462E+03    169           R
   431      2  1.0E+00    468 (0.0E+00) 3.7E-01  1.3215456E+03    168         s
   432      1  1.7E-01    470 (0.0E+00) 2.9E-01  1.3215418E+03    168
   433      5  4.9E-01    472 (0.0E+00) 3.0E-01  1.3215345E+03    172
   434      3  1.0E+00    473 (0.0E+00) 3.9E-01  1.3215293E+03    170
   435      5  1.0E+00    474 (0.0E+00) 3.5E-01  1.3215210E+03    168
   436      3  1.0E+00    475 (0.0E+00) 1.8E-01  1.3213660E+03    169
   437      2  1.0E+00    476 (0.0E+00) 3.1E-01  1.3212509E+03    170
   438      2  1.0E+00    477 (0.0E+00) 6.0E-01  1.3212285E+03    170
   439      2  1.0E+00    478 (0.0E+00) 5.0E-01  1.3211805E+03    170

 Major Minors     Step   nCon Feasible  Optimal  MeritFunction     nS Penalty
   440      1  1.0E+00    479 (0.0E+00) 3.3E-01  1.3211242E+03    170
   441      1  1.0E+00    480 (0.0E+00) 2.4E-01  1.3210512E+03    170           R
   442      7  7.6E-02    482 (0.0E+00) 3.1E-01  1.3210398E+03    175         s
   443      2  1.0E+00    483 (0.0E+00) 3.3E-01  1.3210346E+03    174
   444      1  1.0E+00    484 (0.0E+00) 4.6E-01  1.3210285E+03    174
   445      4  1.0E+00    485 (0.0E+00) 4.9E-01  1.3210268E+03    171
   446      2  1.0E+00    486 (0.0E+00) 4.3E-01  1.3210151E+03    170
   447      1  1.0E+00    487 (0.0E+00) 4.3E-01  1.3209997E+03    170
   448      2  1.0E+00    488 (0.0E+00) 4.8E-01  1.3209854E+03    169
   449      1  1.0E+00    489 (0.0E+00) 5.8E-01  1.3209770E+03    169

 Major Minors     Step   nCon Feasible  Optimal  MeritFunction     nS Penalty
   450      1  1.0E+00    490 (0.0E+00) 4.7E-01  1.3209721E+03    169
   451      1  1.0E+00    491 (0.0E+00) 3.2E-01  1.3209694E+03    169
   452      3  1.0E+00    492 (0.0E+00) 3.7E-01  1.3209626E+03    171           R
   453      3  1.0E+00    493 (0.0E+00) 4.7E-01  1.3209608E+03    169         s
   454      1  1.0E+00    494 (0.0E+00) 4.7E-01  1.3209576E+03    169
   455      1  1.0E+00    495 (0.0E+00) 6.1E-01  1.3209556E+03    169
   456      1  1.0E+00    496 (0.0E+00) 3.6E-01  1.3209485E+03    169
   457      1  1.0E+00    497 (0.0E+00) 2.7E-01  1.3209400E+03    169
   458      2  1.0E+00    498 (0.0E+00) 2.2E-01  1.3209328E+03    170
   459      1  1.0E+00    499 (0.0E+00) 2.2E-01  1.3209290E+03    170

 Major Minors     Step   nCon Feasible  Optimal  MeritFunction     nS Penalty
   460      1  1.0E+00    500 (0.0E+00) 3.5E-01  1.3209265E+03    170
   461      1  1.0E+00    501 (0.0E+00) 2.4E-01  1.3209237E+03    170
   462      1  1.0E+00    502 (0.0E+00) 2.0E-01  1.3209200E+03    170
   463      1  1.0E+00    503 (0.0E+00) 2.1E-01  1.3209153E+03    170           R
   464      3  1.0E+00    504 (0.0E+00) 3.6E-01  1.3209133E+03    169         s
   465      2  1.0E+00    505 (0.0E+00) 3.8E-01  1.3209092E+03    170
   466      1  1.0E+00    506 (0.0E+00) 3.1E-01  1.3209061E+03    170
   467      1  1.0E+00    507 (0.0E+00) 3.5E-01  1.3209051E+03    170
   468      2  1.0E+00    508 (0.0E+00) 3.3E-01  1.3209023E+03    169
   469      1  1.0E+00    509 (0.0E+00) 2.2E-01  1.3208995E+03    169

 Major Minors     Step   nCon Feasible  Optimal  MeritFunction     nS Penalty
   470      2  1.0E+00    510 (0.0E+00) 1.8E-01  1.3208971E+03    168
   471      1  1.0E+00    511 (0.0E+00) 5.5E-01  1.3208928E+03    168
   472      1  1.0E+00    512 (0.0E+00) 4.8E-01  1.3208918E+03    168
   473      1  1.0E+00    513 (0.0E+00) 3.1E-01  1.3208902E+03    168
   474      1  1.0E+00    514 (0.0E+00) 3.2E-01  1.3208891E+03    168           R
   475      2  1.0E+00    515 (0.0E+00) 4.3E-01  1.3208885E+03    169         s
   476      2  2.7E-01    517 (0.0E+00) 1.8E-01  1.3208855E+03    168
   477      1  1.0E+00    518 (0.0E+00) 2.7E-01  1.3208778E+03    168
   478      1  1.0E+00    519 (0.0E+00) 2.5E-01  1.3208761E+03    168
   479      1  1.0E+00    520 (0.0E+00) 2.5E-01  1.3208726E+03    168

 Major Minors     Step   nCon Feasible  Optimal  MeritFunction     nS Penalty
   480      2  1.0E+00    521 (0.0E+00) 2.5E-01  1.3208651E+03    167
   481      1  1.0E+00    522 (0.0E+00) 2.6E-01  1.3208543E+03    167
   482      2  1.0E+00    523 (0.0E+00) 2.8E-01  1.3208428E+03    168
   483      2  1.0E+00    524 (0.0E+00) 2.2E-01  1.3208262E+03    169
   484      2  1.0E+00    525 (0.0E+00) 2.3E-01  1.3208159E+03    169
   485      5  1.0E+00    526 (0.0E+00) 2.4E-01  1.3207986E+03    169           R
   486      6  1.0E-01    528 (0.0E+00) 4.5E-01  1.3207926E+03    170         s
   487      1  1.0E+00    529 (0.0E+00) 5.2E-01  1.3207915E+03    170
   488      1  1.0E+00    530 (0.0E+00) 7.1E-01  1.3207899E+03    170
   489      1  1.0E+00    531 (0.0E+00) 6.8E-01  1.3207895E+03    170

 Major Minors     Step   nCon Feasible  Optimal  MeritFunction     nS Penalty
   490      1  1.0E+00    532 (0.0E+00) 6.1E-01  1.3207889E+03    170
   491      1  1.0E+00    533 (0.0E+00) 4.7E-01  1.3207875E+03    170
   492      1  1.0E+00    534 (0.0E+00) 1.8E-01  1.3207856E+03    170
   493      1  1.0E+00    535 (0.0E+00) 2.4E-01  1.3207838E+03    170
   494      1  1.0E+00    536 (0.0E+00) 2.9E-01  1.3207828E+03    170
   495      1  1.0E+00    537 (0.0E+00) 2.9E-01  1.3207819E+03    170
   496      1  1.0E+00    538 (0.0E+00) 2.6E-01  1.3207805E+03    170           R
   497      2  1.0E+00    539 (0.0E+00) 3.1E-01  1.3207798E+03    169         s
   498      1  1.0E+00    540 (0.0E+00) 2.9E-01  1.3207790E+03    169
   499      1  1.0E+00    541 (0.0E+00) 1.9E-01  1.3207776E+03    169

 Major Minors     Step   nCon Feasible  Optimal  MeritFunction     nS Penalty
   500      1  1.0E+00    542 (0.0E+00) 2.0E-01  1.3207769E+03    169
   501      3  1.0E+00    543 (0.0E+00) 2.4E-01  1.3207746E+03    168
   502      2  1.0E+00    544 (0.0E+00) 2.4E-01  1.3207733E+03    169
   503      1  1.0E+00    545 (0.0E+00) 6.0E-01  1.3207676E+03    169
   504      2  1.0E+00    546 (0.0E+00) 6.2E-01  1.3207657E+03    168
   505      2  1.0E+00    547 (0.0E+00) 4.8E-01  1.3207631E+03    169
   506      1  1.0E+00    548 (0.0E+00) 2.7E-01  1.3207605E+03    169
   507      1  1.0E+00    549 (0.0E+00) 2.8E-01  1.3207555E+03    169           R
   508      1  4.6E-01    551 (0.0E+00) 2.0E-01  1.3207542E+03    169         s
   509      1  1.0E+00    552 (0.0E+00) 2.0E-01  1.3207526E+03    169

 Major Minors     Step   nCon Feasible  Optimal  MeritFunction     nS Penalty
   510      2  1.0E+00    553 (0.0E+00) 2.3E-01  1.3207503E+03    168
   511      2  1.0E+00    554 (0.0E+00) 2.2E-01  1.3207498E+03    169
   512      2  1.0E+00    555 (0.0E+00) 3.3E-01  1.3207487E+03    170
   513      1  1.0E+00    556 (0.0E+00) 3.8E-01  1.3207483E+03    170
   514      1  1.0E+00    557 (0.0E+00) 3.7E-01  1.3207472E+03    170
   515      1  1.0E+00    558 (0.0E+00) 3.0E-01  1.3207460E+03    170
   516      1  1.0E+00    559 (0.0E+00) 2.9E-01  1.3207448E+03    170
   517      2  1.0E+00    560 (0.0E+00) 4.3E-01  1.3207442E+03    169
   518      1  1.0E+00    561 (0.0E+00) 6.3E-01  1.3207439E+03    169           R
   519      3  1.0E+00    562 (0.0E+00) 5.6E-01  1.3207437E+03    167         s

 Major Minors     Step   nCon Feasible  Optimal  MeritFunction     nS Penalty
   520      1  2.4E-01    564 (0.0E+00) 3.4E-01  1.3207428E+03    167
   521      2  1.0E+00    565 (0.0E+00) 4.2E-01  1.3207411E+03    168
   522      1  1.0E+00    566 (0.0E+00) 4.0E-01  1.3207379E+03    168
   523      2  1.0E+00    567 (0.0E+00) 1.8E-01  1.3207361E+03    167
   524      1  1.0E+00    568 (0.0E+00) 3.4E-01  1.3207267E+03    167
   525      2  1.0E+00    569 (0.0E+00) 3.5E-01  1.3207064E+03    167
   526      3  1.0E+00    570 (0.0E+00) 3.5E-01  1.3206699E+03    168
   527      2  1.0E+00    571 (0.0E+00) 3.3E-01  1.3206278E+03    168
   528      2  1.0E+00    572 (0.0E+00) 2.9E-01  1.3206023E+03    169
   529      1  1.0E+00    573 (0.0E+00) 5.9E-01  1.3205937E+03    169           R

 Major Minors     Step   nCon Feasible  Optimal  MeritFunction     nS Penalty
   530      3  1.0E+00    574 (0.0E+00) 2.7E-01  1.3205915E+03    170         s
   531      4  3.0E-02    576 (0.0E+00) 3.2E-01  1.3205811E+03    170
   532      3  6.7E-02    578 (0.0E+00) 3.0E-01  1.3205766E+03    169
   533      2  1.0E+00    579 (0.0E+00) 2.4E-01  1.3205631E+03    169
   534      2  1.9E-01    581 (0.0E+00) 3.0E-01  1.3205613E+03    169
   535      2  1.0E+00    582 (0.0E+00) 1.6E-01  1.3205589E+03    168
   536      2  1.0E+00    583 (0.0E+00) 2.1E-01  1.3205557E+03    167
   537      2  1.0E+00    584 (0.0E+00) 2.0E-01  1.3205478E+03    167
   538      1  1.0E+00    585 (0.0E+00) 1.9E-01  1.3205352E+03    167
   539      1  1.0E+00    586 (0.0E+00) 2.0E-01  1.3205274E+03    167

 Major Minors     Step   nCon Feasible  Optimal  MeritFunction     nS Penalty
   540      1  1.0E+00    587 (0.0E+00) 1.7E-01  1.3205224E+03    167           R
   541      1  4.8E-02    589 (0.0E+00) 3.5E-01  1.3205223E+03    167         s
   542      2  1.0E+00    590 (0.0E+00) 3.5E-01  1.3205221E+03    168
   543      1  1.0E+00    591 (0.0E+00) 2.3E-01  1.3205194E+03    168
   544      1  1.0E+00    592 (0.0E+00) 2.4E-01  1.3205180E+03    168
   545      2  1.0E+00    593 (0.0E+00) 2.1E-01  1.3205154E+03    167
   546      1  1.0E+00    594 (0.0E+00) 1.8E-01  1.3205145E+03    167
   547      1  1.0E+00    595 (0.0E+00) 2.5E-01  1.3205142E+03    167
   548      1  1.0E+00    596 (0.0E+00) 2.6E-01  1.3205139E+03    167
   549      1  1.0E+00    597 (0.0E+00) 2.5E-01  1.3205136E+03    167

 Major Minors     Step   nCon Feasible  Optimal  MeritFunction     nS Penalty
   550      1  1.0E+00    598 (0.0E+00) 1.7E-01  1.3205133E+03    167
   551      1  1.0E+00    599 (0.0E+00) 3.3E-01  1.3205131E+03    167           R
   552      1  1.0E+00    600 (0.0E+00) 3.3E-01  1.3205129E+03    167         s
   553      1  2.7E-01    602 (0.0E+00) 2.5E-01  1.3205127E+03    167
   554      1  2.8E-01    604 (0.0E+00) 2.5E-01  1.3205118E+03    167
   555      1  1.0E+00    605 (0.0E+00) 3.7E-01  1.3205117E+03    167
   556      1  1.0E+00    606 (0.0E+00) 3.9E-01  1.3205105E+03    167
   557      1  1.0E+00    607 (0.0E+00) 1.8E-01  1.3205090E+03    167
   558      1  1.0E+00    608 (0.0E+00) 1.7E-01  1.3205083E+03    167
   559      1  1.0E+00    609 (0.0E+00) 2.3E-01  1.3205068E+03    167

 Major Minors     Step   nCon Feasible  Optimal  MeritFunction     nS Penalty
   560      1  1.0E+00    610 (0.0E+00) 2.6E-01  1.3205052E+03    167
   561      1  1.0E+00    611 (0.0E+00) 2.5E-01  1.3205032E+03    167
   562      1  1.0E+00    612 (0.0E+00) 2.6E-01  1.3205011E+03    167           R
   563      2  1.0E+00    613 (0.0E+00) 3.9E-01  1.3205004E+03    168         s
   564      4  1.0E+00    614 (0.0E+00) 2.9E-01  1.3204990E+03    171
   565      4  1.0E-01    616 (0.0E+00) 1.0E-01  1.3204983E+03    168
   566      2  1.0E+00    617 (0.0E+00) 1.8E-01  1.3204978E+03    167
   567      1  1.0E+00    618 (0.0E+00) 1.8E-01  1.3204970E+03    167
   568      1  1.0E+00    619 (0.0E+00) 1.6E-01  1.3204963E+03    167
   569      1  1.0E+00    620 (0.0E+00) 1.5E-01  1.3204959E+03    167

 Major Minors     Step   nCon Feasible  Optimal  MeritFunction     nS Penalty
   570      1  1.0E+00    621 (0.0E+00) 2.3E-01  1.3204957E+03    167
   571      1  1.0E+00    622 (0.0E+00) 2.1E-01  1.3204953E+03    167
   572      1  1.0E+00    623 (0.0E+00) 1.7E-01  1.3204945E+03    167
   573      1  1.0E+00    624 (0.0E+00) 1.9E-01  1.3204931E+03    167           R
   574      2  2.2E-01    626 (0.0E+00) 3.4E-01  1.3204929E+03    168         s
   575      1  1.0E+00    627 (0.0E+00) 2.8E-01  1.3204923E+03    168
   576      2  1.0E+00    628 (0.0E+00) 3.2E-01  1.3204920E+03    167
   577      1  1.0E+00    629 (0.0E+00) 3.6E-01  1.3204919E+03    167
   578      1  1.0E+00    630 (0.0E+00) 4.0E-01  1.3204915E+03    167
   579      1  1.0E+00    631 (0.0E+00) 3.9E-01  1.3204912E+03    167

 Major Minors     Step   nCon Feasible  Optimal  MeritFunction     nS Penalty
   580      1  1.0E+00    632 (0.0E+00) 3.5E-01  1.3204910E+03    167
   581      1  1.0E+00    633 (0.0E+00) 1.8E-01  1.3204910E+03    167
   582      1  1.0E+00    634 (0.0E+00) 2.6E-01  1.3204909E+03    167
   583      1  1.0E+00    635 (0.0E+00) 3.3E-01  1.3204907E+03    167
   584      2  1.0E+00    636 (0.0E+00) 3.7E-01  1.3204903E+03    168           R
   585      1  1.0E+00    637 (0.0E+00) 1.8E-01  1.3204903E+03    168         s
   586      2  1.0E+00    638 (0.0E+00) 1.5E-01  1.3204901E+03    167
   587      1  1.0E+00    639 (0.0E+00) 2.8E-01  1.3204900E+03    167
   588      1  1.0E+00    640 (0.0E+00) 2.0E-01  1.3204900E+03    167
   589      1  1.0E+00    641 (0.0E+00) 1.3E-01  1.3204900E+03    167

 Major Minors     Step   nCon Feasible  Optimal  MeritFunction     nS Penalty
   590      1  1.0E+00    642 (0.0E+00) 2.2E-01  1.3204899E+03    167
   591      1  1.0E+00    643 (0.0E+00) 2.6E-01  1.3204899E+03    167
   592      1  1.0E+00    644 (0.0E+00) 2.6E-01  1.3204898E+03    167
   593      1  1.0E+00    645 (0.0E+00) 2.4E-01  1.3204897E+03    167
   594      1  1.0E+00    646 (0.0E+00) 2.0E-01  1.3204893E+03    167
   595      1  1.0E+00    647 (0.0E+00) 1.5E-01  1.3204886E+03    167           R
   596      2  1.0E+00    648 (0.0E+00) 2.4E-01  1.3204882E+03    168         s
   597      2  1.0E+00    649 (0.0E+00) 3.0E-01  1.3204880E+03    167
   598      1  1.0E+00    650 (0.0E+00) 2.4E-01  1.3204879E+03    167
   599      1  1.0E+00    651 (0.0E+00) 2.3E-01  1.3204877E+03    167

 Major Minors     Step   nCon Feasible  Optimal  MeritFunction     nS Penalty
   600      1  1.0E+00    652 (0.0E+00) 2.8E-01  1.3204875E+03    167
   601      1  1.0E+00    653 (0.0E+00) 3.1E-01  1.3204874E+03    167
   602      1  1.0E+00    654 (0.0E+00) 3.0E-01  1.3204873E+03    167
   603      1  1.0E+00    655 (0.0E+00) 1.5E-01  1.3204873E+03    167
   604      1  1.0E+00    656 (0.0E+00) 2.0E-01  1.3204872E+03    167
   605      1  1.0E+00    657 (0.0E+00) 2.5E-01  1.3204871E+03    167
   606      1  1.0E+00    658 (0.0E+00) 2.6E-01  1.3204871E+03    167           R
   607      1  1.0E+00    659 (0.0E+00) 1.2E-01  1.3204870E+03    167         s
   608      1  1.0E+00    660 (0.0E+00) 2.0E-01  1.3204869E+03    167
   609      1  1.0E+00    661 (0.0E+00) 2.9E-01  1.3204868E+03    167

 Major Minors     Step   nCon Feasible  Optimal  MeritFunction     nS Penalty
   610      1  1.0E+00    662 (0.0E+00) 2.6E-01  1.3204868E+03    167
   611      1  1.0E+00    663 (0.0E+00) 1.6E-01  1.3204865E+03    167
   612      1  1.0E+00    664 (0.0E+00) 1.3E-01  1.3204864E+03    167
   613      1  1.0E+00    665 (0.0E+00) 1.8E-01  1.3204862E+03    167
   614      1  1.0E+00    666 (0.0E+00) 2.4E-01  1.3204859E+03    167
   615      1  1.0E+00    667 (0.0E+00) 2.3E-01  1.3204852E+03    167
   616      1  1.0E+00    668 (0.0E+00) 2.2E-01  1.3204836E+03    167
   617      1  1.0E+00    669 (0.0E+00) 2.3E-01  1.3204800E+03    167           R
   618      3  2.8E-01    671 (0.0E+00) 2.8E-01  1.3204787E+03    169         s
   619      2  1.0E+00    672 (0.0E+00) 2.7E-01  1.3204780E+03    168

 Major Minors     Step   nCon Feasible  Optimal  MeritFunction     nS Penalty
   620      1  1.0E+00    673 (0.0E+00) 3.6E-01  1.3204773E+03    168
   621      2  1.0E+00    674 (0.0E+00) 3.6E-01  1.3204770E+03    167
   622      1  1.0E+00    675 (0.0E+00) 3.6E-01  1.3204759E+03    167
   623      1  1.0E+00    676 (0.0E+00) 3.7E-01  1.3204752E+03    167
   624      1  1.0E+00    677 (0.0E+00) 3.6E-01  1.3204749E+03    167
   625      1  1.0E+00    678 (0.0E+00) 2.6E-01  1.3204748E+03    167
   626      1  1.0E+00    679 (0.0E+00) 1.6E-01  1.3204747E+03    167
   627      1  1.0E+00    680 (0.0E+00) 2.1E-01  1.3204746E+03    167
   628      1  1.0E+00    681 (0.0E+00) 2.6E-01  1.3204746E+03    167           R
   629      1  1.0E+00    682 (0.0E+00) 1.9E-01  1.3204746E+03    167         s

 Major Minors     Step   nCon Feasible  Optimal  MeritFunction     nS Penalty
   630      1  1.0E+00    683 (0.0E+00) 1.5E-01  1.3204745E+03    167
   631      1  1.0E+00    684 (0.0E+00) 2.2E-01  1.3204745E+03    167
   632      1  1.0E+00    685 (0.0E+00) 2.8E-01  1.3204743E+03    167
   633      1  1.0E+00    686 (0.0E+00) 2.9E-01  1.3204742E+03    167
   634      1  1.0E+00    687 (0.0E+00) 2.3E-01  1.3204741E+03    167
   635      1  1.0E+00    688 (0.0E+00) 1.9E-01  1.3204739E+03    167
   636      1  1.0E+00    689 (0.0E+00) 2.9E-01  1.3204736E+03    167
   637      1  1.0E+00    690 (0.0E+00) 3.6E-01  1.3204734E+03    167
   638      1  1.0E+00    691 (0.0E+00) 3.3E-01  1.3204732E+03    167
   639      1  1.0E+00    692 (0.0E+00) 1.6E-01  1.3204729E+03    167           R

 Major Minors     Step   nCon Feasible  Optimal  MeritFunction     nS Penalty
   640      2  1.0E+00    693 (0.0E+00) 3.6E-01  1.3204728E+03    168         s
   641      1  1.0E+00    694 (0.0E+00) 1.9E-01  1.3204726E+03    168
   642      2  1.0E+00    695 (0.0E+00) 1.1E-01  1.3204724E+03    167
   643      1  1.0E+00    696 (0.0E+00) 1.2E-01  1.3204723E+03    167
   644      1  1.0E+00    697 (0.0E+00) 1.7E-01  1.3204720E+03    167
   645      1  1.0E+00    698 (0.0E+00) 2.1E-01  1.3204718E+03    167
   646      1  1.0E+00    699 (0.0E+00) 2.3E-01  1.3204716E+03    167
   647      1  1.0E+00    700 (0.0E+00) 2.1E-01  1.3204716E+03    167
   648      1  1.0E+00    701 (0.0E+00) 1.4E-01  1.3204714E+03    167
   649      1  1.0E+00    702 (0.0E+00) 1.5E-01  1.3204713E+03    167

 Major Minors     Step   nCon Feasible  Optimal  MeritFunction     nS Penalty
   650      1  1.0E+00    703 (0.0E+00) 2.0E-01  1.3204711E+03    167           R
   651      1  1.0E+00    704 (0.0E+00) 2.5E-01  1.3204710E+03    167         s
   652      1  1.0E+00    705 (0.0E+00) 1.9E-01  1.3204710E+03    167
   653      1  1.0E+00    706 (0.0E+00) 1.4E-01  1.3204710E+03    167
   654      1  1.0E+00    707 (0.0E+00) 2.5E-01  1.3204709E+03    167
   655      1  1.0E+00    708 (0.0E+00) 2.8E-01  1.3204707E+03    167
   656      1  1.0E+00    709 (0.0E+00) 2.8E-01  1.3204705E+03    167
   657      1  1.0E+00    710 (0.0E+00) 2.5E-01  1.3204704E+03    167
   658      1  1.0E+00    711 (0.0E+00) 1.3E-01  1.3204704E+03    167
   659      1  1.0E+00    712 (0.0E+00) 2.1E-01  1.3204703E+03    167

 Major Minors     Step   nCon Feasible  Optimal  MeritFunction     nS Penalty
   660      1  1.0E+00    713 (0.0E+00) 2.5E-01  1.3204702E+03    167
   661      1  1.0E+00    714 (0.0E+00) 2.7E-01  1.3204700E+03    167           R
   662      1  1.0E+00    715 (0.0E+00) 2.0E-01  1.3204699E+03    167         s
   663      1  1.0E+00    716 (0.0E+00) 1.3E-01  1.3204698E+03    167
   664      1  1.0E+00    717 (0.0E+00) 1.3E-01  1.3204698E+03    167
   665      1  1.0E+00    718 (0.0E+00) 2.1E-01  1.3204696E+03    167
   666      1  1.0E+00    719 (0.0E+00) 2.6E-01  1.3204695E+03    167
   667      1  1.0E+00    720 (0.0E+00) 2.7E-01  1.3204694E+03    167
   668      1  1.0E+00    721 (0.0E+00) 2.7E-01  1.3204693E+03    167
   669      1  1.0E+00    722 (0.0E+00) 2.3E-01  1.3204692E+03    167

 Major Minors     Step   nCon Feasible  Optimal  MeritFunction     nS Penalty
   670      1  1.0E+00    723 (0.0E+00) 1.4E-01  1.3204691E+03    167
   671      1  1.0E+00    724 (0.0E+00) 1.8E-01  1.3204690E+03    167
   672      1  1.0E+00    725 (0.0E+00) 2.1E-01  1.3204690E+03    167           R
   673      1  1.0E+00    726 (0.0E+00) 2.4E-01  1.3204690E+03    167         s
   674      1  2.0E-01    728 (0.0E+00) 2.6E-01  1.3204689E+03    167
   675      1  1.0E+00    729 (0.0E+00) 1.7E-01  1.3204688E+03    167
   676      1  1.0E+00    730 (0.0E+00) 1.4E-01  1.3204686E+03    167
   677      1  1.0E+00    731 (0.0E+00) 2.4E-01  1.3204684E+03    167
   678      1  1.0E+00    732 (0.0E+00) 2.1E-01  1.3204682E+03    167
   679      1  1.0E+00    733 (0.0E+00) 1.7E-01  1.3204680E+03    167

 Major Minors     Step   nCon Feasible  Optimal  MeritFunction     nS Penalty
   680      1  1.0E+00    734 (0.0E+00) 1.4E-01  1.3204676E+03    167
   681      1  1.0E+00    735 (0.0E+00) 2.4E-01  1.3204667E+03    167
   682      1  1.0E+00    736 (0.0E+00) 3.2E-01  1.3204649E+03    167
   683      1  1.0E+00    737 (0.0E+00) 4.0E-01  1.3204613E+03    167           R
   684      1  4.8E-01    739 (0.0E+00) 2.6E-01  1.3204602E+03    167         s
   685      6  1.0E+00    740 (0.0E+00) 2.3E-01  1.3204594E+03    172
   686      5  1.0E+00    741 (0.0E+00) 2.7E-01  1.3204557E+03    169
   687      3  1.0E+00    742 (0.0E+00) 2.0E-01  1.3204554E+03    168
   688      3  1.0E+00    743 (0.0E+00) 2.2E-01  1.3204550E+03    167
   689      1  1.0E+00    744 (0.0E+00) 2.6E-01  1.3204548E+03    167

 Major Minors     Step   nCon Feasible  Optimal  MeritFunction     nS Penalty
   690      1  1.0E+00    745 (0.0E+00) 2.3E-01  1.3204546E+03    167
   691      1  1.0E+00    746 (0.0E+00) 1.5E-01  1.3204544E+03    167
   692      1  1.0E+00    747 (0.0E+00) 2.1E-01  1.3204544E+03    167
   693      1  1.0E+00    748 (0.0E+00) 2.5E-01  1.3204543E+03    167
   694      1  1.0E+00    749 (0.0E+00) 2.6E-01  1.3204542E+03    167           R
   695      1  1.0E+00    750 (0.0E+00) 1.8E-01  1.3204542E+03    167         s
   696      1  1.4E-01    752 (0.0E+00) 2.5E-01  1.3204541E+03    167
   697      1  1.0E+00    753 (0.0E+00) 3.1E-01  1.3204540E+03    167
   698      1  1.0E+00    754 (0.0E+00) 1.6E-01  1.3204539E+03    167
   699      1  1.0E+00    755 (0.0E+00) 2.9E-01  1.3204537E+03    167

 Major Minors     Step   nCon Feasible  Optimal  MeritFunction     nS Penalty
   700      1  1.0E+00    756 (0.0E+00) 3.3E-01  1.3204533E+03    167
   701      1  1.0E+00    757 (0.0E+00) 3.7E-01  1.3204522E+03    167
   702      1  1.0E+00    758 (0.0E+00) 2.8E-01  1.3204511E+03    167
   703      1  1.0E+00    759 (0.0E+00) 1.8E-01  1.3204481E+03    167
   704      2  1.0E+00    760 (0.0E+00) 2.2E-01  1.3204430E+03    167
   705      1  1.0E+00    761 (0.0E+00) 2.2E-01  1.3204328E+03    167           R
   706      4  2.6E-01    763 (0.0E+00) 3.2E-01  1.3204316E+03    170         s
   707      2  1.0E+00    764 (0.0E+00) 3.5E-01  1.3204269E+03    171
   708      2  1.0E+00    765 (0.0E+00) 3.6E-01  1.3204204E+03    170
   709      1  1.0E+00    766 (0.0E+00) 3.0E-01  1.3204194E+03    170

 Major Minors     Step   nCon Feasible  Optimal  MeritFunction     nS Penalty
   710      3  1.0E+00    767 (0.0E+00) 2.4E-01  1.3204176E+03    169
   711      2  1.0E+00    768 (0.0E+00) 2.4E-01  1.3204174E+03    168
   712      1  1.0E+00    769 (0.0E+00) 1.8E-01  1.3204170E+03    168
   713      1  1.0E+00    770 (0.0E+00) 1.4E-01  1.3204168E+03    168
   714      1  1.0E+00    771 (0.0E+00) 2.2E-01  1.3204166E+03    168
   715      2  1.0E+00    772 (0.0E+00) 2.4E-01  1.3204166E+03    167
   716      1  1.0E+00    773 (0.0E+00) 2.2E-01  1.3204165E+03    167           R
   717      1  1.0E+00    774 (0.0E+00) 2.9E-01  1.3204165E+03    167         s
   718      1  1.0E+00    775 (0.0E+00) 1.3E-01  1.3204164E+03    167
   719      1  1.0E+00    776 (0.0E+00) 1.5E-01  1.3204164E+03    167

 Major Minors     Step   nCon Feasible  Optimal  MeritFunction     nS Penalty
   720      1  1.0E+00    777 (0.0E+00) 2.5E-01  1.3204161E+03    167
   721      1  1.0E+00    778 (0.0E+00) 2.4E-01  1.3204160E+03    167
   722      1  1.0E+00    779 (0.0E+00) 1.6E-01  1.3204158E+03    167
   723      1  1.0E+00    780 (0.0E+00) 1.5E-01  1.3204157E+03    167
   724      1  1.0E+00    781 (0.0E+00) 1.8E-01  1.3204154E+03    167
   725      1  1.0E+00    782 (0.0E+00) 1.7E-01  1.3204152E+03    167
   726      1  1.0E+00    783 (0.0E+00) 1.3E-01  1.3204151E+03    167
   727      1  1.0E+00    784 (0.0E+00) 1.9E-01  1.3204149E+03    167           R
   728      1  1.0E+00    785 (0.0E+00) 2.1E-01  1.3204147E+03    167         s
   729      1  1.6E-01    787 (0.0E+00) 2.7E-01  1.3204146E+03    167

 Major Minors     Step   nCon Feasible  Optimal  MeritFunction     nS Penalty
   730      1  4.6E-01    789 (0.0E+00) 1.1E-01  1.3204145E+03    167
   731      1  1.0E+00    790 (0.0E+00) 2.3E-01  1.3204143E+03    167
   732      1  1.0E+00    791 (0.0E+00) 2.5E-01  1.3204142E+03    167
   733      1  1.0E+00    792 (0.0E+00) 1.5E-01  1.3204139E+03    167
   734      1  1.0E+00    793 (0.0E+00) 1.3E-01  1.3204138E+03    167
   735      1  1.0E+00    794 (0.0E+00) 2.0E-01  1.3204137E+03    167
   736      1  1.0E+00    795 (0.0E+00) 2.3E-01  1.3204134E+03    167
   737      1  1.0E+00    796 (0.0E+00) 2.5E-01  1.3204130E+03    167
   738      1  1.0E+00    797 (0.0E+00) 3.0E-01  1.3204126E+03    167           R
   739      2  2.4E-01    799 (0.0E+00) 3.9E-01  1.3204125E+03    168         s

 Major Minors     Step   nCon Feasible  Optimal  MeritFunction     nS Penalty
   740      1  1.0E+00    800 (0.0E+00) 3.3E-01  1.3204124E+03    168
   741      2  1.0E+00    801 (0.0E+00) 1.9E-01  1.3204121E+03    167
   742      1  1.0E+00    802 (0.0E+00) 2.5E-01  1.3204120E+03    167
   743      1  1.0E+00    803 (0.0E+00) 2.7E-01  1.3204118E+03    167
   744      1  1.0E+00    804 (0.0E+00) 2.3E-01  1.3204116E+03    167
   745      1  1.0E+00    805 (0.0E+00) 1.4E-01  1.3204115E+03    167
   746      1  1.0E+00    806 (0.0E+00) 1.6E-01  1.3204115E+03    167
   747      1  1.0E+00    807 (0.0E+00) 1.7E-01  1.3204114E+03    167
   748      1  1.0E+00    808 (0.0E+00) 1.5E-01  1.3204114E+03    167
   749      1  1.0E+00    809 (0.0E+00) 1.2E-01  1.3204113E+03    167           R

 Major Minors     Step   nCon Feasible  Optimal  MeritFunction     nS Penalty
   750      1  1.0E+00    810 (0.0E+00) 2.2E-01  1.3204113E+03    167         s
   751      1  1.0E+00    811 (0.0E+00) 1.3E-01  1.3204113E+03    167
   752      1  4.1E-01    813 (0.0E+00) 2.2E-01  1.3204112E+03    167
   753      1  1.0E+00    814 (0.0E+00) 1.4E-01  1.3204112E+03    167
   754      1  1.0E+00    815 (0.0E+00) 2.5E-01  1.3204112E+03    167
   755      1  1.0E+00    816 (0.0E+00) 2.9E-01  1.3204111E+03    167
   756      1  1.0E+00    817 (0.0E+00) 2.7E-01  1.3204110E+03    167
   757      1  1.0E+00    818 (0.0E+00) 2.0E-01  1.3204108E+03    167
   758      1  1.0E+00    819 (0.0E+00) 2.5E-01  1.3204107E+03    167
   759      1  1.0E+00    820 (0.0E+00) 3.4E-01  1.3204105E+03    167

 Major Minors     Step   nCon Feasible  Optimal  MeritFunction     nS Penalty
   760      2  1.0E+00    821 (0.0E+00) 3.7E-01  1.3204102E+03    168           R
   761      1  4.8E-01    823 (0.0E+00) 1.6E-01  1.3204101E+03    168         s
   762      2  1.0E+00    824 (0.0E+00) 1.7E-01  1.3204100E+03    167
   763      1  1.0E+00    825 (0.0E+00) 1.9E-01  1.3204098E+03    167
   764      1  1.0E+00    826 (0.0E+00) 2.1E-01  1.3204097E+03    167
   765      1  1.0E+00    827 (0.0E+00) 2.1E-01  1.3204096E+03    167
   766      1  1.0E+00    828 (0.0E+00) 1.9E-01  1.3204095E+03    167
   767      1  1.0E+00    829 (0.0E+00) 1.8E-01  1.3204094E+03    167
   768      1  1.0E+00    830 (0.0E+00) 1.7E-01  1.3204093E+03    167
   769      1  1.0E+00    831 (0.0E+00) 1.7E-01  1.3204093E+03    167

 Major Minors     Step   nCon Feasible  Optimal  MeritFunction     nS Penalty
   770      1  1.0E+00    832 (0.0E+00) 1.8E-01  1.3204093E+03    167
   771      1  1.0E+00    833 (0.0E+00) 1.7E-01  1.3204093E+03    167           R
   772      1  1.0E+00    834 (0.0E+00) 1.9E-01  1.3204093E+03    167         s
   773      1  1.0E+00    835 (0.0E+00) 2.3E-01  1.3204093E+03    167
   774      1  1.0E+00    836 (0.0E+00) 1.4E-01  1.3204092E+03    167
   775      1  1.0E+00    837 (0.0E+00) 2.4E-01  1.3204092E+03    167
   776      1  1.0E+00    838 (0.0E+00) 2.7E-01  1.3204091E+03    167
   777      1  1.0E+00    839 (0.0E+00) 2.8E-01  1.3204090E+03    167
   778      1  1.0E+00    840 (0.0E+00) 2.6E-01  1.3204088E+03    167
   779      1  1.0E+00    841 (0.0E+00) 2.1E-01  1.3204086E+03    167

 Major Minors     Step   nCon Feasible  Optimal  MeritFunction     nS Penalty
   780      1  1.0E+00    842 (0.0E+00) 3.0E-01  1.3204083E+03    167
   781      1  1.0E+00    843 (0.0E+00) 4.3E-01  1.3204081E+03    167
   782      3  1.0E+00    844 (0.0E+00) 4.4E-01  1.3204078E+03    169           R
   783      2  1.0E+00    845 (0.0E+00) 1.8E-01  1.3204077E+03    168         s
   784      1  1.0E+00    846 (0.0E+00) 1.6E-01  1.3204075E+03    168
   785      2  1.0E+00    847 (0.0E+00) 2.7E-01  1.3204073E+03    167
   786      1  1.0E+00    848 (0.0E+00) 2.0E-01  1.3204071E+03    167
   787      1  1.0E+00    849 (0.0E+00) 1.5E-01  1.3204070E+03    167
   788      1  1.0E+00    850 (0.0E+00) 1.6E-01  1.3204069E+03    167
   789      1  1.0E+00    851 (0.0E+00) 2.2E-01  1.3204067E+03    167

 Major Minors     Step   nCon Feasible  Optimal  MeritFunction     nS Penalty
   790      1  1.0E+00    852 (0.0E+00) 1.6E-01  1.3204067E+03    167
   791      1  1.0E+00    853 (0.0E+00) 1.6E-01  1.3204067E+03    167
   792      1  1.0E+00    854 (0.0E+00) 2.1E-01  1.3204066E+03    167
   793      1  1.0E+00    855 (0.0E+00) 2.6E-01  1.3204066E+03    167           R
   794      1  1.0E+00    856 (0.0E+00) 1.6E-01  1.3204066E+03    167         s
   795      1  1.0E+00    857 (0.0E+00) 1.5E-01  1.3204066E+03    167
   796      1  1.0E+00    858 (0.0E+00) 2.4E-01  1.3204066E+03    167
   797      1  1.0E+00    859 (0.0E+00) 2.3E-01  1.3204066E+03    167
   798      1  1.0E+00    860 (0.0E+00) 1.9E-01  1.3204065E+03    167
   799      1  1.0E+00    861 (0.0E+00) 1.2E-01  1.3204065E+03    167

 Major Minors     Step   nCon Feasible  Optimal  MeritFunction     nS Penalty
   800      1  1.0E+00    862 (0.0E+00) 2.3E-01  1.3204065E+03    167
   801      1  1.0E+00    863 (0.0E+00) 3.0E-01  1.3204064E+03    167
   802      1  1.0E+00    864 (0.0E+00) 3.1E-01  1.3204063E+03    167
   803      1  1.0E+00    865 (0.0E+00) 3.0E-01  1.3204061E+03    167
   804      1  1.0E+00    866 (0.0E+00) 2.8E-01  1.3204059E+03    167           R
   805      1  1.0E+00    867 (0.0E+00) 1.2E-01  1.3204058E+03    167         s
   806      1  1.0E+00    868 (0.0E+00) 1.3E-01  1.3204057E+03    167
   807      1  1.0E+00    869 (0.0E+00) 1.4E-01  1.3204057E+03    167
   808      1  1.0E+00    870 (0.0E+00) 1.5E-01  1.3204056E+03    167
   809      1  1.0E+00    871 (0.0E+00) 1.6E-01  1.3204055E+03    167

 Major Minors     Step   nCon Feasible  Optimal  MeritFunction     nS Penalty
   810      1  1.0E+00    872 (0.0E+00) 1.9E-01  1.3204054E+03    167
   811      1  1.0E+00    873 (0.0E+00) 2.1E-01  1.3204054E+03    167
   812      1  1.0E+00    874 (0.0E+00) 2.2E-01  1.3204053E+03    167
   813      1  1.0E+00    875 (0.0E+00) 1.9E-01  1.3204053E+03    167
   814      1  1.0E+00    876 (0.0E+00) 1.3E-01  1.3204053E+03    167
   815      1  1.0E+00    877 (0.0E+00) 1.8E-01  1.3204053E+03    167           R
   816      1  1.0E+00    878 (0.0E+00) 2.3E-01  1.3204053E+03    167         s
   817      1  1.0E+00    879 (0.0E+00) 2.4E-01  1.3204052E+03    167
   818      1  1.0E+00    880 (0.0E+00) 1.2E-01  1.3204052E+03    167
   819      1  1.0E+00    881 (0.0E+00) 1.7E-01  1.3204051E+03    167

 Major Minors     Step   nCon Feasible  Optimal  MeritFunction     nS Penalty
   820      1  1.0E+00    882 (0.0E+00) 2.2E-01  1.3204050E+03    167
   821      1  1.0E+00    883 (0.0E+00) 2.4E-01  1.3204050E+03    167
   822      1  1.0E+00    884 (0.0E+00) 1.8E-01  1.3204049E+03    167
   823      1  1.0E+00    885 (0.0E+00) 1.5E-01  1.3204048E+03    167
   824      1  1.0E+00    886 (0.0E+00) 2.2E-01  1.3204046E+03    167
   825      1  1.0E+00    887 (0.0E+00) 2.9E-01  1.3204042E+03    167
   826      2  1.0E+00    888 (0.0E+00) 4.1E-01  1.3204036E+03    168           R
   827      1  1.0E+00    889 (0.0E+00) 2.1E-01  1.3204034E+03    168         s
   828      1  1.0E+00    890 (0.0E+00) 3.3E-01  1.3204032E+03    168
   829      3  1.0E+00    891 (0.0E+00) 3.8E-01  1.3204029E+03    167

 Major Minors     Step   nCon Feasible  Optimal  MeritFunction     nS Penalty
   830      2  1.0E+00    892 (0.0E+00) 2.9E-01  1.3204027E+03    168
   831      2  1.0E+00    893 (0.0E+00) 2.2E-01  1.3204026E+03    167
   832      1  1.0E+00    894 (0.0E+00) 1.4E-01  1.3204025E+03    167
   833      1  1.0E+00    895 (0.0E+00) 1.8E-01  1.3204024E+03    167
   834      1  1.0E+00    896 (0.0E+00) 2.1E-01  1.3204023E+03    167
   835      1  1.0E+00    897 (0.0E+00) 2.1E-01  1.3204022E+03    167
   836      1  1.0E+00    898 (0.0E+00) 1.8E-01  1.3204021E+03    167
   837      1  1.0E+00    899 (0.0E+00) 1.5E-01  1.3204021E+03    167           R
   838      1  1.0E+00    900 (0.0E+00) 1.4E-01  1.3204021E+03    167         s
   839      1  2.0E-01    902 (0.0E+00) 2.4E-01  1.3204020E+03    167

 Major Minors     Step   nCon Feasible  Optimal  MeritFunction     nS Penalty
   840      1  1.4E-01    904 (0.0E+00) 1.8E-01  1.3204020E+03    167
   841      1  2.3E-01    906 (0.0E+00) 2.2E-01  1.3204019E+03    167
   842      1  1.0E+00    907 (0.0E+00) 1.7E-01  1.3204018E+03    167
   843      1  1.0E+00    908 (0.0E+00) 2.1E-01  1.3204016E+03    167
   844      1  1.0E+00    909 (0.0E+00) 3.3E-01  1.3204003E+03    167
   845      1  1.0E+00    910 (0.0E+00) 3.1E-01  1.3203992E+03    167
   846      1  1.0E+00    911 (0.0E+00) 1.8E-01  1.3203975E+03    167
   847      1  1.0E+00    912 (0.0E+00) 4.5E-01  1.3203960E+03    167
   848      1  1.0E+00    913 (0.0E+00) 6.8E-01  1.3203940E+03    167           R
   849      3  1.0E+00    914 (0.0E+00) 3.1E-01  1.3203931E+03    169         s

 Major Minors     Step   nCon Feasible  Optimal  MeritFunction     nS Penalty
   850      3  5.8E-02    916 (0.0E+00) 3.7E-01  1.3203926E+03    167
   851      1  7.6E-02    918 (0.0E+00) 3.7E-01  1.3203920E+03    167
   852      1  1.0E+00    919 (0.0E+00) 2.6E-01  1.3203890E+03    167
   853      1  4.5E-01    921 (0.0E+00) 4.3E-01  1.3203880E+03    167
   854      1  1.0E+00    922 (0.0E+00) 2.8E-01  1.3203868E+03    167
   855      1  1.0E+00    923 (0.0E+00) 2.0E-01  1.3203865E+03    167
   856      1  1.0E+00    924 (0.0E+00) 2.6E-01  1.3203864E+03    167
   857      1  1.0E+00    925 (0.0E+00) 2.5E-01  1.3203862E+03    167
   858      1  1.0E+00    926 (0.0E+00) 1.8E-01  1.3203859E+03    167
   859      1  1.0E+00    927 (0.0E+00) 1.8E-01  1.3203855E+03    167           R

 Major Minors     Step   nCon Feasible  Optimal  MeritFunction     nS Penalty
   860      1  1.0E+00    928 (0.0E+00) 2.6E-01  1.3203855E+03    167         s
   861      1  2.6E-01    930 (0.0E+00) 3.2E-01  1.3203852E+03    167
   862      1  3.4E-01    932 (0.0E+00) 3.0E-01  1.3203850E+03    167
   863      1  1.0E+00    933 (0.0E+00) 2.5E-01  1.3203849E+03    167
   864      1  1.0E+00    934 (0.0E+00) 2.1E-01  1.3203848E+03    167
   865      1  1.0E+00    935 (0.0E+00) 1.5E-01  1.3203847E+03    167
   866      1  1.0E+00    936 (0.0E+00) 1.6E-01  1.3203846E+03    167
   867      1  1.0E+00    937 (0.0E+00) 1.8E-01  1.3203843E+03    167
   868      1  1.0E+00    938 (0.0E+00) 1.8E-01  1.3203838E+03    167
   869      1  1.0E+00    939 (0.0E+00) 1.6E-01  1.3203832E+03    167

 Major Minors     Step   nCon Feasible  Optimal  MeritFunction     nS Penalty
   870      1  1.0E+00    940 (0.0E+00) 2.1E-01  1.3203825E+03    167           R
   871      2  1.0E+00    941 (0.0E+00) 2.2E-01  1.3203823E+03    168         s
   872      3  2.7E-02    943 (0.0E+00) 3.3E-01  1.3203821E+03    167
   873      1  1.0E-01    945 (0.0E+00) 3.6E-01  1.3203819E+03    167
   874      1  1.0E+00    946 (0.0E+00) 2.6E-01  1.3203810E+03    167
   875      1  3.4E-01    948 (0.0E+00) 2.2E-01  1.3203807E+03    167
   876      1  1.0E+00    949 (0.0E+00) 2.2E-01  1.3203802E+03    167
   877      1  1.0E+00    950 (0.0E+00) 2.2E-01  1.3203800E+03    167
   878      1  1.0E+00    951 (0.0E+00) 1.5E-01  1.3203799E+03    167
   879      1  1.0E+00    952 (0.0E+00) 3.4E-01  1.3203792E+03    167

 Major Minors     Step   nCon Feasible  Optimal  MeritFunction     nS Penalty
   880      2  1.0E+00    953 (0.0E+00) 3.7E-01  1.3203779E+03    167
   881      6  1.0E+00    954 (0.0E+00) 3.6E-01  1.3203744E+03    172           R
   882      4  3.7E-02    956 (0.0E+00) 3.9E-01  1.3203737E+03    170         s
   883      1  1.0E+00    957 (0.0E+00) 4.1E-01  1.3203734E+03    170
   884      3  1.0E+00    958 (0.0E+00) 3.8E-01  1.3203731E+03    169
   885      3  1.0E+00    959 (0.0E+00) 3.4E-01  1.3203730E+03    169
   886      1  1.0E+00    960 (0.0E+00) 1.5E-01  1.3203727E+03    169
   887      1  1.0E+00    961 (0.0E+00) 1.4E-01  1.3203726E+03    169
   888      3  1.0E+00    962 (0.0E+00) 1.7E-01  1.3203725E+03    168
   889      3  1.0E+00    963 (0.0E+00) 1.9E-01  1.3203725E+03    168

 Major Minors     Step   nCon Feasible  Optimal  MeritFunction     nS Penalty
   890      1  1.0E+00    964 (0.0E+00) 2.5E-01  1.3203723E+03    168
   891      2  1.0E+00    965 (0.0E+00) 3.1E-01  1.3203722E+03    169
   892      1  1.0E+00    966 (0.0E+00) 3.8E-01  1.3203721E+03    169           R
   893      3  1.0E+00    967 (0.0E+00) 4.1E-01  1.3203720E+03    167         s
   894      1  1.0E+00    968 (0.0E+00) 2.6E-01  1.3203720E+03    167
   895      1  1.0E+00    969 (0.0E+00) 2.9E-01  1.3203716E+03    167
   896      1  1.0E+00    970 (0.0E+00) 3.4E-01  1.3203715E+03    167
   897      1  1.0E+00    971 (0.0E+00) 3.4E-01  1.3203713E+03    167
   898      1  1.0E+00    972 (0.0E+00) 2.6E-01  1.3203711E+03    167
   899      1  1.0E+00    973 (0.0E+00) 1.8E-01  1.3203707E+03    167

 Major Minors     Step   nCon Feasible  Optimal  MeritFunction     nS Penalty
   900      1  1.0E+00    974 (0.0E+00) 1.3E-01  1.3203702E+03    167
   901      1  1.0E+00    975 (0.0E+00) 1.8E-01  1.3203700E+03    167
   902      1  1.0E+00    976 (0.0E+00) 2.6E-01  1.3203699E+03    167
   903      1  1.0E+00    977 (0.0E+00) 2.5E-01  1.3203699E+03    167           R
   904      1  1.0E+00    978 (0.0E+00) 2.9E-01  1.3203698E+03    167         s
   905      1  1.0E+00    979 (0.0E+00) 2.8E-01  1.3203698E+03    167
   906      1  1.0E+00    980 (0.0E+00) 1.9E-01  1.3203698E+03    167
   907      1  1.0E+00    981 (0.0E+00) 1.9E-01  1.3203697E+03    167
   908      1  1.0E+00    982 (0.0E+00) 2.2E-01  1.3203697E+03    167
   909      1  1.0E+00    983 (0.0E+00) 1.8E-01  1.3203696E+03    167

 Major Minors     Step   nCon Feasible  Optimal  MeritFunction     nS Penalty
   910      1  1.0E+00    984 (0.0E+00) 1.7E-01  1.3203694E+03    167
   911      1  1.0E+00    985 (0.0E+00) 3.7E-01  1.3203690E+03    167
   912      1  1.0E+00    986 (0.0E+00) 4.3E-01  1.3203687E+03    167
   913      1  1.0E+00    987 (0.0E+00) 4.3E-01  1.3203683E+03    167
   914      1  1.0E+00    988 (0.0E+00) 3.4E-01  1.3203681E+03    167           R
   915      1  1.0E+00    989 (0.0E+00) 2.7E-01  1.3203680E+03    167         s
   916      2  4.3E-01    991 (0.0E+00) 3.3E-01  1.3203678E+03    168
   917      1  8.6E-02    993 (0.0E+00) 3.5E-01  1.3203676E+03    168
   918      2  2.0E-01    995 (0.0E+00) 2.1E-01  1.3203674E+03    167
   919      1  1.0E+00    996 (0.0E+00) 2.3E-01  1.3203670E+03    167

 Major Minors     Step   nCon Feasible  Optimal  MeritFunction     nS Penalty
   920      1  1.0E+00    997 (0.0E+00) 2.6E-01  1.3203664E+03    167
   921      1  1.0E+00    998 (0.0E+00) 2.0E-01  1.3203663E+03    167
   922      1  1.0E+00    999 (0.0E+00) 1.4E-01  1.3203662E+03    167
   923      1  1.0E+00   1000 (0.0E+00) 2.2E-01  1.3203660E+03    167
   924      1  1.0E+00   1001 (0.0E+00) 2.5E-01  1.3203657E+03    167
   925      1  1.0E+00   1002 (0.0E+00) 2.4E-01  1.3203653E+03    167           R
   926      1  1.0E+00   1003 (0.0E+00) 3.1E-01  1.3203652E+03    167         s
   927      1  1.1E-01   1005 (0.0E+00) 3.5E-01  1.3203652E+03    167
   928      1  1.0E+00   1006 (0.0E+00) 2.0E-01  1.3203650E+03    167
   929      1  4.9E-01   1008 (0.0E+00) 2.4E-01  1.3203649E+03    167

 Major Minors     Step   nCon Feasible  Optimal  MeritFunction     nS Penalty
   930      1  1.0E+00   1009 (0.0E+00) 1.9E-01  1.3203647E+03    167
   931      1  1.0E+00   1010 (0.0E+00) 2.7E-01  1.3203646E+03    167
   932      1  1.0E+00   1011 (0.0E+00) 3.0E-01  1.3203645E+03    167
   933      1  1.0E+00   1012 (0.0E+00) 3.0E-01  1.3203643E+03    167
   934      1  1.0E+00   1013 (0.0E+00) 2.7E-01  1.3203641E+03    167
   935      1  1.0E+00   1014 (0.0E+00) 1.7E-01  1.3203641E+03    167
   936      1  1.0E+00   1015 (0.0E+00) 2.2E-01  1.3203640E+03    167           R
   937      1  2.9E-01   1017 (0.0E+00) 1.8E-01  1.3203640E+03    167         s
   938      1  1.0E+00   1018 (0.0E+00) 1.9E-01  1.3203639E+03    167
   939      1  1.0E+00   1019 (0.0E+00) 2.0E-01  1.3203638E+03    167

 Major Minors     Step   nCon Feasible  Optimal  MeritFunction     nS Penalty
   940      1  1.0E+00   1020 (0.0E+00) 1.8E-01  1.3203637E+03    167
   941      1  1.0E+00   1021 (0.0E+00) 1.9E-01  1.3203637E+03    167
   942      1  1.0E+00   1022 (0.0E+00) 2.1E-01  1.3203637E+03    167
   943      1  1.0E+00   1023 (0.0E+00) 2.2E-01  1.3203636E+03    167
   944      1  1.0E+00   1024 (0.0E+00) 2.1E-01  1.3203636E+03    167
   945      1  1.0E+00   1025 (0.0E+00) 1.6E-01  1.3203635E+03    167
   946      1  1.0E+00   1026 (0.0E+00) 2.0E-01  1.3203634E+03    167
   947      1  1.0E+00   1027 (0.0E+00) 2.7E-01  1.3203634E+03    167           R
   948      1  1.0E+00   1028 (0.0E+00) 2.7E-01  1.3203633E+03    167         s
   949      1  5.4E-02   1030 (0.0E+00) 1.9E-01  1.3203633E+03    167

 Major Minors     Step   nCon Feasible  Optimal  MeritFunction     nS Penalty
   950      1  3.9E-01   1032 (0.0E+00) 2.4E-01  1.3203631E+03    167
   951      1  1.7E-01   1034 (0.0E+00) 1.4E-01  1.3203631E+03    167
   952      1  1.0E+00   1035 (0.0E+00) 1.4E-01  1.3203630E+03    167
   953      1  1.0E+00   1036 (0.0E+00) 1.4E-01  1.3203630E+03    167
   954      1  1.0E+00   1037 (0.0E+00) 1.6E-01  1.3203627E+03    167
   955      1  1.0E+00   1038 (0.0E+00) 1.6E-01  1.3203624E+03    167
   956      1  1.0E+00   1039 (0.0E+00) 1.9E-01  1.3203616E+03    167
   957      2  1.0E+00   1040 (0.0E+00) 2.2E-01  1.3203601E+03    167
   958      1  1.0E+00   1041 (0.0E+00) 2.3E-01  1.3203577E+03    167           R
   959      1  1.2E-01   1043 (0.0E+00) 2.8E-01  1.3203574E+03    167         s

 Major Minors     Step   nCon Feasible  Optimal  MeritFunction     nS Penalty
   960      1  1.0E+00   1044 (0.0E+00) 2.0E-01  1.3203567E+03    167
   961      2  1.0E+00   1045 (0.0E+00) 4.6E-01  1.3203565E+03    168
   962      1  1.0E+00   1046 (0.0E+00) 4.9E-01  1.3203562E+03    168
   963      1  1.0E+00   1047 (0.0E+00) 4.6E-01  1.3203556E+03    168
   964      1  1.0E+00   1048 (0.0E+00) 4.5E-01  1.3203549E+03    168
   965      1  1.0E+00   1049 (0.0E+00) 4.4E-01  1.3203545E+03    168
   966      1  1.0E+00   1050 (0.0E+00) 3.2E-01  1.3203543E+03    168
   967      3  1.0E+00   1051 (0.0E+00) 1.9E-01  1.3203541E+03    167
   968      2  1.0E+00   1052 (0.0E+00) 2.8E-01  1.3203539E+03    168
   969      2  1.0E+00   1053 (0.0E+00) 3.3E-01  1.3203535E+03    167           R

 Major Minors     Step   nCon Feasible  Optimal  MeritFunction     nS Penalty
   970      1  1.0E+00   1054 (0.0E+00) 1.8E-01  1.3203534E+03    167         s
   971      1  1.0E+00   1055 (0.0E+00) 1.5E-01  1.3203533E+03    167
   972      1  1.0E+00   1056 (0.0E+00) 1.5E-01  1.3203533E+03    167
   973      1  1.0E+00   1057 (0.0E+00) 1.1E-01  1.3203532E+03    167
   974      1  1.0E+00   1058 (0.0E+00) 1.8E-01  1.3203532E+03    167
   975      1  1.0E+00   1059 (0.0E+00) 2.7E-01  1.3203531E+03    167
   976      1  1.0E+00   1060 (0.0E+00) 3.0E-01  1.3203531E+03    167
   977      1  1.0E+00   1061 (0.0E+00) 2.8E-01  1.3203530E+03    167
   978      1  1.0E+00   1062 (0.0E+00) 2.4E-01  1.3203529E+03    167
   979      1  1.0E+00   1063 (0.0E+00) 1.6E-01  1.3203529E+03    167

 Major Minors     Step   nCon Feasible  Optimal  MeritFunction     nS Penalty
   980      1  1.0E+00   1064 (0.0E+00) 1.7E-01  1.3203529E+03    167           R
   981      1  1.0E+00   1065 (0.0E+00) 2.2E-01  1.3203529E+03    167         s
   982      1  1.0E+00   1066 (0.0E+00) 1.8E-01  1.3203528E+03    167
   983      1  1.0E+00   1067 (0.0E+00) 1.3E-01  1.3203528E+03    167
   984      1  1.0E+00   1068 (0.0E+00) 1.5E-01  1.3203528E+03    167
   985      1  1.0E+00   1069 (0.0E+00) 2.0E-01  1.3203528E+03    167
   986      1  1.0E+00   1070 (0.0E+00) 2.4E-01  1.3203528E+03    167
   987      1  1.0E+00   1071 (0.0E+00) 2.3E-01  1.3203527E+03    167
   988      1  1.0E+00   1072 (0.0E+00) 2.0E-01  1.3203527E+03    167
   989      1  1.0E+00   1073 (0.0E+00) 1.4E-01  1.3203526E+03    167

 Major Minors     Step   nCon Feasible  Optimal  MeritFunction     nS Penalty
   990      1  1.0E+00   1074 (0.0E+00) 2.3E-01  1.3203526E+03    167
   991      1  1.0E+00   1075 (0.0E+00) 2.7E-01  1.3203526E+03    167           R
   992      1  1.0E+00   1076 (0.0E+00) 2.2E-01  1.3203525E+03    167         s
   993      1  1.0E+00   1077 (0.0E+00) 2.0E-01  1.3203525E+03    167
   994      1  2.7E-01   1079 (0.0E+00) 2.4E-01  1.3203525E+03    167
   995      1  1.0E+00   1080 (0.0E+00) 2.3E-01  1.3203524E+03    167
   996      1  1.0E+00   1081 (0.0E+00) 1.4E-01  1.3203524E+03    167
   997      1  1.0E+00   1082 (0.0E+00) 1.7E-01  1.3203524E+03    167
   998      1  1.0E+00   1083 (0.0E+00) 2.1E-01  1.3203523E+03    167
   999      1  1.0E+00   1084 (0.0E+00) 2.0E-01  1.3203523E+03    167

 Major Minors     Step   nCon Feasible  Optimal  MeritFunction     nS Penalty
  1000      1  1.0E+00   1085 (0.0E+00) 1.5E-01  1.3203522E+03    167
 
 SNOPTC EXIT  30 -- resource limit error
 SNOPTC INFO  32 -- major iteration limit reached

 Problem name                 roseCar
 No. of iterations                2015   Objective            1.3203521604E+03
 No. of major iterations          1000   Linear    obj. term  0.0000000000E+00
 Penalty parameter           0.000E+00   Nonlinear obj. term  1.3203521604E+03
 User function calls (total)      1086
 No. of superbasics                167   No. of basic nonlinears             0
 No. of degenerate steps            15   Percentage                       0.74
 Max x                       1 1.0E+01   Max pi                      1 0.0E+00
 Max Primal infeas           0 0.0E+00   Max Dual infeas            14 1.0E+00
 Nonlinear constraint violn    0.0E+00
 
 

 Solution printed on file  18
 
 Time for MPS input                             0.00 seconds
 Time for solving problem                     179.72 seconds
 Time for solution output                       0.00 seconds
 Time for constraint functions                178.22 seconds
 Time for objective function                    0.00 seconds
