
 ==============================
 S N O P T  7.7.1    (Nov 2018)
 ==============================
 
 SNMEMB EXIT 100 -- finished successfully
 SNMEMB INFO 104 -- memory requirements estimated

 ==============================
 S N O P T  7.7.1    (Nov 2018)
 ==============================
 
 

 Nonlinear constraints       1     Linear constraints       0
 Nonlinear variables        28     Linear variables         0
 Jacobian  variables        28     Objective variables     28
 Total constraints           1     Total variables         28
 

 
 The user has defined      28   out of      28   constraint gradients.
 The user has defined      28   out of      28   objective  gradients.
 

 Major Minors     Step   nCon Feasible  Optimal  MeritFunction     nS Penalty
     0     25               1 (0.0E+00) 7.5E-01  8.2207642E+03     25           r
     1      1  3.2E-01      2 (0.0E+00) 8.0E-01  6.9613483E+03     25           rl
     2      1  4.1E-01      3 (0.0E+00) 6.5E-01  5.9992472E+03     25         s  l
     3      1  7.4E-01      5 (0.0E+00) 5.6E-01  3.7365717E+03     25
     4      1  6.4E-01      7 (0.0E+00) 5.7E-01  3.5291770E+03     25
     5      2  1.0E+00      8 (0.0E+00) 1.0E+00  3.0455236E+03     25
     6      4  4.9E-01     10 (0.0E+00) 5.1E-01  2.4123542E+03     22
     7      6  1.7E-01     12 (0.0E+00) 6.2E-01  2.1585445E+03     25
     8      2  2.3E-01     14 (0.0E+00) 6.6E-01  1.8848058E+03     25
     9      1  1.0E+00     15 (0.0E+00) 8.3E-01  1.7969143E+03     25

 Major Minors     Step   nCon Feasible  Optimal  MeritFunction     nS Penalty
    10      1  1.0E+00     16 (0.0E+00) 8.4E-01  1.6517023E+03     25
    11      1  1.0E+00     17 (0.0E+00) 3.7E-01  1.5987324E+03     25
    12      2  1.0E+00     18 (0.0E+00) 6.7E-01  1.5072355E+03     25
    13      2  1.0E+00     19 (0.0E+00) 8.4E-01  1.3954423E+03     25
    14      3  1.0E+00     20 (0.0E+00) 8.2E-01  1.3394681E+03     23
    15      4  1.0E+00     21 (0.0E+00) 5.8E-01  1.2805967E+03     24
    16      2  1.0E+00     22 (0.0E+00) 6.5E-01  1.2270922E+03     23
    17      1  1.0E+00     23 (0.0E+00) 6.5E-01  1.1934493E+03     23
    18      4  1.0E+00     24 (0.0E+00) 7.7E-01  1.1666492E+03     20
    19      2  1.0E+00     25 (0.0E+00) 8.0E-01  1.1585324E+03     19

 Major Minors     Step   nCon Feasible  Optimal  MeritFunction     nS Penalty
    20      2  1.0E+00     26 (0.0E+00) 8.7E-01  1.1538170E+03     20
    21      4  1.0E+00     27 (0.0E+00) 6.0E-01  1.1332092E+03     19
    22      2  1.0E+00     28 (0.0E+00) 4.2E-01  1.1265343E+03     20
    23      1  1.0E+00     29 (0.0E+00) 5.5E-01  1.1245038E+03     20
    24      1  1.0E+00     30 (0.0E+00) 7.9E-01  1.1189990E+03     20
    25      2  1.0E+00     31 (0.0E+00) 7.7E-01  1.1153494E+03     19
    26      3  1.0E+00     32 (0.0E+00) 7.6E-01  1.1086801E+03     19
    27      1  1.0E+00     33 (0.0E+00) 7.5E-01  1.1037815E+03     19
    28      2  1.0E+00     34 (0.0E+00) 5.4E-01  1.1016634E+03     18
    29      1  1.0E+00     35 (0.0E+00) 1.8E-01  1.1008098E+03     18

 Major Minors     Step   nCon Feasible  Optimal  MeritFunction     nS Penalty
    30      1  1.0E+00     36 (0.0E+00) 1.9E-01  1.1004749E+03     18
    31      1  1.0E+00     37 (0.0E+00) 1.8E-01  1.1001595E+03     18
    32      1  1.0E+00     38 (0.0E+00) 1.8E-01  1.1000080E+03     18
    33      1  1.0E+00     39 (0.0E+00) 1.9E-01  1.0998431E+03     18
    34      1  1.0E+00     40 (0.0E+00) 1.8E-01  1.0996503E+03     18
    35      1  1.0E+00     41 (0.0E+00) 1.7E-01  1.0993651E+03     18
    36      1  1.0E+00     42 (0.0E+00) 1.4E-01  1.0990692E+03     18
    37      1  1.0E+00     43 (0.0E+00) 7.7E-02  1.0988353E+03     18
    38      1  1.0E+00     44 (0.0E+00) 8.7E-02  1.0986685E+03     18
    39      1  1.0E+00     45 (0.0E+00) 9.7E-02  1.0985489E+03     18

 Major Minors     Step   nCon Feasible  Optimal  MeritFunction     nS Penalty
    40      1  1.0E+00     46 (0.0E+00) 5.7E-02  1.0984897E+03     18
    41      1  1.0E+00     47 (0.0E+00) 2.5E-02  1.0984725E+03     18
    42      1  1.0E+00     48 (0.0E+00) 2.4E-02  1.0984658E+03     18
    43      2  1.0E+00     49 (0.0E+00) 3.9E-02  1.0984546E+03     17
    44      1  1.0E+00     50 (0.0E+00) 5.2E-02  1.0984330E+03     17
    45      1  1.0E+00     51 (0.0E+00) 5.2E-02  1.0984028E+03     17
    46      1  1.0E+00     52 (0.0E+00) 3.5E-02  1.0983789E+03     17
    47      1  1.0E+00     53 (0.0E+00) 1.5E-02  1.0983708E+03     17
    48      1  1.0E+00     54 (0.0E+00) 1.8E-02  1.0983683E+03     17
    49      1  1.0E+00     55 (0.0E+00) 2.2E-02  1.0983658E+03     17

 Major Minors     Step   nCon Feasible  Optimal  MeritFunction     nS Penalty
    50      1  1.0E+00     56 (0.0E+00) 2.6E-02  1.0983601E+03     17
    51      1  1.0E+00     57 (0.0E+00) 3.0E-02  1.0983514E+03     17
    52      1  1.0E+00     58 (0.0E+00) 2.3E-02  1.0983430E+03     17
    53      1  1.0E+00     59 (0.0E+00) 9.6E-03  1.0983396E+03     17
    54      1  1.0E+00     60 (0.0E+00) 2.0E-03  1.0983392E+03     17
    55      1  1.0E+00     61 (0.0E+00) 1.7E-03  1.0983391E+03     17
    56      1  1.0E+00     62 (0.0E+00) 1.8E-03  1.0983391E+03     17
    57      1  1.0E+00     63 (0.0E+00) 2.3E-03  1.0983390E+03     17
    58      1  1.0E+00     64 (0.0E+00) 2.9E-03  1.0983388E+03     17
    59      1  1.0E+00     65 (0.0E+00) 3.1E-03  1.0983385E+03     17

 Major Minors     Step   nCon Feasible  Optimal  MeritFunction     nS Penalty
    60      1  1.0E+00     66 (0.0E+00) 2.0E-03  1.0983383E+03     17
    61      1  1.0E+00     67 (0.0E+00) 4.7E-04  1.0983382E+03     17
    62      1  1.0E+00     68 (0.0E+00) 2.1E-04  1.0983382E+03     17
    63      1  1.0E+00     69 (0.0E+00) 2.0E-04  1.0983382E+03     17
    64      1  1.0E+00     70 (0.0E+00) 2.0E-04  1.0983382E+03     17
    65      1  1.0E+00     71 (0.0E+00) 1.7E-04  1.0983382E+03     17
    66      1  1.0E+00     72 (0.0E+00) 1.4E-04  1.0983382E+03     17
    67      1  1.0E+00     73 (0.0E+00) 1.6E-04  1.0983382E+03     17
    68      1  1.0E+00     74 (0.0E+00) 1.1E-04  1.0983382E+03     17
    69      1  1.0E+00     75 (0.0E+00) 5.4E-05  1.0983382E+03     17

 Major Minors     Step   nCon Feasible  Optimal  MeritFunction     nS Penalty
    70      1  1.0E+00     76 (0.0E+00) 6.2E-05  1.0983382E+03     17
    71      1  1.0E+00     77 (0.0E+00) 6.1E-05  1.0983382E+03     17
    72      1  1.0E+00     78 (0.0E+00) 5.9E-05  1.0983382E+03     17
    73      1  1.0E+00     79 (0.0E+00) 5.0E-05  1.0983382E+03     17
    74      1  1.0E+00     80 (0.0E+00) 3.4E-05  1.0983382E+03     17
    75      1  1.0E+00     81 (0.0E+00) 2.0E-05  1.0983382E+03     17
    76      1  1.0E+00     82 (0.0E+00) 8.0E-06  1.0983382E+03     17
    77      1  1.0E+00     83 (0.0E+00) 5.4E-06  1.0983382E+03     17
    78      1  1.0E+00     84 (0.0E+00) 5.2E-06  1.0983382E+03     17
    79      1  1.0E+00     85 (0.0E+00) 5.1E-06  1.0983382E+03     17

 Major Minors     Step   nCon Feasible  Optimal  MeritFunction     nS Penalty
    80      1  1.0E+00     86 (0.0E+00) 4.9E-06  1.0983382E+03     17
    81      1  1.0E+00     87 (0.0E+00) 4.3E-06  1.0983382E+03     17
    82      1  1.0E+00     88 (0.0E+00) 3.1E-06  1.0983382E+03     17
    83      1  1.0E+00     89 (0.0E+00) 2.9E-06  1.0983382E+03     17
    84      1  1.0E+00     90 (0.0E+00)(2.0E-06) 1.0983382E+03     17
 
 SNOPTC EXIT   0 -- finished successfully
 SNOPTC INFO   1 -- optimality conditions satisfied

 Problem name                 roseCar
 No. of iterations                 141   Objective            1.0983381516E+03
 No. of major iterations            84   Linear    obj. term  0.0000000000E+00
 Penalty parameter           0.000E+00   Nonlinear obj. term  1.0983381516E+03
 User function calls (total)        91
 No. of superbasics                 17   No. of basic nonlinears             0
 No. of degenerate steps             0   Percentage                       0.00
 Max x                       1 1.0E+01   Max pi                      1 0.0E+00
 Max Primal infeas           0 0.0E+00   Max Dual infeas             9 1.8E-05
 Nonlinear constraint violn    0.0E+00
 
 

 Solution printed on file  18
 
 Time for MPS input                             0.00 seconds
 Time for solving problem                       0.66 seconds
 Time for solution output                       0.00 seconds
 Time for constraint functions                  0.62 seconds
 Time for objective function                    0.00 seconds
